2020-01-12 18:59:08.363 [main] [StartupInfoLogger.java:50] INFO  com.tjhnode.DataserviceApplication - Starting DataserviceApplication on tjh with PID 4288 (D:\JavaProject\dataservice\target\classes started by My in D:\JavaProject\dataservice) 
2020-01-12 18:59:08.412 [main] [SpringApplication.java:675] INFO  com.tjhnode.DataserviceApplication - No active profile set, falling back to default profiles: default 
2020-01-12 18:59:10.838 [main] [RepositoryConfigurationDelegate.java:244] INFO  org.springframework.data.repository.config.RepositoryConfigurationDelegate - Multiple Spring Data modules found, entering strict repository configuration mode! 
2020-01-12 18:59:10.842 [main] [RepositoryConfigurationDelegate.java:126] INFO  org.springframework.data.repository.config.RepositoryConfigurationDelegate - Bootstrapping Spring Data repositories in DEFAULT mode. 
2020-01-12 18:59:10.900 [main] [RepositoryConfigurationDelegate.java:182] INFO  org.springframework.data.repository.config.RepositoryConfigurationDelegate - Finished Spring Data repository scanning in 29ms. Found 0 repository interfaces. 
2020-01-12 18:59:11.412 [main] [PostProcessorRegistrationDelegate.java:330] INFO  org.springframework.context.support.PostProcessorRegistrationDelegate$BeanPostProcessorChecker - Bean 'org.springframework.transaction.annotation.ProxyTransactionManagementConfiguration' of type [org.springframework.transaction.annotation.ProxyTransactionManagementConfiguration$$EnhancerBySpringCGLIB$$dceb96dc] is not eligible for getting processed by all BeanPostProcessors (for example: not eligible for auto-proxying) 
2020-01-12 18:59:11.507 [main] [PostProcessorRegistrationDelegate.java:330] INFO  org.springframework.context.support.PostProcessorRegistrationDelegate$BeanPostProcessorChecker - Bean 'spring.datasource.dynamic-com.baomidou.dynamic.datasource.spring.boot.autoconfigure.DynamicDataSourceProperties' of type [com.baomidou.dynamic.datasource.spring.boot.autoconfigure.DynamicDataSourceProperties] is not eligible for getting processed by all BeanPostProcessors (for example: not eligible for auto-proxying) 
2020-01-12 18:59:11.509 [main] [PostProcessorRegistrationDelegate.java:330] INFO  org.springframework.context.support.PostProcessorRegistrationDelegate$BeanPostProcessorChecker - Bean 'com.baomidou.dynamic.datasource.spring.boot.autoconfigure.DynamicDataSourceAutoConfiguration' of type [com.baomidou.dynamic.datasource.spring.boot.autoconfigure.DynamicDataSourceAutoConfiguration$$EnhancerBySpringCGLIB$$467a07ad] is not eligible for getting processed by all BeanPostProcessors (for example: not eligible for auto-proxying) 
2020-01-12 18:59:11.517 [main] [PostProcessorRegistrationDelegate.java:330] INFO  org.springframework.context.support.PostProcessorRegistrationDelegate$BeanPostProcessorChecker - Bean 'dsProcessor' of type [com.baomidou.dynamic.datasource.processor.DsHeaderProcessor] is not eligible for getting processed by all BeanPostProcessors (for example: not eligible for auto-proxying) 
2020-01-12 18:59:11.523 [main] [PostProcessorRegistrationDelegate.java:330] INFO  org.springframework.context.support.PostProcessorRegistrationDelegate$BeanPostProcessorChecker - Bean 'dynamicDatasourceAnnotationAdvisor' of type [com.baomidou.dynamic.datasource.aop.DynamicDataSourceAnnotationAdvisor] is not eligible for getting processed by all BeanPostProcessors (for example: not eligible for auto-proxying) 
2020-01-12 18:59:12.180 [main] [TomcatWebServer.java:90] INFO  org.springframework.boot.web.embedded.tomcat.TomcatWebServer - Tomcat initialized with port(s): 81 (http) 
2020-01-12 18:59:12.212 [main] [DirectJDKLog.java:173] INFO  org.apache.coyote.http11.Http11NioProtocol - Initializing ProtocolHandler ["http-nio-81"] 
2020-01-12 18:59:12.232 [main] [DirectJDKLog.java:173] INFO  org.apache.catalina.core.StandardService - Starting service [Tomcat] 
2020-01-12 18:59:12.232 [main] [DirectJDKLog.java:173] INFO  org.apache.catalina.core.StandardEngine - Starting Servlet engine: [Apache Tomcat/9.0.16] 
2020-01-12 18:59:12.241 [main] [DirectJDKLog.java:173] INFO  org.apache.catalina.core.AprLifecycleListener - Loaded APR based Apache Tomcat Native library [1.2.21] using APR version [1.6.5]. 
2020-01-12 18:59:12.242 [main] [DirectJDKLog.java:173] INFO  org.apache.catalina.core.AprLifecycleListener - APR capabilities: IPv6 [true], sendfile [true], accept filters [false], random [true]. 
2020-01-12 18:59:12.242 [main] [DirectJDKLog.java:173] INFO  org.apache.catalina.core.AprLifecycleListener - APR/OpenSSL configuration: useAprConnector [false], useOpenSSL [true] 
2020-01-12 18:59:13.330 [main] [DirectJDKLog.java:173] INFO  org.apache.catalina.core.AprLifecycleListener - OpenSSL successfully initialized [OpenSSL 1.0.2q  20 Nov 2018] 
2020-01-12 18:59:13.515 [main] [DirectJDKLog.java:173] INFO  org.apache.catalina.core.ContainerBase.[Tomcat].[localhost].[/] - Initializing Spring embedded WebApplicationContext 
2020-01-12 18:59:13.515 [main] [ServletWebServerApplicationContext.java:296] INFO  org.springframework.web.context.ContextLoader - Root WebApplicationContext: initialization completed in 5025 ms 
2020-01-12 18:59:13.762 [main] [DynamicDataSourceCreator.java:113] INFO  com.baomidou.dynamic.datasource.DynamicDataSourceCreator - 动态数据源-检测到druid存在,如配置中未指定type,druid会默认配置 
2020-01-12 18:59:16.230 [main] [DruidDataSource.java:930] INFO  com.alibaba.druid.pool.DruidDataSource - {dataSource-1,master} inited 
2020-01-12 18:59:16.317 [main] [DruidDataSource.java:930] INFO  com.alibaba.druid.pool.DruidDataSource - {dataSource-2,appconfig} inited 
2020-01-12 18:59:16.400 [main] [DruidDataSource.java:930] INFO  com.alibaba.druid.pool.DruidDataSource - {dataSource-3,applog} inited 
2020-01-12 18:59:16.464 [main] [DruidDataSource.java:930] INFO  com.alibaba.druid.pool.DruidDataSource - {dataSource-4,app} inited 
2020-01-12 18:59:16.465 [main] [DynamicRoutingDataSource.java:203] INFO  com.baomidou.dynamic.datasource.DynamicRoutingDataSource - 初始共加载 4 个数据源 
2020-01-12 18:59:16.465 [main] [DynamicRoutingDataSource.java:142] INFO  com.baomidou.dynamic.datasource.DynamicRoutingDataSource - 动态数据源-加载 appconfig 成功 
2020-01-12 18:59:16.465 [main] [DynamicRoutingDataSource.java:142] INFO  com.baomidou.dynamic.datasource.DynamicRoutingDataSource - 动态数据源-加载 app 成功 
2020-01-12 18:59:16.465 [main] [DynamicRoutingDataSource.java:142] INFO  com.baomidou.dynamic.datasource.DynamicRoutingDataSource - 动态数据源-加载 master 成功 
2020-01-12 18:59:16.466 [main] [DynamicRoutingDataSource.java:142] INFO  com.baomidou.dynamic.datasource.DynamicRoutingDataSource - 动态数据源-加载 applog 成功 
2020-01-12 18:59:16.466 [main] [DynamicRoutingDataSource.java:212] INFO  com.baomidou.dynamic.datasource.DynamicRoutingDataSource - 当前的默认数据源是单数据源，数据源名为 appconfig 
2020-01-12 18:59:16.853 [main] [TableInfoHelper.java:250] WARN  com.baomidou.mybatisplus.core.toolkit.TableInfoHelper - Warn: Could not find @TableId in Class: com.tjhnode.dataservice.model.entities.ClassificationModel. 
2020-01-12 18:59:16.890 [main] [TableInfoHelper.java:250] WARN  com.baomidou.mybatisplus.core.toolkit.TableInfoHelper - Warn: Could not find @TableId in Class: com.tjhnode.dataservice.model.entities.ConfigItemModel. 
2020-01-12 18:59:16.923 [main] [TableInfoHelper.java:250] WARN  com.baomidou.mybatisplus.core.toolkit.TableInfoHelper - Warn: Could not find @TableId in Class: com.tjhnode.dataservice.model.entities.Enumparameters. 
2020-01-12 18:59:16.953 [main] [TableInfoHelper.java:250] WARN  com.baomidou.mybatisplus.core.toolkit.TableInfoHelper - Warn: Could not find @TableId in Class: com.tjhnode.dataservice.model.entities.ParametersConfig. 
2020-01-12 18:59:16.983 [main] [TableInfoHelper.java:250] WARN  com.baomidou.mybatisplus.core.toolkit.TableInfoHelper - Warn: Could not find @TableId in Class: com.tjhnode.dataservice.model.entities.SqlConfigModel. 
2020-01-12 18:59:17.962 [main] [PropertySourcedRequestMappingHandlerMapping.java:69] INFO  springfox.documentation.spring.web.PropertySourcedRequestMappingHandlerMapping - Mapped URL path [/v2/api-docs] onto method [public org.springframework.http.ResponseEntity<springfox.documentation.spring.web.json.Json> springfox.documentation.swagger2.web.Swagger2Controller.getDocumentation(java.lang.String,javax.servlet.http.HttpServletRequest)] 
2020-01-12 18:59:18.233 [main] [ExecutorConfigurationSupport.java:171] INFO  org.springframework.scheduling.concurrent.ThreadPoolTaskExecutor - Initializing ExecutorService 'applicationTaskExecutor' 
2020-01-12 18:59:19.330 [main] [DocumentationPluginsBootstrapper.java:147] INFO  springfox.documentation.spring.web.plugins.DocumentationPluginsBootstrapper - Context refreshed 
2020-01-12 18:59:19.373 [main] [DocumentationPluginsBootstrapper.java:150] INFO  springfox.documentation.spring.web.plugins.DocumentationPluginsBootstrapper - Found 1 custom documentation plugin(s) 
2020-01-12 18:59:19.432 [main] [ApiListingReferenceScanner.java:41] INFO  springfox.documentation.spring.web.scanners.ApiListingReferenceScanner - Scanning for api listing references 
2020-01-12 18:59:19.694 [main] [CachingOperationNameGenerator.java:40] INFO  springfox.documentation.spring.web.readers.operation.CachingOperationNameGenerator - Generating unique operation named: deleteConfigItemUsingPOST_1 
2020-01-12 18:59:19.705 [main] [CachingOperationNameGenerator.java:40] INFO  springfox.documentation.spring.web.readers.operation.CachingOperationNameGenerator - Generating unique operation named: insertConfigItemUsingPOST_1 
2020-01-12 18:59:19.707 [main] [CachingOperationNameGenerator.java:40] INFO  springfox.documentation.spring.web.readers.operation.CachingOperationNameGenerator - Generating unique operation named: updateConfigItemUsingPOST_1 
2020-01-12 18:59:19.737 [main] [DirectJDKLog.java:173] INFO  org.apache.coyote.http11.Http11NioProtocol - Starting ProtocolHandler ["http-nio-81"] 
2020-01-12 18:59:19.764 [main] [TomcatWebServer.java:204] INFO  org.springframework.boot.web.embedded.tomcat.TomcatWebServer - Tomcat started on port(s): 81 (http) with context path '' 
2020-01-12 18:59:19.767 [main] [StartupInfoLogger.java:59] INFO  com.tjhnode.DataserviceApplication - Started DataserviceApplication in 12.35 seconds (JVM running for 17.417) 
2020-01-12 19:01:04.401 [http-nio-81-exec-1] [DirectJDKLog.java:173] INFO  org.apache.catalina.core.ContainerBase.[Tomcat].[localhost].[/] - Initializing Spring DispatcherServlet 'dispatcherServlet' 
2020-01-12 19:01:04.401 [http-nio-81-exec-1] [FrameworkServlet.java:524] INFO  org.springframework.web.servlet.DispatcherServlet - Initializing Servlet 'dispatcherServlet' 
2020-01-12 19:01:04.409 [http-nio-81-exec-1] [FrameworkServlet.java:546] INFO  org.springframework.web.servlet.DispatcherServlet - Completed initialization in 8 ms 
2020-01-12 21:35:11.857 [Thread-21] [ExecutorConfigurationSupport.java:208] INFO  org.springframework.scheduling.concurrent.ThreadPoolTaskExecutor - Shutting down ExecutorService 'applicationTaskExecutor' 
2020-01-12 21:35:11.888 [Thread-21] [DynamicRoutingDataSource.java:182] INFO  com.baomidou.dynamic.datasource.DynamicRoutingDataSource - closing dynamicDatasource  ing.... 
2020-01-12 21:35:11.998 [Thread-21] [DruidDataSource.java:1825] INFO  com.alibaba.druid.pool.DruidDataSource - {dataSource-2} closed 
2020-01-12 21:35:12.013 [Thread-21] [DruidDataSource.java:1825] INFO  com.alibaba.druid.pool.DruidDataSource - {dataSource-4} closed 
2020-01-12 21:35:12.029 [Thread-21] [DruidDataSource.java:1825] INFO  com.alibaba.druid.pool.DruidDataSource - {dataSource-1} closed 
2020-01-12 21:35:12.045 [Thread-21] [DruidDataSource.java:1825] INFO  com.alibaba.druid.pool.DruidDataSource - {dataSource-3} closed 
