2020-01-07 22:24:26.768 [main] [StartupInfoLogger.java:50] INFO  com.tjhnode.DataserviceApplication - Starting DataserviceApplication on tjh with PID 10064 (D:\JavaProject\dataservice\target\classes started by My in D:\JavaProject\dataservice) 
2020-01-07 22:24:26.866 [main] [SpringApplication.java:675] INFO  com.tjhnode.DataserviceApplication - No active profile set, falling back to default profiles: default 
2020-01-07 22:24:29.544 [main] [RepositoryConfigurationDelegate.java:244] INFO  org.springframework.data.repository.config.RepositoryConfigurationDelegate - Multiple Spring Data modules found, entering strict repository configuration mode! 
2020-01-07 22:24:29.549 [main] [RepositoryConfigurationDelegate.java:126] INFO  org.springframework.data.repository.config.RepositoryConfigurationDelegate - Bootstrapping Spring Data repositories in DEFAULT mode. 
2020-01-07 22:24:29.609 [main] [RepositoryConfigurationDelegate.java:182] INFO  org.springframework.data.repository.config.RepositoryConfigurationDelegate - Finished Spring Data repository scanning in 37ms. Found 0 repository interfaces. 
2020-01-07 22:24:30.226 [main] [PostProcessorRegistrationDelegate.java:330] INFO  org.springframework.context.support.PostProcessorRegistrationDelegate$BeanPostProcessorChecker - Bean 'org.springframework.transaction.annotation.ProxyTransactionManagementConfiguration' of type [org.springframework.transaction.annotation.ProxyTransactionManagementConfiguration$$EnhancerBySpringCGLIB$$29c7c6fb] is not eligible for getting processed by all BeanPostProcessors (for example: not eligible for auto-proxying) 
2020-01-07 22:24:30.318 [main] [PostProcessorRegistrationDelegate.java:330] INFO  org.springframework.context.support.PostProcessorRegistrationDelegate$BeanPostProcessorChecker - Bean 'spring.datasource.dynamic-com.baomidou.dynamic.datasource.spring.boot.autoconfigure.DynamicDataSourceProperties' of type [com.baomidou.dynamic.datasource.spring.boot.autoconfigure.DynamicDataSourceProperties] is not eligible for getting processed by all BeanPostProcessors (for example: not eligible for auto-proxying) 
2020-01-07 22:24:30.320 [main] [PostProcessorRegistrationDelegate.java:330] INFO  org.springframework.context.support.PostProcessorRegistrationDelegate$BeanPostProcessorChecker - Bean 'com.baomidou.dynamic.datasource.spring.boot.autoconfigure.DynamicDataSourceAutoConfiguration' of type [com.baomidou.dynamic.datasource.spring.boot.autoconfigure.DynamicDataSourceAutoConfiguration$$EnhancerBySpringCGLIB$$935637cc] is not eligible for getting processed by all BeanPostProcessors (for example: not eligible for auto-proxying) 
2020-01-07 22:24:30.327 [main] [PostProcessorRegistrationDelegate.java:330] INFO  org.springframework.context.support.PostProcessorRegistrationDelegate$BeanPostProcessorChecker - Bean 'dsProcessor' of type [com.baomidou.dynamic.datasource.processor.DsHeaderProcessor] is not eligible for getting processed by all BeanPostProcessors (for example: not eligible for auto-proxying) 
2020-01-07 22:24:30.334 [main] [PostProcessorRegistrationDelegate.java:330] INFO  org.springframework.context.support.PostProcessorRegistrationDelegate$BeanPostProcessorChecker - Bean 'dynamicDatasourceAnnotationAdvisor' of type [com.baomidou.dynamic.datasource.aop.DynamicDataSourceAnnotationAdvisor] is not eligible for getting processed by all BeanPostProcessors (for example: not eligible for auto-proxying) 
2020-01-07 22:24:31.036 [main] [TomcatWebServer.java:90] INFO  org.springframework.boot.web.embedded.tomcat.TomcatWebServer - Tomcat initialized with port(s): 81 (http) 
2020-01-07 22:24:31.060 [main] [DirectJDKLog.java:173] INFO  org.apache.coyote.http11.Http11NioProtocol - Initializing ProtocolHandler ["http-nio-81"] 
2020-01-07 22:24:31.082 [main] [DirectJDKLog.java:173] INFO  org.apache.catalina.core.StandardService - Starting service [Tomcat] 
2020-01-07 22:24:31.082 [main] [DirectJDKLog.java:173] INFO  org.apache.catalina.core.StandardEngine - Starting Servlet engine: [Apache Tomcat/9.0.16] 
2020-01-07 22:24:31.090 [main] [DirectJDKLog.java:173] INFO  org.apache.catalina.core.AprLifecycleListener - Loaded APR based Apache Tomcat Native library [1.2.21] using APR version [1.6.5]. 
2020-01-07 22:24:31.091 [main] [DirectJDKLog.java:173] INFO  org.apache.catalina.core.AprLifecycleListener - APR capabilities: IPv6 [true], sendfile [true], accept filters [false], random [true]. 
2020-01-07 22:24:31.091 [main] [DirectJDKLog.java:173] INFO  org.apache.catalina.core.AprLifecycleListener - APR/OpenSSL configuration: useAprConnector [false], useOpenSSL [true] 
2020-01-07 22:24:32.187 [main] [DirectJDKLog.java:173] INFO  org.apache.catalina.core.AprLifecycleListener - OpenSSL successfully initialized [OpenSSL 1.0.2q  20 Nov 2018] 
2020-01-07 22:24:32.392 [main] [DirectJDKLog.java:173] INFO  org.apache.catalina.core.ContainerBase.[Tomcat].[localhost].[/] - Initializing Spring embedded WebApplicationContext 
2020-01-07 22:24:32.392 [main] [ServletWebServerApplicationContext.java:296] INFO  org.springframework.web.context.ContextLoader - Root WebApplicationContext: initialization completed in 5407 ms 
2020-01-07 22:24:32.642 [main] [DynamicDataSourceCreator.java:113] INFO  com.baomidou.dynamic.datasource.DynamicDataSourceCreator - 动态数据源-检测到druid存在,如配置中未指定type,druid会默认配置 
2020-01-07 22:24:35.282 [main] [DruidDataSource.java:930] INFO  com.alibaba.druid.pool.DruidDataSource - {dataSource-1,master} inited 
2020-01-07 22:24:35.358 [main] [DruidDataSource.java:930] INFO  com.alibaba.druid.pool.DruidDataSource - {dataSource-2,appconfig} inited 
2020-01-07 22:24:35.438 [main] [DruidDataSource.java:930] INFO  com.alibaba.druid.pool.DruidDataSource - {dataSource-3,applog} inited 
2020-01-07 22:24:35.506 [main] [DruidDataSource.java:930] INFO  com.alibaba.druid.pool.DruidDataSource - {dataSource-4,app} inited 
2020-01-07 22:24:35.507 [main] [DynamicRoutingDataSource.java:203] INFO  com.baomidou.dynamic.datasource.DynamicRoutingDataSource - 初始共加载 4 个数据源 
2020-01-07 22:24:35.507 [main] [DynamicRoutingDataSource.java:142] INFO  com.baomidou.dynamic.datasource.DynamicRoutingDataSource - 动态数据源-加载 appconfig 成功 
2020-01-07 22:24:35.507 [main] [DynamicRoutingDataSource.java:142] INFO  com.baomidou.dynamic.datasource.DynamicRoutingDataSource - 动态数据源-加载 app 成功 
2020-01-07 22:24:35.508 [main] [DynamicRoutingDataSource.java:142] INFO  com.baomidou.dynamic.datasource.DynamicRoutingDataSource - 动态数据源-加载 master 成功 
2020-01-07 22:24:35.508 [main] [DynamicRoutingDataSource.java:142] INFO  com.baomidou.dynamic.datasource.DynamicRoutingDataSource - 动态数据源-加载 applog 成功 
2020-01-07 22:24:35.508 [main] [DynamicRoutingDataSource.java:212] INFO  com.baomidou.dynamic.datasource.DynamicRoutingDataSource - 当前的默认数据源是单数据源，数据源名为 appconfig 
2020-01-07 22:24:35.986 [main] [TableInfoHelper.java:250] WARN  com.baomidou.mybatisplus.core.toolkit.TableInfoHelper - Warn: Could not find @TableId in Class: com.tjhnode.dataservice.model.entities.ClassificationModel. 
2020-01-07 22:24:36.037 [main] [TableInfoHelper.java:250] WARN  com.baomidou.mybatisplus.core.toolkit.TableInfoHelper - Warn: Could not find @TableId in Class: com.tjhnode.dataservice.model.entities.ConfigItemModel. 
2020-01-07 22:24:36.088 [main] [TableInfoHelper.java:250] WARN  com.baomidou.mybatisplus.core.toolkit.TableInfoHelper - Warn: Could not find @TableId in Class: com.tjhnode.dataservice.model.entities.Enumparameters. 
2020-01-07 22:24:36.132 [main] [TableInfoHelper.java:250] WARN  com.baomidou.mybatisplus.core.toolkit.TableInfoHelper - Warn: Could not find @TableId in Class: com.tjhnode.dataservice.model.entities.ParametersConfig. 
2020-01-07 22:24:36.186 [main] [TableInfoHelper.java:250] WARN  com.baomidou.mybatisplus.core.toolkit.TableInfoHelper - Warn: Could not find @TableId in Class: com.tjhnode.dataservice.model.entities.SqlConfigModel. 
2020-01-07 22:24:41.174 [main] [PropertySourcedRequestMappingHandlerMapping.java:69] INFO  springfox.documentation.spring.web.PropertySourcedRequestMappingHandlerMapping - Mapped URL path [/v2/api-docs] onto method [public org.springframework.http.ResponseEntity<springfox.documentation.spring.web.json.Json> springfox.documentation.swagger2.web.Swagger2Controller.getDocumentation(java.lang.String,javax.servlet.http.HttpServletRequest)] 
2020-01-07 22:24:41.654 [main] [ExecutorConfigurationSupport.java:171] INFO  org.springframework.scheduling.concurrent.ThreadPoolTaskExecutor - Initializing ExecutorService 'applicationTaskExecutor' 
2020-01-07 22:24:43.950 [main] [DocumentationPluginsBootstrapper.java:147] INFO  springfox.documentation.spring.web.plugins.DocumentationPluginsBootstrapper - Context refreshed 
2020-01-07 22:24:44.034 [main] [DocumentationPluginsBootstrapper.java:150] INFO  springfox.documentation.spring.web.plugins.DocumentationPluginsBootstrapper - Found 1 custom documentation plugin(s) 
2020-01-07 22:24:44.227 [main] [ApiListingReferenceScanner.java:41] INFO  springfox.documentation.spring.web.scanners.ApiListingReferenceScanner - Scanning for api listing references 
2020-01-07 22:24:44.729 [main] [CachingOperationNameGenerator.java:40] INFO  springfox.documentation.spring.web.readers.operation.CachingOperationNameGenerator - Generating unique operation named: deleteConfigItemUsingPOST_1 
2020-01-07 22:24:44.741 [main] [CachingOperationNameGenerator.java:40] INFO  springfox.documentation.spring.web.readers.operation.CachingOperationNameGenerator - Generating unique operation named: insertConfigItemUsingPOST_1 
2020-01-07 22:24:44.743 [main] [CachingOperationNameGenerator.java:40] INFO  springfox.documentation.spring.web.readers.operation.CachingOperationNameGenerator - Generating unique operation named: updateConfigItemUsingPOST_1 
2020-01-07 22:24:44.805 [main] [DirectJDKLog.java:173] INFO  org.apache.coyote.http11.Http11NioProtocol - Starting ProtocolHandler ["http-nio-81"] 
2020-01-07 22:24:44.886 [main] [TomcatWebServer.java:204] INFO  org.springframework.boot.web.embedded.tomcat.TomcatWebServer - Tomcat started on port(s): 81 (http) with context path '' 
2020-01-07 22:24:44.897 [main] [StartupInfoLogger.java:59] INFO  com.tjhnode.DataserviceApplication - Started DataserviceApplication in 19.124 seconds (JVM running for 24.926) 
2020-01-07 22:25:49.013 [http-nio-81-exec-1] [DirectJDKLog.java:173] INFO  org.apache.catalina.core.ContainerBase.[Tomcat].[localhost].[/] - Initializing Spring DispatcherServlet 'dispatcherServlet' 
2020-01-07 22:25:49.014 [http-nio-81-exec-1] [FrameworkServlet.java:524] INFO  org.springframework.web.servlet.DispatcherServlet - Initializing Servlet 'dispatcherServlet' 
2020-01-07 22:25:49.032 [http-nio-81-exec-1] [FrameworkServlet.java:546] INFO  org.springframework.web.servlet.DispatcherServlet - Completed initialization in 17 ms 
2020-01-07 23:08:04.746 [Thread-23] [ExecutorConfigurationSupport.java:208] INFO  org.springframework.scheduling.concurrent.ThreadPoolTaskExecutor - Shutting down ExecutorService 'applicationTaskExecutor' 
2020-01-07 23:08:04.748 [Thread-23] [DynamicRoutingDataSource.java:182] INFO  com.baomidou.dynamic.datasource.DynamicRoutingDataSource - closing dynamicDatasource  ing.... 
2020-01-07 23:08:04.804 [Thread-23] [DruidDataSource.java:1825] INFO  com.alibaba.druid.pool.DruidDataSource - {dataSource-2} closed 
2020-01-07 23:08:04.824 [Thread-23] [DruidDataSource.java:1825] INFO  com.alibaba.druid.pool.DruidDataSource - {dataSource-4} closed 
2020-01-07 23:08:04.869 [Thread-23] [DruidDataSource.java:1825] INFO  com.alibaba.druid.pool.DruidDataSource - {dataSource-1} closed 
2020-01-07 23:08:04.878 [Thread-23] [DruidDataSource.java:1825] INFO  com.alibaba.druid.pool.DruidDataSource - {dataSource-3} closed 
2020-01-07 23:08:16.461 [main] [StartupInfoLogger.java:50] INFO  com.tjhnode.DataserviceApplication - Starting DataserviceApplication on tjh with PID 2980 (D:\JavaProject\dataservice\target\classes started by My in D:\JavaProject\dataservice) 
2020-01-07 23:08:16.469 [main] [SpringApplication.java:675] INFO  com.tjhnode.DataserviceApplication - No active profile set, falling back to default profiles: default 
2020-01-07 23:08:17.763 [main] [RepositoryConfigurationDelegate.java:244] INFO  org.springframework.data.repository.config.RepositoryConfigurationDelegate - Multiple Spring Data modules found, entering strict repository configuration mode! 
2020-01-07 23:08:17.767 [main] [RepositoryConfigurationDelegate.java:126] INFO  org.springframework.data.repository.config.RepositoryConfigurationDelegate - Bootstrapping Spring Data repositories in DEFAULT mode. 
2020-01-07 23:08:17.804 [main] [RepositoryConfigurationDelegate.java:182] INFO  org.springframework.data.repository.config.RepositoryConfigurationDelegate - Finished Spring Data repository scanning in 23ms. Found 0 repository interfaces. 
2020-01-07 23:08:18.129 [main] [PostProcessorRegistrationDelegate.java:330] INFO  org.springframework.context.support.PostProcessorRegistrationDelegate$BeanPostProcessorChecker - Bean 'org.springframework.transaction.annotation.ProxyTransactionManagementConfiguration' of type [org.springframework.transaction.annotation.ProxyTransactionManagementConfiguration$$EnhancerBySpringCGLIB$$80017e95] is not eligible for getting processed by all BeanPostProcessors (for example: not eligible for auto-proxying) 
2020-01-07 23:08:18.183 [main] [PostProcessorRegistrationDelegate.java:330] INFO  org.springframework.context.support.PostProcessorRegistrationDelegate$BeanPostProcessorChecker - Bean 'spring.datasource.dynamic-com.baomidou.dynamic.datasource.spring.boot.autoconfigure.DynamicDataSourceProperties' of type [com.baomidou.dynamic.datasource.spring.boot.autoconfigure.DynamicDataSourceProperties] is not eligible for getting processed by all BeanPostProcessors (for example: not eligible for auto-proxying) 
2020-01-07 23:08:18.185 [main] [PostProcessorRegistrationDelegate.java:330] INFO  org.springframework.context.support.PostProcessorRegistrationDelegate$BeanPostProcessorChecker - Bean 'com.baomidou.dynamic.datasource.spring.boot.autoconfigure.DynamicDataSourceAutoConfiguration' of type [com.baomidou.dynamic.datasource.spring.boot.autoconfigure.DynamicDataSourceAutoConfiguration$$EnhancerBySpringCGLIB$$e98fef66] is not eligible for getting processed by all BeanPostProcessors (for example: not eligible for auto-proxying) 
2020-01-07 23:08:18.191 [main] [PostProcessorRegistrationDelegate.java:330] INFO  org.springframework.context.support.PostProcessorRegistrationDelegate$BeanPostProcessorChecker - Bean 'dsProcessor' of type [com.baomidou.dynamic.datasource.processor.DsHeaderProcessor] is not eligible for getting processed by all BeanPostProcessors (for example: not eligible for auto-proxying) 
2020-01-07 23:08:18.196 [main] [PostProcessorRegistrationDelegate.java:330] INFO  org.springframework.context.support.PostProcessorRegistrationDelegate$BeanPostProcessorChecker - Bean 'dynamicDatasourceAnnotationAdvisor' of type [com.baomidou.dynamic.datasource.aop.DynamicDataSourceAnnotationAdvisor] is not eligible for getting processed by all BeanPostProcessors (for example: not eligible for auto-proxying) 
2020-01-07 23:08:18.724 [main] [TomcatWebServer.java:90] INFO  org.springframework.boot.web.embedded.tomcat.TomcatWebServer - Tomcat initialized with port(s): 81 (http) 
2020-01-07 23:08:18.739 [main] [DirectJDKLog.java:173] INFO  org.apache.coyote.http11.Http11NioProtocol - Initializing ProtocolHandler ["http-nio-81"] 
2020-01-07 23:08:18.748 [main] [DirectJDKLog.java:173] INFO  org.apache.catalina.core.StandardService - Starting service [Tomcat] 
2020-01-07 23:08:18.749 [main] [DirectJDKLog.java:173] INFO  org.apache.catalina.core.StandardEngine - Starting Servlet engine: [Apache Tomcat/9.0.16] 
2020-01-07 23:08:18.756 [main] [DirectJDKLog.java:173] INFO  org.apache.catalina.core.AprLifecycleListener - Loaded APR based Apache Tomcat Native library [1.2.21] using APR version [1.6.5]. 
2020-01-07 23:08:18.757 [main] [DirectJDKLog.java:173] INFO  org.apache.catalina.core.AprLifecycleListener - APR capabilities: IPv6 [true], sendfile [true], accept filters [false], random [true]. 
2020-01-07 23:08:18.757 [main] [DirectJDKLog.java:173] INFO  org.apache.catalina.core.AprLifecycleListener - APR/OpenSSL configuration: useAprConnector [false], useOpenSSL [true] 
2020-01-07 23:08:19.853 [main] [DirectJDKLog.java:173] INFO  org.apache.catalina.core.AprLifecycleListener - OpenSSL successfully initialized [OpenSSL 1.0.2q  20 Nov 2018] 
2020-01-07 23:08:20.017 [main] [DirectJDKLog.java:173] INFO  org.apache.catalina.core.ContainerBase.[Tomcat].[localhost].[/] - Initializing Spring embedded WebApplicationContext 
2020-01-07 23:08:20.018 [main] [ServletWebServerApplicationContext.java:296] INFO  org.springframework.web.context.ContextLoader - Root WebApplicationContext: initialization completed in 3458 ms 
2020-01-07 23:08:20.176 [main] [DynamicDataSourceCreator.java:113] INFO  com.baomidou.dynamic.datasource.DynamicDataSourceCreator - 动态数据源-检测到druid存在,如配置中未指定type,druid会默认配置 
2020-01-07 23:08:22.198 [main] [DruidDataSource.java:930] INFO  com.alibaba.druid.pool.DruidDataSource - {dataSource-1,master} inited 
2020-01-07 23:08:22.273 [main] [DruidDataSource.java:930] INFO  com.alibaba.druid.pool.DruidDataSource - {dataSource-2,appconfig} inited 
2020-01-07 23:08:22.341 [main] [DruidDataSource.java:930] INFO  com.alibaba.druid.pool.DruidDataSource - {dataSource-3,applog} inited 
2020-01-07 23:08:22.423 [main] [DruidDataSource.java:930] INFO  com.alibaba.druid.pool.DruidDataSource - {dataSource-4,app} inited 
2020-01-07 23:08:22.423 [main] [DynamicRoutingDataSource.java:203] INFO  com.baomidou.dynamic.datasource.DynamicRoutingDataSource - 初始共加载 4 个数据源 
2020-01-07 23:08:22.423 [main] [DynamicRoutingDataSource.java:142] INFO  com.baomidou.dynamic.datasource.DynamicRoutingDataSource - 动态数据源-加载 appconfig 成功 
2020-01-07 23:08:22.424 [main] [DynamicRoutingDataSource.java:142] INFO  com.baomidou.dynamic.datasource.DynamicRoutingDataSource - 动态数据源-加载 app 成功 
2020-01-07 23:08:22.424 [main] [DynamicRoutingDataSource.java:142] INFO  com.baomidou.dynamic.datasource.DynamicRoutingDataSource - 动态数据源-加载 master 成功 
2020-01-07 23:08:22.424 [main] [DynamicRoutingDataSource.java:142] INFO  com.baomidou.dynamic.datasource.DynamicRoutingDataSource - 动态数据源-加载 applog 成功 
2020-01-07 23:08:22.424 [main] [DynamicRoutingDataSource.java:212] INFO  com.baomidou.dynamic.datasource.DynamicRoutingDataSource - 当前的默认数据源是单数据源，数据源名为 appconfig 
2020-01-07 23:08:22.722 [main] [TableInfoHelper.java:250] WARN  com.baomidou.mybatisplus.core.toolkit.TableInfoHelper - Warn: Could not find @TableId in Class: com.tjhnode.dataservice.model.entities.ClassificationModel. 
2020-01-07 23:08:22.788 [main] [TableInfoHelper.java:250] WARN  com.baomidou.mybatisplus.core.toolkit.TableInfoHelper - Warn: Could not find @TableId in Class: com.tjhnode.dataservice.model.entities.ConfigItemModel. 
2020-01-07 23:08:22.823 [main] [TableInfoHelper.java:250] WARN  com.baomidou.mybatisplus.core.toolkit.TableInfoHelper - Warn: Could not find @TableId in Class: com.tjhnode.dataservice.model.entities.Enumparameters. 
2020-01-07 23:08:22.854 [main] [TableInfoHelper.java:250] WARN  com.baomidou.mybatisplus.core.toolkit.TableInfoHelper - Warn: Could not find @TableId in Class: com.tjhnode.dataservice.model.entities.ParametersConfig. 
2020-01-07 23:08:22.884 [main] [TableInfoHelper.java:250] WARN  com.baomidou.mybatisplus.core.toolkit.TableInfoHelper - Warn: Could not find @TableId in Class: com.tjhnode.dataservice.model.entities.SqlConfigModel. 
2020-01-07 23:08:23.949 [main] [PropertySourcedRequestMappingHandlerMapping.java:69] INFO  springfox.documentation.spring.web.PropertySourcedRequestMappingHandlerMapping - Mapped URL path [/v2/api-docs] onto method [public org.springframework.http.ResponseEntity<springfox.documentation.spring.web.json.Json> springfox.documentation.swagger2.web.Swagger2Controller.getDocumentation(java.lang.String,javax.servlet.http.HttpServletRequest)] 
2020-01-07 23:08:24.113 [main] [ExecutorConfigurationSupport.java:171] INFO  org.springframework.scheduling.concurrent.ThreadPoolTaskExecutor - Initializing ExecutorService 'applicationTaskExecutor' 
2020-01-07 23:08:24.842 [main] [DocumentationPluginsBootstrapper.java:147] INFO  springfox.documentation.spring.web.plugins.DocumentationPluginsBootstrapper - Context refreshed 
2020-01-07 23:08:24.860 [main] [DocumentationPluginsBootstrapper.java:150] INFO  springfox.documentation.spring.web.plugins.DocumentationPluginsBootstrapper - Found 1 custom documentation plugin(s) 
2020-01-07 23:08:24.933 [main] [ApiListingReferenceScanner.java:41] INFO  springfox.documentation.spring.web.scanners.ApiListingReferenceScanner - Scanning for api listing references 
2020-01-07 23:08:25.179 [main] [CachingOperationNameGenerator.java:40] INFO  springfox.documentation.spring.web.readers.operation.CachingOperationNameGenerator - Generating unique operation named: deleteConfigItemUsingPOST_1 
2020-01-07 23:08:25.190 [main] [CachingOperationNameGenerator.java:40] INFO  springfox.documentation.spring.web.readers.operation.CachingOperationNameGenerator - Generating unique operation named: insertConfigItemUsingPOST_1 
2020-01-07 23:08:25.193 [main] [CachingOperationNameGenerator.java:40] INFO  springfox.documentation.spring.web.readers.operation.CachingOperationNameGenerator - Generating unique operation named: updateConfigItemUsingPOST_1 
2020-01-07 23:08:25.214 [main] [DirectJDKLog.java:173] INFO  org.apache.coyote.http11.Http11NioProtocol - Starting ProtocolHandler ["http-nio-81"] 
2020-01-07 23:08:25.245 [main] [TomcatWebServer.java:204] INFO  org.springframework.boot.web.embedded.tomcat.TomcatWebServer - Tomcat started on port(s): 81 (http) with context path '' 
2020-01-07 23:08:25.249 [main] [StartupInfoLogger.java:59] INFO  com.tjhnode.DataserviceApplication - Started DataserviceApplication in 9.267 seconds (JVM running for 12.309) 
2020-01-07 23:10:26.417 [http-nio-81-exec-1] [DirectJDKLog.java:173] INFO  org.apache.catalina.core.ContainerBase.[Tomcat].[localhost].[/] - Initializing Spring DispatcherServlet 'dispatcherServlet' 
2020-01-07 23:10:26.417 [http-nio-81-exec-1] [FrameworkServlet.java:524] INFO  org.springframework.web.servlet.DispatcherServlet - Initializing Servlet 'dispatcherServlet' 
2020-01-07 23:10:26.428 [http-nio-81-exec-1] [FrameworkServlet.java:546] INFO  org.springframework.web.servlet.DispatcherServlet - Completed initialization in 10 ms 
2020-01-07 23:12:55.044 [Thread-18] [ExecutorConfigurationSupport.java:208] INFO  org.springframework.scheduling.concurrent.ThreadPoolTaskExecutor - Shutting down ExecutorService 'applicationTaskExecutor' 
2020-01-07 23:12:55.046 [Thread-18] [DynamicRoutingDataSource.java:182] INFO  com.baomidou.dynamic.datasource.DynamicRoutingDataSource - closing dynamicDatasource  ing.... 
2020-01-07 23:12:55.055 [Thread-18] [DruidDataSource.java:1825] INFO  com.alibaba.druid.pool.DruidDataSource - {dataSource-2} closed 
2020-01-07 23:12:55.063 [Thread-18] [DruidDataSource.java:1825] INFO  com.alibaba.druid.pool.DruidDataSource - {dataSource-4} closed 
2020-01-07 23:12:55.068 [Thread-18] [DruidDataSource.java:1825] INFO  com.alibaba.druid.pool.DruidDataSource - {dataSource-1} closed 
2020-01-07 23:12:55.074 [Thread-18] [DruidDataSource.java:1825] INFO  com.alibaba.druid.pool.DruidDataSource - {dataSource-3} closed 
