2020-01-14 20:59:20.292 [main] [StartupInfoLogger.java:50] INFO  com.tjhnode.DataserviceApplication - Starting DataserviceApplication on tjh with PID 1060 (D:\JavaProject\dataservice\target\classes started by My in D:\JavaProject\dataservice) 
2020-01-14 20:59:20.370 [main] [SpringApplication.java:675] INFO  com.tjhnode.DataserviceApplication - No active profile set, falling back to default profiles: default 
2020-01-14 20:59:22.589 [main] [RepositoryConfigurationDelegate.java:244] INFO  org.springframework.data.repository.config.RepositoryConfigurationDelegate - Multiple Spring Data modules found, entering strict repository configuration mode! 
2020-01-14 20:59:22.589 [main] [RepositoryConfigurationDelegate.java:126] INFO  org.springframework.data.repository.config.RepositoryConfigurationDelegate - Bootstrapping Spring Data repositories in DEFAULT mode. 
2020-01-14 20:59:22.651 [main] [RepositoryConfigurationDelegate.java:182] INFO  org.springframework.data.repository.config.RepositoryConfigurationDelegate - Finished Spring Data repository scanning in 31ms. Found 0 repository interfaces. 
2020-01-14 20:59:23.104 [main] [PostProcessorRegistrationDelegate.java:330] INFO  org.springframework.context.support.PostProcessorRegistrationDelegate$BeanPostProcessorChecker - Bean 'org.springframework.transaction.annotation.ProxyTransactionManagementConfiguration' of type [org.springframework.transaction.annotation.ProxyTransactionManagementConfiguration$$EnhancerBySpringCGLIB$$c484b246] is not eligible for getting processed by all BeanPostProcessors (for example: not eligible for auto-proxying) 
2020-01-14 20:59:23.182 [main] [PostProcessorRegistrationDelegate.java:330] INFO  org.springframework.context.support.PostProcessorRegistrationDelegate$BeanPostProcessorChecker - Bean 'spring.datasource.dynamic-com.baomidou.dynamic.datasource.spring.boot.autoconfigure.DynamicDataSourceProperties' of type [com.baomidou.dynamic.datasource.spring.boot.autoconfigure.DynamicDataSourceProperties] is not eligible for getting processed by all BeanPostProcessors (for example: not eligible for auto-proxying) 
2020-01-14 20:59:23.182 [main] [PostProcessorRegistrationDelegate.java:330] INFO  org.springframework.context.support.PostProcessorRegistrationDelegate$BeanPostProcessorChecker - Bean 'com.baomidou.dynamic.datasource.spring.boot.autoconfigure.DynamicDataSourceAutoConfiguration' of type [com.baomidou.dynamic.datasource.spring.boot.autoconfigure.DynamicDataSourceAutoConfiguration$$EnhancerBySpringCGLIB$$2e132317] is not eligible for getting processed by all BeanPostProcessors (for example: not eligible for auto-proxying) 
2020-01-14 20:59:23.182 [main] [PostProcessorRegistrationDelegate.java:330] INFO  org.springframework.context.support.PostProcessorRegistrationDelegate$BeanPostProcessorChecker - Bean 'dsProcessor' of type [com.baomidou.dynamic.datasource.processor.DsHeaderProcessor] is not eligible for getting processed by all BeanPostProcessors (for example: not eligible for auto-proxying) 
2020-01-14 20:59:23.182 [main] [PostProcessorRegistrationDelegate.java:330] INFO  org.springframework.context.support.PostProcessorRegistrationDelegate$BeanPostProcessorChecker - Bean 'dynamicDatasourceAnnotationAdvisor' of type [com.baomidou.dynamic.datasource.aop.DynamicDataSourceAnnotationAdvisor] is not eligible for getting processed by all BeanPostProcessors (for example: not eligible for auto-proxying) 
2020-01-14 20:59:23.729 [main] [TomcatWebServer.java:90] INFO  org.springframework.boot.web.embedded.tomcat.TomcatWebServer - Tomcat initialized with port(s): 81 (http) 
2020-01-14 20:59:23.745 [main] [DirectJDKLog.java:173] INFO  org.apache.coyote.http11.Http11NioProtocol - Initializing ProtocolHandler ["http-nio-81"] 
2020-01-14 20:59:23.745 [main] [DirectJDKLog.java:173] INFO  org.apache.catalina.core.StandardService - Starting service [Tomcat] 
2020-01-14 20:59:23.745 [main] [DirectJDKLog.java:173] INFO  org.apache.catalina.core.StandardEngine - Starting Servlet engine: [Apache Tomcat/9.0.16] 
2020-01-14 20:59:23.760 [main] [DirectJDKLog.java:173] INFO  org.apache.catalina.core.AprLifecycleListener - Loaded APR based Apache Tomcat Native library [1.2.21] using APR version [1.6.5]. 
2020-01-14 20:59:23.760 [main] [DirectJDKLog.java:173] INFO  org.apache.catalina.core.AprLifecycleListener - APR capabilities: IPv6 [true], sendfile [true], accept filters [false], random [true]. 
2020-01-14 20:59:23.760 [main] [DirectJDKLog.java:173] INFO  org.apache.catalina.core.AprLifecycleListener - APR/OpenSSL configuration: useAprConnector [false], useOpenSSL [true] 
2020-01-14 20:59:24.823 [main] [DirectJDKLog.java:173] INFO  org.apache.catalina.core.AprLifecycleListener - OpenSSL successfully initialized [OpenSSL 1.0.2q  20 Nov 2018] 
2020-01-14 20:59:24.948 [main] [DirectJDKLog.java:173] INFO  org.apache.catalina.core.ContainerBase.[Tomcat].[localhost].[/] - Initializing Spring embedded WebApplicationContext 
2020-01-14 20:59:24.963 [main] [ServletWebServerApplicationContext.java:296] INFO  org.springframework.web.context.ContextLoader - Root WebApplicationContext: initialization completed in 4468 ms 
2020-01-14 20:59:25.182 [main] [DynamicDataSourceCreator.java:113] INFO  com.baomidou.dynamic.datasource.DynamicDataSourceCreator - 动态数据源-检测到druid存在,如配置中未指定type,druid会默认配置 
2020-01-14 20:59:27.463 [main] [DruidDataSource.java:930] INFO  com.alibaba.druid.pool.DruidDataSource - {dataSource-1,master} inited 
2020-01-14 20:59:27.510 [main] [DruidDataSource.java:930] INFO  com.alibaba.druid.pool.DruidDataSource - {dataSource-2,appconfig} inited 
2020-01-14 20:59:27.573 [main] [DruidDataSource.java:930] INFO  com.alibaba.druid.pool.DruidDataSource - {dataSource-3,applog} inited 
2020-01-14 20:59:27.619 [main] [DruidDataSource.java:930] INFO  com.alibaba.druid.pool.DruidDataSource - {dataSource-4,app} inited 
2020-01-14 20:59:27.619 [main] [DynamicRoutingDataSource.java:203] INFO  com.baomidou.dynamic.datasource.DynamicRoutingDataSource - 初始共加载 4 个数据源 
2020-01-14 20:59:27.619 [main] [DynamicRoutingDataSource.java:142] INFO  com.baomidou.dynamic.datasource.DynamicRoutingDataSource - 动态数据源-加载 appconfig 成功 
2020-01-14 20:59:27.619 [main] [DynamicRoutingDataSource.java:142] INFO  com.baomidou.dynamic.datasource.DynamicRoutingDataSource - 动态数据源-加载 app 成功 
2020-01-14 20:59:27.619 [main] [DynamicRoutingDataSource.java:142] INFO  com.baomidou.dynamic.datasource.DynamicRoutingDataSource - 动态数据源-加载 master 成功 
2020-01-14 20:59:27.635 [main] [DynamicRoutingDataSource.java:142] INFO  com.baomidou.dynamic.datasource.DynamicRoutingDataSource - 动态数据源-加载 applog 成功 
2020-01-14 20:59:27.635 [main] [DynamicRoutingDataSource.java:212] INFO  com.baomidou.dynamic.datasource.DynamicRoutingDataSource - 当前的默认数据源是单数据源，数据源名为 appconfig 
2020-01-14 20:59:27.994 [main] [TableInfoHelper.java:250] WARN  com.baomidou.mybatisplus.core.toolkit.TableInfoHelper - Warn: Could not find @TableId in Class: com.tjhnode.dataservice.model.entities.ClassificationModel. 
2020-01-14 20:59:28.041 [main] [TableInfoHelper.java:250] WARN  com.baomidou.mybatisplus.core.toolkit.TableInfoHelper - Warn: Could not find @TableId in Class: com.tjhnode.dataservice.model.entities.ConfigItemModel. 
2020-01-14 20:59:28.088 [main] [TableInfoHelper.java:250] WARN  com.baomidou.mybatisplus.core.toolkit.TableInfoHelper - Warn: Could not find @TableId in Class: com.tjhnode.dataservice.model.entities.Enumparameters. 
2020-01-14 20:59:28.135 [main] [TableInfoHelper.java:250] WARN  com.baomidou.mybatisplus.core.toolkit.TableInfoHelper - Warn: Could not find @TableId in Class: com.tjhnode.dataservice.model.entities.ParametersConfig. 
2020-01-14 20:59:28.166 [main] [TableInfoHelper.java:250] WARN  com.baomidou.mybatisplus.core.toolkit.TableInfoHelper - Warn: Could not find @TableId in Class: com.tjhnode.dataservice.model.entities.SqlConfigModel. 
2020-01-14 20:59:28.901 [main] [PropertySourcedRequestMappingHandlerMapping.java:69] INFO  springfox.documentation.spring.web.PropertySourcedRequestMappingHandlerMapping - Mapped URL path [/v2/api-docs] onto method [public org.springframework.http.ResponseEntity<springfox.documentation.spring.web.json.Json> springfox.documentation.swagger2.web.Swagger2Controller.getDocumentation(java.lang.String,javax.servlet.http.HttpServletRequest)] 
2020-01-14 20:59:29.166 [main] [ExecutorConfigurationSupport.java:171] INFO  org.springframework.scheduling.concurrent.ThreadPoolTaskExecutor - Initializing ExecutorService 'applicationTaskExecutor' 
2020-01-14 20:59:30.119 [main] [DocumentationPluginsBootstrapper.java:147] INFO  springfox.documentation.spring.web.plugins.DocumentationPluginsBootstrapper - Context refreshed 
2020-01-14 20:59:30.151 [main] [DocumentationPluginsBootstrapper.java:150] INFO  springfox.documentation.spring.web.plugins.DocumentationPluginsBootstrapper - Found 1 custom documentation plugin(s) 
2020-01-14 20:59:30.213 [main] [ApiListingReferenceScanner.java:41] INFO  springfox.documentation.spring.web.scanners.ApiListingReferenceScanner - Scanning for api listing references 
2020-01-14 20:59:30.432 [main] [CachingOperationNameGenerator.java:40] INFO  springfox.documentation.spring.web.readers.operation.CachingOperationNameGenerator - Generating unique operation named: deleteConfigItemUsingPOST_1 
2020-01-14 20:59:30.432 [main] [CachingOperationNameGenerator.java:40] INFO  springfox.documentation.spring.web.readers.operation.CachingOperationNameGenerator - Generating unique operation named: insertConfigItemUsingPOST_1 
2020-01-14 20:59:30.432 [main] [CachingOperationNameGenerator.java:40] INFO  springfox.documentation.spring.web.readers.operation.CachingOperationNameGenerator - Generating unique operation named: updateConfigItemUsingPOST_1 
2020-01-14 20:59:30.463 [main] [DirectJDKLog.java:173] INFO  org.apache.coyote.http11.Http11NioProtocol - Starting ProtocolHandler ["http-nio-81"] 
2020-01-14 20:59:30.510 [main] [TomcatWebServer.java:204] INFO  org.springframework.boot.web.embedded.tomcat.TomcatWebServer - Tomcat started on port(s): 81 (http) with context path '' 
2020-01-14 20:59:30.510 [main] [StartupInfoLogger.java:59] INFO  com.tjhnode.DataserviceApplication - Started DataserviceApplication in 11.046 seconds (JVM running for 14.725) 
2020-01-14 21:00:34.239 [http-nio-81-exec-1] [DirectJDKLog.java:173] INFO  org.apache.catalina.core.ContainerBase.[Tomcat].[localhost].[/] - Initializing Spring DispatcherServlet 'dispatcherServlet' 
2020-01-14 21:00:34.239 [http-nio-81-exec-1] [FrameworkServlet.java:524] INFO  org.springframework.web.servlet.DispatcherServlet - Initializing Servlet 'dispatcherServlet' 
2020-01-14 21:00:34.250 [http-nio-81-exec-1] [FrameworkServlet.java:546] INFO  org.springframework.web.servlet.DispatcherServlet - Completed initialization in 11 ms 
2020-01-14 21:01:00.642 [http-nio-81-exec-6] [AbstractHandlerExceptionResolver.java:197] WARN  org.springframework.web.servlet.mvc.support.DefaultHandlerExceptionResolver - Resolved [org.springframework.http.converter.HttpMessageNotReadableException: JSON parse error: Cannot deserialize value of type `java.lang.Integer` from String "q": not a valid Integer value; nested exception is com.fasterxml.jackson.databind.exc.InvalidFormatException: Cannot deserialize value of type `java.lang.Integer` from String "q": not a valid Integer value
 at [Source: (PushbackInputStream); line: 1, column: 41] (through reference chain: com.tjhnode.dataservice.model.entities.ConfigItemModel["SortCode"])] 
2020-01-14 21:01:16.804 [http-nio-81-exec-7] [AbstractHandlerExceptionResolver.java:197] WARN  org.springframework.web.servlet.mvc.support.DefaultHandlerExceptionResolver - Resolved [org.springframework.web.HttpRequestMethodNotSupportedException: Request method 'GET' not supported] 
2020-01-14 21:02:04.816 [main] [StartupInfoLogger.java:50] INFO  com.tjhnode.DataserviceApplication - Starting DataserviceApplication on tjh with PID 11800 (D:\JavaProject\dataservice\target\classes started by My in D:\JavaProject\dataservice) 
2020-01-14 21:02:04.826 [main] [SpringApplication.java:675] INFO  com.tjhnode.DataserviceApplication - No active profile set, falling back to default profiles: default 
2020-01-14 21:02:06.311 [main] [RepositoryConfigurationDelegate.java:244] INFO  org.springframework.data.repository.config.RepositoryConfigurationDelegate - Multiple Spring Data modules found, entering strict repository configuration mode! 
2020-01-14 21:02:06.317 [main] [RepositoryConfigurationDelegate.java:126] INFO  org.springframework.data.repository.config.RepositoryConfigurationDelegate - Bootstrapping Spring Data repositories in DEFAULT mode. 
2020-01-14 21:02:06.365 [main] [RepositoryConfigurationDelegate.java:182] INFO  org.springframework.data.repository.config.RepositoryConfigurationDelegate - Finished Spring Data repository scanning in 29ms. Found 0 repository interfaces. 
2020-01-14 21:02:06.820 [main] [PostProcessorRegistrationDelegate.java:330] INFO  org.springframework.context.support.PostProcessorRegistrationDelegate$BeanPostProcessorChecker - Bean 'org.springframework.transaction.annotation.ProxyTransactionManagementConfiguration' of type [org.springframework.transaction.annotation.ProxyTransactionManagementConfiguration$$EnhancerBySpringCGLIB$$f2f90e9f] is not eligible for getting processed by all BeanPostProcessors (for example: not eligible for auto-proxying) 
2020-01-14 21:02:06.881 [main] [PostProcessorRegistrationDelegate.java:330] INFO  org.springframework.context.support.PostProcessorRegistrationDelegate$BeanPostProcessorChecker - Bean 'spring.datasource.dynamic-com.baomidou.dynamic.datasource.spring.boot.autoconfigure.DynamicDataSourceProperties' of type [com.baomidou.dynamic.datasource.spring.boot.autoconfigure.DynamicDataSourceProperties] is not eligible for getting processed by all BeanPostProcessors (for example: not eligible for auto-proxying) 
2020-01-14 21:02:06.884 [main] [PostProcessorRegistrationDelegate.java:330] INFO  org.springframework.context.support.PostProcessorRegistrationDelegate$BeanPostProcessorChecker - Bean 'com.baomidou.dynamic.datasource.spring.boot.autoconfigure.DynamicDataSourceAutoConfiguration' of type [com.baomidou.dynamic.datasource.spring.boot.autoconfigure.DynamicDataSourceAutoConfiguration$$EnhancerBySpringCGLIB$$5c877f70] is not eligible for getting processed by all BeanPostProcessors (for example: not eligible for auto-proxying) 
2020-01-14 21:02:06.891 [main] [PostProcessorRegistrationDelegate.java:330] INFO  org.springframework.context.support.PostProcessorRegistrationDelegate$BeanPostProcessorChecker - Bean 'dsProcessor' of type [com.baomidou.dynamic.datasource.processor.DsHeaderProcessor] is not eligible for getting processed by all BeanPostProcessors (for example: not eligible for auto-proxying) 
2020-01-14 21:02:06.897 [main] [PostProcessorRegistrationDelegate.java:330] INFO  org.springframework.context.support.PostProcessorRegistrationDelegate$BeanPostProcessorChecker - Bean 'dynamicDatasourceAnnotationAdvisor' of type [com.baomidou.dynamic.datasource.aop.DynamicDataSourceAnnotationAdvisor] is not eligible for getting processed by all BeanPostProcessors (for example: not eligible for auto-proxying) 
2020-01-14 21:02:07.348 [main] [TomcatWebServer.java:90] INFO  org.springframework.boot.web.embedded.tomcat.TomcatWebServer - Tomcat initialized with port(s): 81 (http) 
2020-01-14 21:02:07.363 [main] [DirectJDKLog.java:173] INFO  org.apache.coyote.http11.Http11NioProtocol - Initializing ProtocolHandler ["http-nio-81"] 
2020-01-14 21:02:07.372 [main] [DirectJDKLog.java:173] INFO  org.apache.catalina.core.StandardService - Starting service [Tomcat] 
2020-01-14 21:02:07.373 [main] [DirectJDKLog.java:173] INFO  org.apache.catalina.core.StandardEngine - Starting Servlet engine: [Apache Tomcat/9.0.16] 
2020-01-14 21:02:07.382 [main] [DirectJDKLog.java:173] INFO  org.apache.catalina.core.AprLifecycleListener - Loaded APR based Apache Tomcat Native library [1.2.21] using APR version [1.6.5]. 
2020-01-14 21:02:07.383 [main] [DirectJDKLog.java:173] INFO  org.apache.catalina.core.AprLifecycleListener - APR capabilities: IPv6 [true], sendfile [true], accept filters [false], random [true]. 
2020-01-14 21:02:07.383 [main] [DirectJDKLog.java:173] INFO  org.apache.catalina.core.AprLifecycleListener - APR/OpenSSL configuration: useAprConnector [false], useOpenSSL [true] 
2020-01-14 21:02:08.469 [main] [DirectJDKLog.java:173] INFO  org.apache.catalina.core.AprLifecycleListener - OpenSSL successfully initialized [OpenSSL 1.0.2q  20 Nov 2018] 
2020-01-14 21:02:08.624 [main] [DirectJDKLog.java:173] INFO  org.apache.catalina.core.ContainerBase.[Tomcat].[localhost].[/] - Initializing Spring embedded WebApplicationContext 
2020-01-14 21:02:08.624 [main] [ServletWebServerApplicationContext.java:296] INFO  org.springframework.web.context.ContextLoader - Root WebApplicationContext: initialization completed in 3648 ms 
2020-01-14 21:02:08.804 [main] [DynamicDataSourceCreator.java:113] INFO  com.baomidou.dynamic.datasource.DynamicDataSourceCreator - 动态数据源-检测到druid存在,如配置中未指定type,druid会默认配置 
2020-01-14 21:02:10.776 [main] [DruidDataSource.java:930] INFO  com.alibaba.druid.pool.DruidDataSource - {dataSource-1,master} inited 
2020-01-14 21:02:10.866 [main] [DruidDataSource.java:930] INFO  com.alibaba.druid.pool.DruidDataSource - {dataSource-2,appconfig} inited 
2020-01-14 21:02:10.945 [main] [DruidDataSource.java:930] INFO  com.alibaba.druid.pool.DruidDataSource - {dataSource-3,applog} inited 
2020-01-14 21:02:11.019 [main] [DruidDataSource.java:930] INFO  com.alibaba.druid.pool.DruidDataSource - {dataSource-4,app} inited 
2020-01-14 21:02:11.020 [main] [DynamicRoutingDataSource.java:203] INFO  com.baomidou.dynamic.datasource.DynamicRoutingDataSource - 初始共加载 4 个数据源 
2020-01-14 21:02:11.020 [main] [DynamicRoutingDataSource.java:142] INFO  com.baomidou.dynamic.datasource.DynamicRoutingDataSource - 动态数据源-加载 appconfig 成功 
2020-01-14 21:02:11.021 [main] [DynamicRoutingDataSource.java:142] INFO  com.baomidou.dynamic.datasource.DynamicRoutingDataSource - 动态数据源-加载 app 成功 
2020-01-14 21:02:11.021 [main] [DynamicRoutingDataSource.java:142] INFO  com.baomidou.dynamic.datasource.DynamicRoutingDataSource - 动态数据源-加载 master 成功 
2020-01-14 21:02:11.021 [main] [DynamicRoutingDataSource.java:142] INFO  com.baomidou.dynamic.datasource.DynamicRoutingDataSource - 动态数据源-加载 applog 成功 
2020-01-14 21:02:11.021 [main] [DynamicRoutingDataSource.java:212] INFO  com.baomidou.dynamic.datasource.DynamicRoutingDataSource - 当前的默认数据源是单数据源，数据源名为 appconfig 
2020-01-14 21:02:11.349 [main] [TableInfoHelper.java:250] WARN  com.baomidou.mybatisplus.core.toolkit.TableInfoHelper - Warn: Could not find @TableId in Class: com.tjhnode.dataservice.model.entities.ClassificationModel. 
2020-01-14 21:02:11.422 [main] [TableInfoHelper.java:250] WARN  com.baomidou.mybatisplus.core.toolkit.TableInfoHelper - Warn: Could not find @TableId in Class: com.tjhnode.dataservice.model.entities.ConfigItemModel. 
2020-01-14 21:02:11.461 [main] [TableInfoHelper.java:250] WARN  com.baomidou.mybatisplus.core.toolkit.TableInfoHelper - Warn: Could not find @TableId in Class: com.tjhnode.dataservice.model.entities.Enumparameters. 
2020-01-14 21:02:11.499 [main] [TableInfoHelper.java:250] WARN  com.baomidou.mybatisplus.core.toolkit.TableInfoHelper - Warn: Could not find @TableId in Class: com.tjhnode.dataservice.model.entities.ParametersConfig. 
2020-01-14 21:02:11.536 [main] [TableInfoHelper.java:250] WARN  com.baomidou.mybatisplus.core.toolkit.TableInfoHelper - Warn: Could not find @TableId in Class: com.tjhnode.dataservice.model.entities.SqlConfigModel. 
2020-01-14 21:02:12.505 [main] [PropertySourcedRequestMappingHandlerMapping.java:69] INFO  springfox.documentation.spring.web.PropertySourcedRequestMappingHandlerMapping - Mapped URL path [/v2/api-docs] onto method [public org.springframework.http.ResponseEntity<springfox.documentation.spring.web.json.Json> springfox.documentation.swagger2.web.Swagger2Controller.getDocumentation(java.lang.String,javax.servlet.http.HttpServletRequest)] 
2020-01-14 21:02:12.690 [main] [ExecutorConfigurationSupport.java:171] INFO  org.springframework.scheduling.concurrent.ThreadPoolTaskExecutor - Initializing ExecutorService 'applicationTaskExecutor' 
2020-01-14 21:02:13.375 [main] [DocumentationPluginsBootstrapper.java:147] INFO  springfox.documentation.spring.web.plugins.DocumentationPluginsBootstrapper - Context refreshed 
2020-01-14 21:02:13.392 [main] [DocumentationPluginsBootstrapper.java:150] INFO  springfox.documentation.spring.web.plugins.DocumentationPluginsBootstrapper - Found 1 custom documentation plugin(s) 
2020-01-14 21:02:13.429 [main] [ApiListingReferenceScanner.java:41] INFO  springfox.documentation.spring.web.scanners.ApiListingReferenceScanner - Scanning for api listing references 
2020-01-14 21:02:13.644 [main] [CachingOperationNameGenerator.java:40] INFO  springfox.documentation.spring.web.readers.operation.CachingOperationNameGenerator - Generating unique operation named: deleteConfigItemUsingPOST_1 
2020-01-14 21:02:13.657 [main] [CachingOperationNameGenerator.java:40] INFO  springfox.documentation.spring.web.readers.operation.CachingOperationNameGenerator - Generating unique operation named: insertConfigItemUsingPOST_1 
2020-01-14 21:02:13.660 [main] [CachingOperationNameGenerator.java:40] INFO  springfox.documentation.spring.web.readers.operation.CachingOperationNameGenerator - Generating unique operation named: updateConfigItemUsingPOST_1 
2020-01-14 21:02:13.679 [main] [DirectJDKLog.java:173] INFO  org.apache.coyote.http11.Http11NioProtocol - Starting ProtocolHandler ["http-nio-81"] 
2020-01-14 21:02:13.716 [main] [TomcatWebServer.java:204] INFO  org.springframework.boot.web.embedded.tomcat.TomcatWebServer - Tomcat started on port(s): 81 (http) with context path '' 
2020-01-14 21:02:13.719 [main] [StartupInfoLogger.java:59] INFO  com.tjhnode.DataserviceApplication - Started DataserviceApplication in 9.456 seconds (JVM running for 13.948) 
2020-01-14 21:02:27.782 [http-nio-81-exec-1] [DirectJDKLog.java:173] INFO  org.apache.catalina.core.ContainerBase.[Tomcat].[localhost].[/] - Initializing Spring DispatcherServlet 'dispatcherServlet' 
2020-01-14 21:02:27.783 [http-nio-81-exec-1] [FrameworkServlet.java:524] INFO  org.springframework.web.servlet.DispatcherServlet - Initializing Servlet 'dispatcherServlet' 
2020-01-14 21:02:27.791 [http-nio-81-exec-1] [FrameworkServlet.java:546] INFO  org.springframework.web.servlet.DispatcherServlet - Completed initialization in 8 ms 
2020-01-14 21:02:28.002 [http-nio-81-exec-2] [AbstractHandlerExceptionResolver.java:197] WARN  org.springframework.web.servlet.mvc.support.DefaultHandlerExceptionResolver - Resolved [org.springframework.http.converter.HttpMessageNotReadableException: JSON parse error: Cannot deserialize value of type `java.lang.Integer` from String "q": not a valid Integer value; nested exception is com.fasterxml.jackson.databind.exc.InvalidFormatException: Cannot deserialize value of type `java.lang.Integer` from String "q": not a valid Integer value
 at [Source: (PushbackInputStream); line: 1, column: 41] (through reference chain: com.tjhnode.dataservice.model.entities.ConfigItemModel["SortCode"])] 
2020-01-14 21:06:15.521 [http-nio-81-exec-2] [AbstractHandlerExceptionResolver.java:197] WARN  org.springframework.web.servlet.mvc.support.DefaultHandlerExceptionResolver - Resolved [org.springframework.web.HttpMediaTypeNotSupportedException: Content type 'application/x-www-form-urlencoded;charset=UTF-8' not supported] 
2020-01-14 21:06:28.327 [http-nio-81-exec-3] [AbstractHandlerExceptionResolver.java:197] WARN  org.springframework.web.servlet.mvc.support.DefaultHandlerExceptionResolver - Resolved [org.springframework.web.HttpMediaTypeNotSupportedException: Content type 'application/x-www-form-urlencoded;charset=UTF-8' not supported] 
2020-01-14 21:08:02.086 [http-nio-81-exec-10] [AbstractHandlerExceptionResolver.java:197] WARN  org.springframework.web.servlet.mvc.support.DefaultHandlerExceptionResolver - Resolved [org.springframework.web.HttpMediaTypeNotSupportedException: Content type 'application/x-www-form-urlencoded;charset=UTF-8' not supported] 
2020-01-14 21:10:49.840 [http-nio-81-exec-9] [AbstractHandlerExceptionResolver.java:197] WARN  org.springframework.web.servlet.mvc.support.DefaultHandlerExceptionResolver - Resolved [org.springframework.web.HttpMediaTypeNotSupportedException: Content type 'application/x-www-form-urlencoded;charset=UTF-8' not supported] 
2020-01-14 21:19:05.850 [http-nio-81-exec-7] [AbstractHandlerExceptionResolver.java:197] WARN  org.springframework.web.servlet.mvc.support.DefaultHandlerExceptionResolver - Resolved [org.springframework.web.HttpMediaTypeNotSupportedException: Content type 'application/x-www-form-urlencoded;charset=UTF-8' not supported] 
2020-01-14 21:23:19.331 [http-nio-81-exec-7] [AbstractHandlerExceptionResolver.java:197] WARN  org.springframework.web.servlet.mvc.support.DefaultHandlerExceptionResolver - Resolved [org.springframework.web.HttpMediaTypeNotSupportedException: Content type 'application/x-www-form-urlencoded;charset=UTF-8' not supported] 
2020-01-14 21:23:26.746 [http-nio-81-exec-6] [AbstractHandlerExceptionResolver.java:197] WARN  org.springframework.web.servlet.mvc.support.DefaultHandlerExceptionResolver - Resolved [org.springframework.web.HttpMediaTypeNotSupportedException: Content type 'application/x-www-form-urlencoded;charset=UTF-8' not supported] 
2020-01-14 21:26:32.543 [http-nio-81-exec-5] [AbstractHandlerExceptionResolver.java:197] WARN  org.springframework.web.servlet.mvc.support.DefaultHandlerExceptionResolver - Resolved [org.springframework.web.HttpMediaTypeNotSupportedException: Content type 'application/x-www-form-urlencoded;charset=UTF-8' not supported] 
2020-01-14 21:26:59.333 [http-nio-81-exec-4] [AbstractHandlerExceptionResolver.java:197] WARN  org.springframework.web.servlet.mvc.support.DefaultHandlerExceptionResolver - Resolved [org.springframework.web.HttpRequestMethodNotSupportedException: Request method 'GET' not supported] 
2020-01-14 21:27:21.999 [http-nio-81-exec-6] [AbstractHandlerExceptionResolver.java:197] WARN  org.springframework.web.servlet.mvc.support.DefaultHandlerExceptionResolver - Resolved [org.springframework.web.HttpRequestMethodNotSupportedException: Request method 'GET' not supported] 
2020-01-14 21:30:37.331 [http-nio-81-exec-1] [AbstractHandlerExceptionResolver.java:197] WARN  org.springframework.web.servlet.mvc.support.DefaultHandlerExceptionResolver - Resolved [org.springframework.web.HttpMediaTypeNotSupportedException: Content type 'application/x-www-form-urlencoded;charset=UTF-8' not supported] 
2020-01-14 21:33:11.322 [http-nio-81-exec-9] [AbstractHandlerExceptionResolver.java:197] WARN  org.springframework.web.servlet.mvc.support.DefaultHandlerExceptionResolver - Resolved [org.springframework.web.HttpMediaTypeNotSupportedException: Content type 'application/x-www-form-urlencoded;charset=UTF-8' not supported] 
2020-01-14 22:19:07.142 [Thread-3] [ExecutorConfigurationSupport.java:208] INFO  org.springframework.scheduling.concurrent.ThreadPoolTaskExecutor - Shutting down ExecutorService 'applicationTaskExecutor' 
2020-01-14 22:19:07.144 [Thread-3] [DynamicRoutingDataSource.java:182] INFO  com.baomidou.dynamic.datasource.DynamicRoutingDataSource - closing dynamicDatasource  ing.... 
2020-01-14 22:19:07.168 [Thread-3] [DruidDataSource.java:1825] INFO  com.alibaba.druid.pool.DruidDataSource - {dataSource-2} closed 
2020-01-14 22:19:07.174 [Thread-3] [DruidDataSource.java:1825] INFO  com.alibaba.druid.pool.DruidDataSource - {dataSource-4} closed 
2020-01-14 22:19:07.179 [Thread-3] [DruidDataSource.java:1825] INFO  com.alibaba.druid.pool.DruidDataSource - {dataSource-1} closed 
2020-01-14 22:19:07.184 [Thread-3] [DruidDataSource.java:1825] INFO  com.alibaba.druid.pool.DruidDataSource - {dataSource-3} closed 
