2020-06-21 20:39:14.441 [main] [StartupInfoLogger.java:50] INFO  com.tjhnode.DataserviceApplication - Starting DataserviceApplication on tjh with PID 2236 (D:\JavaProject\dataservice\target\classes started by My in D:\JavaProject\dataservice) 
2020-06-21 20:39:14.486 [main] [SpringApplication.java:675] INFO  com.tjhnode.DataserviceApplication - No active profile set, falling back to default profiles: default 
2020-06-21 20:39:16.060 [main] [RepositoryConfigurationDelegate.java:244] INFO  org.springframework.data.repository.config.RepositoryConfigurationDelegate - Multiple Spring Data modules found, entering strict repository configuration mode! 
2020-06-21 20:39:16.064 [main] [RepositoryConfigurationDelegate.java:126] INFO  org.springframework.data.repository.config.RepositoryConfigurationDelegate - Bootstrapping Spring Data repositories in DEFAULT mode. 
2020-06-21 20:39:16.118 [main] [RepositoryConfigurationDelegate.java:182] INFO  org.springframework.data.repository.config.RepositoryConfigurationDelegate - Finished Spring Data repository scanning in 23ms. Found 0 repository interfaces. 
2020-06-21 20:39:16.520 [main] [PostProcessorRegistrationDelegate.java:330] INFO  org.springframework.context.support.PostProcessorRegistrationDelegate$BeanPostProcessorChecker - Bean 'org.springframework.transaction.annotation.ProxyTransactionManagementConfiguration' of type [org.springframework.transaction.annotation.ProxyTransactionManagementConfiguration$$EnhancerBySpringCGLIB$$3e73063b] is not eligible for getting processed by all BeanPostProcessors (for example: not eligible for auto-proxying) 
2020-06-21 20:39:16.590 [main] [PostProcessorRegistrationDelegate.java:330] INFO  org.springframework.context.support.PostProcessorRegistrationDelegate$BeanPostProcessorChecker - Bean 'spring.datasource.dynamic-com.baomidou.dynamic.datasource.spring.boot.autoconfigure.DynamicDataSourceProperties' of type [com.baomidou.dynamic.datasource.spring.boot.autoconfigure.DynamicDataSourceProperties] is not eligible for getting processed by all BeanPostProcessors (for example: not eligible for auto-proxying) 
2020-06-21 20:39:16.592 [main] [PostProcessorRegistrationDelegate.java:330] INFO  org.springframework.context.support.PostProcessorRegistrationDelegate$BeanPostProcessorChecker - Bean 'com.baomidou.dynamic.datasource.spring.boot.autoconfigure.DynamicDataSourceAutoConfiguration' of type [com.baomidou.dynamic.datasource.spring.boot.autoconfigure.DynamicDataSourceAutoConfiguration$$EnhancerBySpringCGLIB$$a801770c] is not eligible for getting processed by all BeanPostProcessors (for example: not eligible for auto-proxying) 
2020-06-21 20:39:16.597 [main] [PostProcessorRegistrationDelegate.java:330] INFO  org.springframework.context.support.PostProcessorRegistrationDelegate$BeanPostProcessorChecker - Bean 'dsProcessor' of type [com.baomidou.dynamic.datasource.processor.DsHeaderProcessor] is not eligible for getting processed by all BeanPostProcessors (for example: not eligible for auto-proxying) 
2020-06-21 20:39:16.601 [main] [PostProcessorRegistrationDelegate.java:330] INFO  org.springframework.context.support.PostProcessorRegistrationDelegate$BeanPostProcessorChecker - Bean 'dynamicDatasourceAnnotationAdvisor' of type [com.baomidou.dynamic.datasource.aop.DynamicDataSourceAnnotationAdvisor] is not eligible for getting processed by all BeanPostProcessors (for example: not eligible for auto-proxying) 
2020-06-21 20:39:17.149 [main] [TomcatWebServer.java:90] INFO  org.springframework.boot.web.embedded.tomcat.TomcatWebServer - Tomcat initialized with port(s): 8080 (http) 
2020-06-21 20:39:17.164 [main] [DirectJDKLog.java:173] INFO  org.apache.coyote.http11.Http11NioProtocol - Initializing ProtocolHandler ["http-nio-8080"] 
2020-06-21 20:39:17.172 [main] [DirectJDKLog.java:173] INFO  org.apache.catalina.core.StandardService - Starting service [Tomcat] 
2020-06-21 20:39:17.173 [main] [DirectJDKLog.java:173] INFO  org.apache.catalina.core.StandardEngine - Starting Servlet engine: [Apache Tomcat/9.0.16] 
2020-06-21 20:39:17.179 [main] [DirectJDKLog.java:173] INFO  org.apache.catalina.core.AprLifecycleListener - Loaded APR based Apache Tomcat Native library [1.2.21] using APR version [1.6.5]. 
2020-06-21 20:39:17.179 [main] [DirectJDKLog.java:173] INFO  org.apache.catalina.core.AprLifecycleListener - APR capabilities: IPv6 [true], sendfile [true], accept filters [false], random [true]. 
2020-06-21 20:39:17.179 [main] [DirectJDKLog.java:173] INFO  org.apache.catalina.core.AprLifecycleListener - APR/OpenSSL configuration: useAprConnector [false], useOpenSSL [true] 
2020-06-21 20:39:18.234 [main] [DirectJDKLog.java:173] INFO  org.apache.catalina.core.AprLifecycleListener - OpenSSL successfully initialized [OpenSSL 1.0.2q  20 Nov 2018] 
2020-06-21 20:39:18.407 [main] [DirectJDKLog.java:173] INFO  org.apache.catalina.core.ContainerBase.[Tomcat].[localhost].[/] - Initializing Spring embedded WebApplicationContext 
2020-06-21 20:39:18.407 [main] [ServletWebServerApplicationContext.java:296] INFO  org.springframework.web.context.ContextLoader - Root WebApplicationContext: initialization completed in 3869 ms 
2020-06-21 20:39:18.590 [main] [DynamicDataSourceCreator.java:113] INFO  com.baomidou.dynamic.datasource.DynamicDataSourceCreator - 动态数据源-检测到druid存在,如配置中未指定type,druid会默认配置 
2020-06-21 20:39:20.314 [main] [DruidDataSource.java:930] INFO  com.alibaba.druid.pool.DruidDataSource - {dataSource-1,master} inited 
2020-06-21 20:39:20.403 [main] [DruidDataSource.java:930] INFO  com.alibaba.druid.pool.DruidDataSource - {dataSource-2,appconfig} inited 
2020-06-21 20:39:20.517 [main] [DruidDataSource.java:930] INFO  com.alibaba.druid.pool.DruidDataSource - {dataSource-3,applog} inited 
2020-06-21 20:39:20.613 [main] [DruidDataSource.java:930] INFO  com.alibaba.druid.pool.DruidDataSource - {dataSource-4,app} inited 
2020-06-21 20:39:20.613 [main] [DynamicRoutingDataSource.java:203] INFO  com.baomidou.dynamic.datasource.DynamicRoutingDataSource - 初始共加载 4 个数据源 
2020-06-21 20:39:20.613 [main] [DynamicRoutingDataSource.java:142] INFO  com.baomidou.dynamic.datasource.DynamicRoutingDataSource - 动态数据源-加载 appconfig 成功 
2020-06-21 20:39:20.614 [main] [DynamicRoutingDataSource.java:142] INFO  com.baomidou.dynamic.datasource.DynamicRoutingDataSource - 动态数据源-加载 app 成功 
2020-06-21 20:39:20.614 [main] [DynamicRoutingDataSource.java:142] INFO  com.baomidou.dynamic.datasource.DynamicRoutingDataSource - 动态数据源-加载 master 成功 
2020-06-21 20:39:20.614 [main] [DynamicRoutingDataSource.java:142] INFO  com.baomidou.dynamic.datasource.DynamicRoutingDataSource - 动态数据源-加载 applog 成功 
2020-06-21 20:39:20.614 [main] [DynamicRoutingDataSource.java:212] INFO  com.baomidou.dynamic.datasource.DynamicRoutingDataSource - 当前的默认数据源是单数据源，数据源名为 appconfig 
2020-06-21 20:39:21.474 [main] [AbstractApplicationContext.java:557] WARN  org.springframework.boot.web.servlet.context.AnnotationConfigServletWebServerApplicationContext - Exception encountered during context initialization - cancelling refresh attempt: org.springframework.beans.factory.UnsatisfiedDependencyException: Error creating bean with name 'authorizationServerConfig': Unsatisfied dependency expressed through field 'authenticationManager'; nested exception is org.springframework.beans.factory.NoSuchBeanDefinitionException: No qualifying bean of type 'org.springframework.security.authentication.AuthenticationManager' available: expected at least 1 bean which qualifies as autowire candidate. Dependency annotations: {@org.springframework.beans.factory.annotation.Autowired(required=true)} 
2020-06-21 20:39:21.475 [main] [DynamicRoutingDataSource.java:182] INFO  com.baomidou.dynamic.datasource.DynamicRoutingDataSource - closing dynamicDatasource  ing.... 
2020-06-21 20:39:21.496 [main] [DruidDataSource.java:1825] INFO  com.alibaba.druid.pool.DruidDataSource - {dataSource-2} closed 
2020-06-21 20:39:21.497 [main] [DruidDataSource.java:1825] INFO  com.alibaba.druid.pool.DruidDataSource - {dataSource-4} closed 
2020-06-21 20:39:21.499 [main] [DruidDataSource.java:1825] INFO  com.alibaba.druid.pool.DruidDataSource - {dataSource-1} closed 
2020-06-21 20:39:21.500 [main] [DruidDataSource.java:1825] INFO  com.alibaba.druid.pool.DruidDataSource - {dataSource-3} closed 
2020-06-21 20:39:21.503 [main] [DirectJDKLog.java:173] INFO  org.apache.catalina.core.StandardService - Stopping service [Tomcat] 
2020-06-21 20:39:21.513 [main] [ConditionEvaluationReportLoggingListener.java:142] INFO  org.springframework.boot.autoconfigure.logging.ConditionEvaluationReportLoggingListener - 

Error starting ApplicationContext. To display the conditions report re-run your application with 'debug' enabled. 
2020-06-21 20:39:21.716 [main] [LoggingFailureAnalysisReporter.java:42] ERROR org.springframework.boot.diagnostics.LoggingFailureAnalysisReporter - 

***************************
APPLICATION FAILED TO START
***************************

Description:

Field authenticationManager in com.tjhnode.security.oauth2.config.AuthorizationServerConfig required a bean of type 'org.springframework.security.authentication.AuthenticationManager' that could not be found.

The injection point has the following annotations:
	- @org.springframework.beans.factory.annotation.Autowired(required=true)


Action:

Consider defining a bean of type 'org.springframework.security.authentication.AuthenticationManager' in your configuration.
 
