2020-07-07 20:22:48.481 [main] [StartupInfoLogger.java:50] INFO  com.tjhnode.DataserviceApplication - Starting DataserviceApplication on tjh with PID 2084 (D:\JavaProject\dataservice\target\classes started by My in D:\JavaProject\dataservice) 
2020-07-07 20:22:48.520 [main] [SpringApplication.java:675] INFO  com.tjhnode.DataserviceApplication - No active profile set, falling back to default profiles: default 
2020-07-07 20:22:51.397 [main] [RepositoryConfigurationDelegate.java:244] INFO  org.springframework.data.repository.config.RepositoryConfigurationDelegate - Multiple Spring Data modules found, entering strict repository configuration mode! 
2020-07-07 20:22:51.401 [main] [RepositoryConfigurationDelegate.java:126] INFO  org.springframework.data.repository.config.RepositoryConfigurationDelegate - Bootstrapping Spring Data repositories in DEFAULT mode. 
2020-07-07 20:22:51.473 [main] [RepositoryConfigurationDelegate.java:182] INFO  org.springframework.data.repository.config.RepositoryConfigurationDelegate - Finished Spring Data repository scanning in 48ms. Found 0 repository interfaces. 
2020-07-07 20:22:51.984 [main] [PostProcessorRegistrationDelegate.java:330] INFO  org.springframework.context.support.PostProcessorRegistrationDelegate$BeanPostProcessorChecker - Bean 'org.springframework.transaction.annotation.ProxyTransactionManagementConfiguration' of type [org.springframework.transaction.annotation.ProxyTransactionManagementConfiguration$$EnhancerBySpringCGLIB$$a41b4923] is not eligible for getting processed by all BeanPostProcessors (for example: not eligible for auto-proxying) 
2020-07-07 20:22:52.046 [main] [PostProcessorRegistrationDelegate.java:330] INFO  org.springframework.context.support.PostProcessorRegistrationDelegate$BeanPostProcessorChecker - Bean 'spring.datasource.dynamic-com.baomidou.dynamic.datasource.spring.boot.autoconfigure.DynamicDataSourceProperties' of type [com.baomidou.dynamic.datasource.spring.boot.autoconfigure.DynamicDataSourceProperties] is not eligible for getting processed by all BeanPostProcessors (for example: not eligible for auto-proxying) 
2020-07-07 20:22:52.046 [main] [PostProcessorRegistrationDelegate.java:330] INFO  org.springframework.context.support.PostProcessorRegistrationDelegate$BeanPostProcessorChecker - Bean 'com.baomidou.dynamic.datasource.spring.boot.autoconfigure.DynamicDataSourceAutoConfiguration' of type [com.baomidou.dynamic.datasource.spring.boot.autoconfigure.DynamicDataSourceAutoConfiguration$$EnhancerBySpringCGLIB$$da9b9f4] is not eligible for getting processed by all BeanPostProcessors (for example: not eligible for auto-proxying) 
2020-07-07 20:22:52.046 [main] [PostProcessorRegistrationDelegate.java:330] INFO  org.springframework.context.support.PostProcessorRegistrationDelegate$BeanPostProcessorChecker - Bean 'dsProcessor' of type [com.baomidou.dynamic.datasource.processor.DsHeaderProcessor] is not eligible for getting processed by all BeanPostProcessors (for example: not eligible for auto-proxying) 
2020-07-07 20:22:52.046 [main] [PostProcessorRegistrationDelegate.java:330] INFO  org.springframework.context.support.PostProcessorRegistrationDelegate$BeanPostProcessorChecker - Bean 'dynamicDatasourceAnnotationAdvisor' of type [com.baomidou.dynamic.datasource.aop.DynamicDataSourceAnnotationAdvisor] is not eligible for getting processed by all BeanPostProcessors (for example: not eligible for auto-proxying) 
2020-07-07 20:22:52.679 [main] [TomcatWebServer.java:90] INFO  org.springframework.boot.web.embedded.tomcat.TomcatWebServer - Tomcat initialized with port(s): 8080 (http) 
2020-07-07 20:22:52.694 [main] [DirectJDKLog.java:173] INFO  org.apache.coyote.http11.Http11NioProtocol - Initializing ProtocolHandler ["http-nio-8080"] 
2020-07-07 20:22:52.710 [main] [DirectJDKLog.java:173] INFO  org.apache.catalina.core.StandardService - Starting service [Tomcat] 
2020-07-07 20:22:52.710 [main] [DirectJDKLog.java:173] INFO  org.apache.catalina.core.StandardEngine - Starting Servlet engine: [Apache Tomcat/9.0.16] 
2020-07-07 20:22:52.722 [main] [DirectJDKLog.java:173] INFO  org.apache.catalina.core.AprLifecycleListener - Loaded APR based Apache Tomcat Native library [1.2.21] using APR version [1.6.5]. 
2020-07-07 20:22:52.723 [main] [DirectJDKLog.java:173] INFO  org.apache.catalina.core.AprLifecycleListener - APR capabilities: IPv6 [true], sendfile [true], accept filters [false], random [true]. 
2020-07-07 20:22:52.723 [main] [DirectJDKLog.java:173] INFO  org.apache.catalina.core.AprLifecycleListener - APR/OpenSSL configuration: useAprConnector [false], useOpenSSL [true] 
2020-07-07 20:22:53.781 [main] [DirectJDKLog.java:173] INFO  org.apache.catalina.core.AprLifecycleListener - OpenSSL successfully initialized [OpenSSL 1.0.2q  20 Nov 2018] 
2020-07-07 20:22:54.017 [main] [DirectJDKLog.java:173] INFO  org.apache.catalina.core.ContainerBase.[Tomcat].[localhost].[/] - Initializing Spring embedded WebApplicationContext 
2020-07-07 20:22:54.018 [main] [ServletWebServerApplicationContext.java:296] INFO  org.springframework.web.context.ContextLoader - Root WebApplicationContext: initialization completed in 5392 ms 
2020-07-07 20:22:54.680 [main] [DynamicDataSourceCreator.java:113] INFO  com.baomidou.dynamic.datasource.DynamicDataSourceCreator - 动态数据源-检测到druid存在,如配置中未指定type,druid会默认配置 
2020-07-07 20:22:56.316 [main] [DruidDataSource.java:930] INFO  com.alibaba.druid.pool.DruidDataSource - {dataSource-1,master} inited 
2020-07-07 20:22:56.377 [main] [DruidDataSource.java:930] INFO  com.alibaba.druid.pool.DruidDataSource - {dataSource-2,appconfig} inited 
2020-07-07 20:22:56.424 [main] [DruidDataSource.java:930] INFO  com.alibaba.druid.pool.DruidDataSource - {dataSource-3,applog} inited 
2020-07-07 20:22:56.485 [main] [DruidDataSource.java:930] INFO  com.alibaba.druid.pool.DruidDataSource - {dataSource-4,app} inited 
2020-07-07 20:22:56.485 [main] [DynamicRoutingDataSource.java:203] INFO  com.baomidou.dynamic.datasource.DynamicRoutingDataSource - 初始共加载 4 个数据源 
2020-07-07 20:22:56.485 [main] [DynamicRoutingDataSource.java:142] INFO  com.baomidou.dynamic.datasource.DynamicRoutingDataSource - 动态数据源-加载 appconfig 成功 
2020-07-07 20:22:56.486 [main] [DynamicRoutingDataSource.java:142] INFO  com.baomidou.dynamic.datasource.DynamicRoutingDataSource - 动态数据源-加载 app 成功 
2020-07-07 20:22:56.486 [main] [DynamicRoutingDataSource.java:142] INFO  com.baomidou.dynamic.datasource.DynamicRoutingDataSource - 动态数据源-加载 master 成功 
2020-07-07 20:22:56.486 [main] [DynamicRoutingDataSource.java:142] INFO  com.baomidou.dynamic.datasource.DynamicRoutingDataSource - 动态数据源-加载 applog 成功 
2020-07-07 20:22:56.486 [main] [DynamicRoutingDataSource.java:212] INFO  com.baomidou.dynamic.datasource.DynamicRoutingDataSource - 当前的默认数据源是单数据源，数据源名为 appconfig 
2020-07-07 20:22:57.530 [main] [JwtAccessTokenConverter.java:302] WARN  org.springframework.security.oauth2.provider.token.store.JwtAccessTokenConverter - Unable to create an RSA verifier from verifierKey (ignoreable if using MAC) 
2020-07-07 20:22:58.147 [main] [PropertySourcedRequestMappingHandlerMapping.java:69] INFO  springfox.documentation.spring.web.PropertySourcedRequestMappingHandlerMapping - Mapped URL path [/v2/api-docs] onto method [public org.springframework.http.ResponseEntity<springfox.documentation.spring.web.json.Json> springfox.documentation.swagger2.web.Swagger2Controller.getDocumentation(java.lang.String,javax.servlet.http.HttpServletRequest)] 
2020-07-07 20:22:58.436 [main] [ExecutorConfigurationSupport.java:171] INFO  org.springframework.scheduling.concurrent.ThreadPoolTaskExecutor - Initializing ExecutorService 'applicationTaskExecutor' 
2020-07-07 20:22:59.334 [main] [DefaultSecurityFilterChain.java:43] INFO  org.springframework.security.web.DefaultSecurityFilterChain - Creating filter chain: OrRequestMatcher [requestMatchers=[Ant [pattern='/oauth/token'], Ant [pattern='/oauth/token_key'], Ant [pattern='/oauth/check_token']]], [org.springframework.security.web.context.request.async.WebAsyncManagerIntegrationFilter@61dd1c3d, org.springframework.security.web.context.SecurityContextPersistenceFilter@3cf4dec7, org.springframework.security.web.header.HeaderWriterFilter@49122853, org.springframework.security.web.authentication.logout.LogoutFilter@7c5c20ed, org.springframework.security.oauth2.provider.client.ClientCredentialsTokenEndpointFilter@1f7336b2, org.springframework.security.web.authentication.www.BasicAuthenticationFilter@7e50eeb9, org.springframework.security.web.savedrequest.RequestCacheAwareFilter@299fc582, org.springframework.security.web.servletapi.SecurityContextHolderAwareRequestFilter@1f9a7684, org.springframework.security.web.authentication.AnonymousAuthenticationFilter@7858d31d, org.springframework.security.web.session.SessionManagementFilter@4bbf20d1, org.springframework.security.web.access.ExceptionTranslationFilter@4a833595, org.springframework.security.web.access.intercept.FilterSecurityInterceptor@1d1cfe4] 
2020-07-07 20:22:59.345 [main] [DefaultSecurityFilterChain.java:43] INFO  org.springframework.security.web.DefaultSecurityFilterChain - Creating filter chain: org.springframework.security.oauth2.config.annotation.web.configuration.ResourceServerConfiguration$NotOAuthRequestMatcher@7417ef4f, [org.springframework.security.web.context.request.async.WebAsyncManagerIntegrationFilter@5c0e2ec, org.springframework.security.web.context.SecurityContextPersistenceFilter@425b5fe2, org.springframework.security.web.header.HeaderWriterFilter@38e00b47, org.springframework.security.web.authentication.logout.LogoutFilter@343db2f6, org.springframework.security.oauth2.provider.authentication.OAuth2AuthenticationProcessingFilter@2b1a901d, org.springframework.security.web.savedrequest.RequestCacheAwareFilter@3eec8583, org.springframework.security.web.servletapi.SecurityContextHolderAwareRequestFilter@66e1b2a, org.springframework.security.web.authentication.AnonymousAuthenticationFilter@4fa8bebb, org.springframework.security.web.session.SessionManagementFilter@2a631049, org.springframework.security.web.access.ExceptionTranslationFilter@6c421123, org.springframework.security.web.access.intercept.FilterSecurityInterceptor@553ce348] 
2020-07-07 20:22:59.349 [main] [DefaultSecurityFilterChain.java:43] INFO  org.springframework.security.web.DefaultSecurityFilterChain - Creating filter chain: Ant [pattern='/oauth/**'], [org.springframework.security.web.context.request.async.WebAsyncManagerIntegrationFilter@6abb7b7d, org.springframework.security.web.context.SecurityContextPersistenceFilter@3feebf9c, org.springframework.security.web.header.HeaderWriterFilter@a4df251, org.springframework.security.web.authentication.logout.LogoutFilter@18d610e1, org.springframework.security.web.savedrequest.RequestCacheAwareFilter@305e95a4, org.springframework.security.web.servletapi.SecurityContextHolderAwareRequestFilter@55e42684, org.springframework.security.web.authentication.AnonymousAuthenticationFilter@34cf0e80, org.springframework.security.web.session.SessionManagementFilter@71e7830a, org.springframework.security.web.access.ExceptionTranslationFilter@4269aad7, org.springframework.security.web.access.intercept.FilterSecurityInterceptor@4ae49387] 
2020-07-07 20:22:59.442 [main] [DocumentationPluginsBootstrapper.java:147] INFO  springfox.documentation.spring.web.plugins.DocumentationPluginsBootstrapper - Context refreshed 
2020-07-07 20:22:59.489 [main] [DocumentationPluginsBootstrapper.java:150] INFO  springfox.documentation.spring.web.plugins.DocumentationPluginsBootstrapper - Found 1 custom documentation plugin(s) 
2020-07-07 20:22:59.567 [main] [ApiListingReferenceScanner.java:41] INFO  springfox.documentation.spring.web.scanners.ApiListingReferenceScanner - Scanning for api listing references 
2020-07-07 20:23:00.005 [main] [CachingOperationNameGenerator.java:40] INFO  springfox.documentation.spring.web.readers.operation.CachingOperationNameGenerator - Generating unique operation named: deleteConfigItemUsingPOST_1 
2020-07-07 20:23:00.005 [main] [CachingOperationNameGenerator.java:40] INFO  springfox.documentation.spring.web.readers.operation.CachingOperationNameGenerator - Generating unique operation named: insertConfigItemUsingPOST_1 
2020-07-07 20:23:00.005 [main] [CachingOperationNameGenerator.java:40] INFO  springfox.documentation.spring.web.readers.operation.CachingOperationNameGenerator - Generating unique operation named: updateConfigItemUsingPOST_1 
2020-07-07 20:23:00.036 [main] [DirectJDKLog.java:173] INFO  org.apache.coyote.http11.Http11NioProtocol - Starting ProtocolHandler ["http-nio-8080"] 
2020-07-07 20:23:00.052 [main] [TomcatWebServer.java:204] INFO  org.springframework.boot.web.embedded.tomcat.TomcatWebServer - Tomcat started on port(s): 8080 (http) with context path '' 
2020-07-07 20:23:00.067 [main] [StartupInfoLogger.java:59] INFO  com.tjhnode.DataserviceApplication - Started DataserviceApplication in 12.603 seconds (JVM running for 15.43) 
2020-07-07 20:23:35.612 [http-nio-8080-exec-1] [DirectJDKLog.java:173] INFO  org.apache.catalina.core.ContainerBase.[Tomcat].[localhost].[/] - Initializing Spring DispatcherServlet 'dispatcherServlet' 
2020-07-07 20:23:35.612 [http-nio-8080-exec-1] [FrameworkServlet.java:524] INFO  org.springframework.web.servlet.DispatcherServlet - Initializing Servlet 'dispatcherServlet' 
2020-07-07 20:23:35.623 [http-nio-8080-exec-1] [FrameworkServlet.java:546] INFO  org.springframework.web.servlet.DispatcherServlet - Completed initialization in 10 ms 
2020-07-07 20:29:09.817 [main] [StartupInfoLogger.java:50] INFO  com.tjhnode.DataserviceApplication - Starting DataserviceApplication on tjh with PID 9184 (D:\JavaProject\dataservice\target\classes started by My in D:\JavaProject\dataservice) 
2020-07-07 20:29:09.833 [main] [SpringApplication.java:675] INFO  com.tjhnode.DataserviceApplication - No active profile set, falling back to default profiles: default 
2020-07-07 20:29:10.708 [main] [RepositoryConfigurationDelegate.java:244] INFO  org.springframework.data.repository.config.RepositoryConfigurationDelegate - Multiple Spring Data modules found, entering strict repository configuration mode! 
2020-07-07 20:29:10.723 [main] [RepositoryConfigurationDelegate.java:126] INFO  org.springframework.data.repository.config.RepositoryConfigurationDelegate - Bootstrapping Spring Data repositories in DEFAULT mode. 
2020-07-07 20:29:10.754 [main] [RepositoryConfigurationDelegate.java:182] INFO  org.springframework.data.repository.config.RepositoryConfigurationDelegate - Finished Spring Data repository scanning in 31ms. Found 0 repository interfaces. 
2020-07-07 20:29:11.036 [main] [PostProcessorRegistrationDelegate.java:330] INFO  org.springframework.context.support.PostProcessorRegistrationDelegate$BeanPostProcessorChecker - Bean 'org.springframework.transaction.annotation.ProxyTransactionManagementConfiguration' of type [org.springframework.transaction.annotation.ProxyTransactionManagementConfiguration$$EnhancerBySpringCGLIB$$beb76fc2] is not eligible for getting processed by all BeanPostProcessors (for example: not eligible for auto-proxying) 
2020-07-07 20:29:11.082 [main] [PostProcessorRegistrationDelegate.java:330] INFO  org.springframework.context.support.PostProcessorRegistrationDelegate$BeanPostProcessorChecker - Bean 'spring.datasource.dynamic-com.baomidou.dynamic.datasource.spring.boot.autoconfigure.DynamicDataSourceProperties' of type [com.baomidou.dynamic.datasource.spring.boot.autoconfigure.DynamicDataSourceProperties] is not eligible for getting processed by all BeanPostProcessors (for example: not eligible for auto-proxying) 
2020-07-07 20:29:11.082 [main] [PostProcessorRegistrationDelegate.java:330] INFO  org.springframework.context.support.PostProcessorRegistrationDelegate$BeanPostProcessorChecker - Bean 'com.baomidou.dynamic.datasource.spring.boot.autoconfigure.DynamicDataSourceAutoConfiguration' of type [com.baomidou.dynamic.datasource.spring.boot.autoconfigure.DynamicDataSourceAutoConfiguration$$EnhancerBySpringCGLIB$$2845e093] is not eligible for getting processed by all BeanPostProcessors (for example: not eligible for auto-proxying) 
2020-07-07 20:29:11.098 [main] [PostProcessorRegistrationDelegate.java:330] INFO  org.springframework.context.support.PostProcessorRegistrationDelegate$BeanPostProcessorChecker - Bean 'dsProcessor' of type [com.baomidou.dynamic.datasource.processor.DsHeaderProcessor] is not eligible for getting processed by all BeanPostProcessors (for example: not eligible for auto-proxying) 
2020-07-07 20:29:11.098 [main] [PostProcessorRegistrationDelegate.java:330] INFO  org.springframework.context.support.PostProcessorRegistrationDelegate$BeanPostProcessorChecker - Bean 'dynamicDatasourceAnnotationAdvisor' of type [com.baomidou.dynamic.datasource.aop.DynamicDataSourceAnnotationAdvisor] is not eligible for getting processed by all BeanPostProcessors (for example: not eligible for auto-proxying) 
2020-07-07 20:29:11.411 [main] [TomcatWebServer.java:90] INFO  org.springframework.boot.web.embedded.tomcat.TomcatWebServer - Tomcat initialized with port(s): 8080 (http) 
2020-07-07 20:29:11.411 [main] [DirectJDKLog.java:173] INFO  org.apache.coyote.http11.Http11NioProtocol - Initializing ProtocolHandler ["http-nio-8080"] 
2020-07-07 20:29:11.426 [main] [DirectJDKLog.java:173] INFO  org.apache.catalina.core.StandardService - Starting service [Tomcat] 
2020-07-07 20:29:11.426 [main] [DirectJDKLog.java:173] INFO  org.apache.catalina.core.StandardEngine - Starting Servlet engine: [Apache Tomcat/9.0.16] 
2020-07-07 20:29:11.426 [main] [DirectJDKLog.java:173] INFO  org.apache.catalina.core.AprLifecycleListener - Loaded APR based Apache Tomcat Native library [1.2.21] using APR version [1.6.5]. 
2020-07-07 20:29:11.426 [main] [DirectJDKLog.java:173] INFO  org.apache.catalina.core.AprLifecycleListener - APR capabilities: IPv6 [true], sendfile [true], accept filters [false], random [true]. 
2020-07-07 20:29:11.426 [main] [DirectJDKLog.java:173] INFO  org.apache.catalina.core.AprLifecycleListener - APR/OpenSSL configuration: useAprConnector [false], useOpenSSL [true] 
2020-07-07 20:29:12.504 [main] [DirectJDKLog.java:173] INFO  org.apache.catalina.core.AprLifecycleListener - OpenSSL successfully initialized [OpenSSL 1.0.2q  20 Nov 2018] 
2020-07-07 20:29:12.645 [main] [DirectJDKLog.java:173] INFO  org.apache.catalina.core.ContainerBase.[Tomcat].[localhost].[/] - Initializing Spring embedded WebApplicationContext 
2020-07-07 20:29:12.645 [main] [ServletWebServerApplicationContext.java:296] INFO  org.springframework.web.context.ContextLoader - Root WebApplicationContext: initialization completed in 2797 ms 
2020-07-07 20:29:12.973 [main] [DynamicDataSourceCreator.java:113] INFO  com.baomidou.dynamic.datasource.DynamicDataSourceCreator - 动态数据源-检测到druid存在,如配置中未指定type,druid会默认配置 
2020-07-07 20:29:14.301 [main] [DruidDataSource.java:930] INFO  com.alibaba.druid.pool.DruidDataSource - {dataSource-1,master} inited 
2020-07-07 20:29:14.364 [main] [DruidDataSource.java:930] INFO  com.alibaba.druid.pool.DruidDataSource - {dataSource-2,appconfig} inited 
2020-07-07 20:29:14.395 [main] [DruidDataSource.java:930] INFO  com.alibaba.druid.pool.DruidDataSource - {dataSource-3,applog} inited 
2020-07-07 20:29:14.457 [main] [DruidDataSource.java:930] INFO  com.alibaba.druid.pool.DruidDataSource - {dataSource-4,app} inited 
2020-07-07 20:29:14.457 [main] [DynamicRoutingDataSource.java:203] INFO  com.baomidou.dynamic.datasource.DynamicRoutingDataSource - 初始共加载 4 个数据源 
2020-07-07 20:29:14.457 [main] [DynamicRoutingDataSource.java:142] INFO  com.baomidou.dynamic.datasource.DynamicRoutingDataSource - 动态数据源-加载 appconfig 成功 
2020-07-07 20:29:14.457 [main] [DynamicRoutingDataSource.java:142] INFO  com.baomidou.dynamic.datasource.DynamicRoutingDataSource - 动态数据源-加载 app 成功 
2020-07-07 20:29:14.457 [main] [DynamicRoutingDataSource.java:142] INFO  com.baomidou.dynamic.datasource.DynamicRoutingDataSource - 动态数据源-加载 master 成功 
2020-07-07 20:29:14.457 [main] [DynamicRoutingDataSource.java:142] INFO  com.baomidou.dynamic.datasource.DynamicRoutingDataSource - 动态数据源-加载 applog 成功 
2020-07-07 20:29:14.457 [main] [DynamicRoutingDataSource.java:212] INFO  com.baomidou.dynamic.datasource.DynamicRoutingDataSource - 当前的默认数据源是单数据源，数据源名为 appconfig 
2020-07-07 20:29:15.160 [main] [JwtAccessTokenConverter.java:302] WARN  org.springframework.security.oauth2.provider.token.store.JwtAccessTokenConverter - Unable to create an RSA verifier from verifierKey (ignoreable if using MAC) 
2020-07-07 20:29:15.488 [main] [PropertySourcedRequestMappingHandlerMapping.java:69] INFO  springfox.documentation.spring.web.PropertySourcedRequestMappingHandlerMapping - Mapped URL path [/v2/api-docs] onto method [public org.springframework.http.ResponseEntity<springfox.documentation.spring.web.json.Json> springfox.documentation.swagger2.web.Swagger2Controller.getDocumentation(java.lang.String,javax.servlet.http.HttpServletRequest)] 
2020-07-07 20:29:15.645 [main] [ExecutorConfigurationSupport.java:171] INFO  org.springframework.scheduling.concurrent.ThreadPoolTaskExecutor - Initializing ExecutorService 'applicationTaskExecutor' 
2020-07-07 20:29:16.129 [main] [DefaultSecurityFilterChain.java:43] INFO  org.springframework.security.web.DefaultSecurityFilterChain - Creating filter chain: OrRequestMatcher [requestMatchers=[Ant [pattern='/oauth/token'], Ant [pattern='/oauth/token_key'], Ant [pattern='/oauth/check_token']]], [org.springframework.security.web.context.request.async.WebAsyncManagerIntegrationFilter@344f9467, org.springframework.security.web.context.SecurityContextPersistenceFilter@6df2af02, org.springframework.security.web.header.HeaderWriterFilter@68d8eb4f, org.springframework.security.web.authentication.logout.LogoutFilter@4cfc0c48, org.springframework.security.oauth2.provider.client.ClientCredentialsTokenEndpointFilter@37a3ec27, org.springframework.security.web.authentication.www.BasicAuthenticationFilter@553ce348, org.springframework.security.web.savedrequest.RequestCacheAwareFilter@1f7336b2, org.springframework.security.web.servletapi.SecurityContextHolderAwareRequestFilter@618f627b, org.springframework.security.web.authentication.AnonymousAuthenticationFilter@3e98b933, org.springframework.security.web.session.SessionManagementFilter@6501b105, org.springframework.security.web.access.ExceptionTranslationFilter@45c423b3, org.springframework.security.web.access.intercept.FilterSecurityInterceptor@1a7d0c9f] 
2020-07-07 20:29:16.145 [main] [DefaultSecurityFilterChain.java:43] INFO  org.springframework.security.web.DefaultSecurityFilterChain - Creating filter chain: org.springframework.security.oauth2.config.annotation.web.configuration.ResourceServerConfiguration$NotOAuthRequestMatcher@143413cd, [org.springframework.security.web.context.request.async.WebAsyncManagerIntegrationFilter@4b32465, org.springframework.security.web.context.SecurityContextPersistenceFilter@6abb7b7d, org.springframework.security.web.header.HeaderWriterFilter@621dc63d, org.springframework.security.web.authentication.logout.LogoutFilter@56f9de3b, org.springframework.security.oauth2.provider.authentication.OAuth2AuthenticationProcessingFilter@6e981e78, org.springframework.security.web.savedrequest.RequestCacheAwareFilter@34cf0e80, org.springframework.security.web.servletapi.SecurityContextHolderAwareRequestFilter@38ef1a0a, org.springframework.security.web.authentication.AnonymousAuthenticationFilter@146f3d22, org.springframework.security.web.session.SessionManagementFilter@4ae49387, org.springframework.security.web.access.ExceptionTranslationFilter@16391278, org.springframework.security.web.access.intercept.FilterSecurityInterceptor@4af70b83] 
2020-07-07 20:29:16.145 [main] [DefaultSecurityFilterChain.java:43] INFO  org.springframework.security.web.DefaultSecurityFilterChain - Creating filter chain: Ant [pattern='/oauth/**'], [org.springframework.security.web.context.request.async.WebAsyncManagerIntegrationFilter@70c56434, org.springframework.security.web.context.SecurityContextPersistenceFilter@3c9e19de, org.springframework.security.web.header.HeaderWriterFilter@15e5246, org.springframework.security.web.authentication.logout.LogoutFilter@1bec1589, org.springframework.security.web.savedrequest.RequestCacheAwareFilter@12aa381f, org.springframework.security.web.servletapi.SecurityContextHolderAwareRequestFilter@6115846e, org.springframework.security.web.authentication.AnonymousAuthenticationFilter@2c3f43d1, org.springframework.security.web.session.SessionManagementFilter@503556cb, org.springframework.security.web.access.ExceptionTranslationFilter@60f9dc7e, org.springframework.security.web.access.intercept.FilterSecurityInterceptor@2299d903] 
2020-07-07 20:29:16.207 [main] [DocumentationPluginsBootstrapper.java:147] INFO  springfox.documentation.spring.web.plugins.DocumentationPluginsBootstrapper - Context refreshed 
2020-07-07 20:29:16.223 [main] [DocumentationPluginsBootstrapper.java:150] INFO  springfox.documentation.spring.web.plugins.DocumentationPluginsBootstrapper - Found 1 custom documentation plugin(s) 
2020-07-07 20:29:16.285 [main] [ApiListingReferenceScanner.java:41] INFO  springfox.documentation.spring.web.scanners.ApiListingReferenceScanner - Scanning for api listing references 
2020-07-07 20:29:16.645 [main] [CachingOperationNameGenerator.java:40] INFO  springfox.documentation.spring.web.readers.operation.CachingOperationNameGenerator - Generating unique operation named: deleteConfigItemUsingPOST_1 
2020-07-07 20:29:16.660 [main] [CachingOperationNameGenerator.java:40] INFO  springfox.documentation.spring.web.readers.operation.CachingOperationNameGenerator - Generating unique operation named: insertConfigItemUsingPOST_1 
2020-07-07 20:29:16.660 [main] [CachingOperationNameGenerator.java:40] INFO  springfox.documentation.spring.web.readers.operation.CachingOperationNameGenerator - Generating unique operation named: updateConfigItemUsingPOST_1 
2020-07-07 20:29:16.676 [main] [DirectJDKLog.java:173] INFO  org.apache.coyote.http11.Http11NioProtocol - Starting ProtocolHandler ["http-nio-8080"] 
2020-07-07 20:29:16.691 [main] [TomcatWebServer.java:204] INFO  org.springframework.boot.web.embedded.tomcat.TomcatWebServer - Tomcat started on port(s): 8080 (http) with context path '' 
2020-07-07 20:29:16.707 [main] [StartupInfoLogger.java:59] INFO  com.tjhnode.DataserviceApplication - Started DataserviceApplication in 7.296 seconds (JVM running for 9.233) 
2020-07-07 20:29:28.929 [http-nio-8080-exec-2] [DirectJDKLog.java:173] INFO  org.apache.catalina.core.ContainerBase.[Tomcat].[localhost].[/] - Initializing Spring DispatcherServlet 'dispatcherServlet' 
2020-07-07 20:29:28.930 [http-nio-8080-exec-2] [FrameworkServlet.java:524] INFO  org.springframework.web.servlet.DispatcherServlet - Initializing Servlet 'dispatcherServlet' 
2020-07-07 20:29:28.938 [http-nio-8080-exec-2] [FrameworkServlet.java:546] INFO  org.springframework.web.servlet.DispatcherServlet - Completed initialization in 7 ms 
2020-07-07 20:41:18.263 [main] [StartupInfoLogger.java:50] INFO  com.tjhnode.DataserviceApplication - Starting DataserviceApplication on tjh with PID 11464 (D:\JavaProject\dataservice\target\classes started by My in D:\JavaProject\dataservice) 
2020-07-07 20:41:18.278 [main] [SpringApplication.java:675] INFO  com.tjhnode.DataserviceApplication - No active profile set, falling back to default profiles: default 
2020-07-07 20:41:19.200 [main] [RepositoryConfigurationDelegate.java:244] INFO  org.springframework.data.repository.config.RepositoryConfigurationDelegate - Multiple Spring Data modules found, entering strict repository configuration mode! 
2020-07-07 20:41:19.216 [main] [RepositoryConfigurationDelegate.java:126] INFO  org.springframework.data.repository.config.RepositoryConfigurationDelegate - Bootstrapping Spring Data repositories in DEFAULT mode. 
2020-07-07 20:41:19.247 [main] [RepositoryConfigurationDelegate.java:182] INFO  org.springframework.data.repository.config.RepositoryConfigurationDelegate - Finished Spring Data repository scanning in 31ms. Found 0 repository interfaces. 
2020-07-07 20:41:19.544 [main] [PostProcessorRegistrationDelegate.java:330] INFO  org.springframework.context.support.PostProcessorRegistrationDelegate$BeanPostProcessorChecker - Bean 'org.springframework.transaction.annotation.ProxyTransactionManagementConfiguration' of type [org.springframework.transaction.annotation.ProxyTransactionManagementConfiguration$$EnhancerBySpringCGLIB$$39160f7b] is not eligible for getting processed by all BeanPostProcessors (for example: not eligible for auto-proxying) 
2020-07-07 20:41:19.591 [main] [PostProcessorRegistrationDelegate.java:330] INFO  org.springframework.context.support.PostProcessorRegistrationDelegate$BeanPostProcessorChecker - Bean 'spring.datasource.dynamic-com.baomidou.dynamic.datasource.spring.boot.autoconfigure.DynamicDataSourceProperties' of type [com.baomidou.dynamic.datasource.spring.boot.autoconfigure.DynamicDataSourceProperties] is not eligible for getting processed by all BeanPostProcessors (for example: not eligible for auto-proxying) 
2020-07-07 20:41:19.591 [main] [PostProcessorRegistrationDelegate.java:330] INFO  org.springframework.context.support.PostProcessorRegistrationDelegate$BeanPostProcessorChecker - Bean 'com.baomidou.dynamic.datasource.spring.boot.autoconfigure.DynamicDataSourceAutoConfiguration' of type [com.baomidou.dynamic.datasource.spring.boot.autoconfigure.DynamicDataSourceAutoConfiguration$$EnhancerBySpringCGLIB$$a2a4804c] is not eligible for getting processed by all BeanPostProcessors (for example: not eligible for auto-proxying) 
2020-07-07 20:41:19.591 [main] [PostProcessorRegistrationDelegate.java:330] INFO  org.springframework.context.support.PostProcessorRegistrationDelegate$BeanPostProcessorChecker - Bean 'dsProcessor' of type [com.baomidou.dynamic.datasource.processor.DsHeaderProcessor] is not eligible for getting processed by all BeanPostProcessors (for example: not eligible for auto-proxying) 
2020-07-07 20:41:19.606 [main] [PostProcessorRegistrationDelegate.java:330] INFO  org.springframework.context.support.PostProcessorRegistrationDelegate$BeanPostProcessorChecker - Bean 'dynamicDatasourceAnnotationAdvisor' of type [com.baomidou.dynamic.datasource.aop.DynamicDataSourceAnnotationAdvisor] is not eligible for getting processed by all BeanPostProcessors (for example: not eligible for auto-proxying) 
2020-07-07 20:41:19.919 [main] [TomcatWebServer.java:90] INFO  org.springframework.boot.web.embedded.tomcat.TomcatWebServer - Tomcat initialized with port(s): 8080 (http) 
2020-07-07 20:41:19.934 [main] [DirectJDKLog.java:173] INFO  org.apache.coyote.http11.Http11NioProtocol - Initializing ProtocolHandler ["http-nio-8080"] 
2020-07-07 20:41:19.934 [main] [DirectJDKLog.java:173] INFO  org.apache.catalina.core.StandardService - Starting service [Tomcat] 
2020-07-07 20:41:19.934 [main] [DirectJDKLog.java:173] INFO  org.apache.catalina.core.StandardEngine - Starting Servlet engine: [Apache Tomcat/9.0.16] 
2020-07-07 20:41:19.950 [main] [DirectJDKLog.java:173] INFO  org.apache.catalina.core.AprLifecycleListener - Loaded APR based Apache Tomcat Native library [1.2.21] using APR version [1.6.5]. 
2020-07-07 20:41:19.950 [main] [DirectJDKLog.java:173] INFO  org.apache.catalina.core.AprLifecycleListener - APR capabilities: IPv6 [true], sendfile [true], accept filters [false], random [true]. 
2020-07-07 20:41:19.950 [main] [DirectJDKLog.java:173] INFO  org.apache.catalina.core.AprLifecycleListener - APR/OpenSSL configuration: useAprConnector [false], useOpenSSL [true] 
2020-07-07 20:41:20.997 [main] [DirectJDKLog.java:173] INFO  org.apache.catalina.core.AprLifecycleListener - OpenSSL successfully initialized [OpenSSL 1.0.2q  20 Nov 2018] 
2020-07-07 20:41:21.137 [main] [DirectJDKLog.java:173] INFO  org.apache.catalina.core.ContainerBase.[Tomcat].[localhost].[/] - Initializing Spring embedded WebApplicationContext 
2020-07-07 20:41:21.137 [main] [ServletWebServerApplicationContext.java:296] INFO  org.springframework.web.context.ContextLoader - Root WebApplicationContext: initialization completed in 2828 ms 
2020-07-07 20:41:21.465 [main] [DynamicDataSourceCreator.java:113] INFO  com.baomidou.dynamic.datasource.DynamicDataSourceCreator - 动态数据源-检测到druid存在,如配置中未指定type,druid会默认配置 
2020-07-07 20:41:22.715 [main] [DruidDataSource.java:930] INFO  com.alibaba.druid.pool.DruidDataSource - {dataSource-1,master} inited 
2020-07-07 20:41:22.762 [main] [DruidDataSource.java:930] INFO  com.alibaba.druid.pool.DruidDataSource - {dataSource-2,appconfig} inited 
2020-07-07 20:41:22.809 [main] [DruidDataSource.java:930] INFO  com.alibaba.druid.pool.DruidDataSource - {dataSource-3,applog} inited 
2020-07-07 20:41:22.856 [main] [DruidDataSource.java:930] INFO  com.alibaba.druid.pool.DruidDataSource - {dataSource-4,app} inited 
2020-07-07 20:41:22.856 [main] [DynamicRoutingDataSource.java:203] INFO  com.baomidou.dynamic.datasource.DynamicRoutingDataSource - 初始共加载 4 个数据源 
2020-07-07 20:41:22.856 [main] [DynamicRoutingDataSource.java:142] INFO  com.baomidou.dynamic.datasource.DynamicRoutingDataSource - 动态数据源-加载 appconfig 成功 
2020-07-07 20:41:22.872 [main] [DynamicRoutingDataSource.java:142] INFO  com.baomidou.dynamic.datasource.DynamicRoutingDataSource - 动态数据源-加载 app 成功 
2020-07-07 20:41:22.872 [main] [DynamicRoutingDataSource.java:142] INFO  com.baomidou.dynamic.datasource.DynamicRoutingDataSource - 动态数据源-加载 master 成功 
2020-07-07 20:41:22.872 [main] [DynamicRoutingDataSource.java:142] INFO  com.baomidou.dynamic.datasource.DynamicRoutingDataSource - 动态数据源-加载 applog 成功 
2020-07-07 20:41:22.872 [main] [DynamicRoutingDataSource.java:212] INFO  com.baomidou.dynamic.datasource.DynamicRoutingDataSource - 当前的默认数据源是单数据源，数据源名为 appconfig 
2020-07-07 20:41:23.512 [main] [JwtAccessTokenConverter.java:302] WARN  org.springframework.security.oauth2.provider.token.store.JwtAccessTokenConverter - Unable to create an RSA verifier from verifierKey (ignoreable if using MAC) 
2020-07-07 20:41:23.825 [main] [PropertySourcedRequestMappingHandlerMapping.java:69] INFO  springfox.documentation.spring.web.PropertySourcedRequestMappingHandlerMapping - Mapped URL path [/v2/api-docs] onto method [public org.springframework.http.ResponseEntity<springfox.documentation.spring.web.json.Json> springfox.documentation.swagger2.web.Swagger2Controller.getDocumentation(java.lang.String,javax.servlet.http.HttpServletRequest)] 
2020-07-07 20:41:23.997 [main] [ExecutorConfigurationSupport.java:171] INFO  org.springframework.scheduling.concurrent.ThreadPoolTaskExecutor - Initializing ExecutorService 'applicationTaskExecutor' 
2020-07-07 20:41:24.450 [main] [DefaultSecurityFilterChain.java:43] INFO  org.springframework.security.web.DefaultSecurityFilterChain - Creating filter chain: OrRequestMatcher [requestMatchers=[Ant [pattern='/oauth/token'], Ant [pattern='/oauth/token_key'], Ant [pattern='/oauth/check_token']]], [org.springframework.security.web.context.request.async.WebAsyncManagerIntegrationFilter@66b6873f, org.springframework.security.web.context.SecurityContextPersistenceFilter@6afeaf2d, org.springframework.security.web.header.HeaderWriterFilter@4540c7, org.springframework.security.web.authentication.logout.LogoutFilter@2f471037, org.springframework.security.oauth2.provider.client.ClientCredentialsTokenEndpointFilter@20be890d, org.springframework.security.web.authentication.www.BasicAuthenticationFilter@a03529c, org.springframework.security.web.savedrequest.RequestCacheAwareFilter@1a7e799e, org.springframework.security.web.servletapi.SecurityContextHolderAwareRequestFilter@14292d71, org.springframework.security.web.authentication.AnonymousAuthenticationFilter@52285a5f, org.springframework.security.web.session.SessionManagementFilter@405d8a80, org.springframework.security.web.access.ExceptionTranslationFilter@580c17a0, org.springframework.security.web.access.intercept.FilterSecurityInterceptor@5a466dd] 
2020-07-07 20:41:24.465 [main] [DefaultSecurityFilterChain.java:43] INFO  org.springframework.security.web.DefaultSecurityFilterChain - Creating filter chain: org.springframework.security.oauth2.config.annotation.web.configuration.ResourceServerConfiguration$NotOAuthRequestMatcher@2c2a7d53, [org.springframework.security.web.context.request.async.WebAsyncManagerIntegrationFilter@46524ebe, org.springframework.security.web.context.SecurityContextPersistenceFilter@5922cff3, org.springframework.security.web.header.HeaderWriterFilter@57f0bfc3, org.springframework.security.web.authentication.logout.LogoutFilter@2c3f43d1, org.springframework.security.oauth2.provider.authentication.OAuth2AuthenticationProcessingFilter@6a1d1467, org.springframework.security.web.savedrequest.RequestCacheAwareFilter@2299d903, org.springframework.security.web.servletapi.SecurityContextHolderAwareRequestFilter@70c56434, org.springframework.security.web.authentication.AnonymousAuthenticationFilter@1de85972, org.springframework.security.web.session.SessionManagementFilter@14590fe2, org.springframework.security.web.access.ExceptionTranslationFilter@1bec1589, org.springframework.security.web.access.intercept.FilterSecurityInterceptor@41be8db9] 
2020-07-07 20:41:24.465 [main] [DefaultSecurityFilterChain.java:43] INFO  org.springframework.security.web.DefaultSecurityFilterChain - Creating filter chain: Ant [pattern='/oauth/**'], [org.springframework.security.web.context.request.async.WebAsyncManagerIntegrationFilter@11ad095c, org.springframework.security.web.context.SecurityContextPersistenceFilter@1dca62c2, org.springframework.security.web.header.HeaderWriterFilter@4aab7195, org.springframework.security.web.authentication.logout.LogoutFilter@2211b44f, org.springframework.security.web.savedrequest.RequestCacheAwareFilter@52657d5f, org.springframework.security.web.servletapi.SecurityContextHolderAwareRequestFilter@43d3995f, org.springframework.security.web.authentication.AnonymousAuthenticationFilter@2c2a903f, org.springframework.security.web.session.SessionManagementFilter@6210666c, org.springframework.security.web.access.ExceptionTranslationFilter@5a82bc58, org.springframework.security.web.access.intercept.FilterSecurityInterceptor@65af05b2] 
2020-07-07 20:41:24.528 [main] [DocumentationPluginsBootstrapper.java:147] INFO  springfox.documentation.spring.web.plugins.DocumentationPluginsBootstrapper - Context refreshed 
2020-07-07 20:41:24.528 [main] [DocumentationPluginsBootstrapper.java:150] INFO  springfox.documentation.spring.web.plugins.DocumentationPluginsBootstrapper - Found 1 custom documentation plugin(s) 
2020-07-07 20:41:24.575 [main] [ApiListingReferenceScanner.java:41] INFO  springfox.documentation.spring.web.scanners.ApiListingReferenceScanner - Scanning for api listing references 
2020-07-07 20:41:24.903 [main] [CachingOperationNameGenerator.java:40] INFO  springfox.documentation.spring.web.readers.operation.CachingOperationNameGenerator - Generating unique operation named: deleteConfigItemUsingPOST_1 
2020-07-07 20:41:24.918 [main] [CachingOperationNameGenerator.java:40] INFO  springfox.documentation.spring.web.readers.operation.CachingOperationNameGenerator - Generating unique operation named: insertConfigItemUsingPOST_1 
2020-07-07 20:41:24.918 [main] [CachingOperationNameGenerator.java:40] INFO  springfox.documentation.spring.web.readers.operation.CachingOperationNameGenerator - Generating unique operation named: updateConfigItemUsingPOST_1 
2020-07-07 20:41:24.934 [main] [DirectJDKLog.java:173] INFO  org.apache.coyote.http11.Http11NioProtocol - Starting ProtocolHandler ["http-nio-8080"] 
2020-07-07 20:41:24.950 [main] [TomcatWebServer.java:204] INFO  org.springframework.boot.web.embedded.tomcat.TomcatWebServer - Tomcat started on port(s): 8080 (http) with context path '' 
2020-07-07 20:41:24.950 [main] [StartupInfoLogger.java:59] INFO  com.tjhnode.DataserviceApplication - Started DataserviceApplication in 7.109 seconds (JVM running for 9.149) 
2020-07-07 20:41:37.441 [http-nio-8080-exec-1] [DirectJDKLog.java:173] INFO  org.apache.catalina.core.ContainerBase.[Tomcat].[localhost].[/] - Initializing Spring DispatcherServlet 'dispatcherServlet' 
2020-07-07 20:41:37.441 [http-nio-8080-exec-1] [FrameworkServlet.java:524] INFO  org.springframework.web.servlet.DispatcherServlet - Initializing Servlet 'dispatcherServlet' 
2020-07-07 20:41:37.448 [http-nio-8080-exec-1] [FrameworkServlet.java:546] INFO  org.springframework.web.servlet.DispatcherServlet - Completed initialization in 7 ms 
2020-07-07 22:37:18.965 [main] [StartupInfoLogger.java:50] INFO  com.tjhnode.DataserviceApplication - Starting DataserviceApplication on tjh with PID 6428 (D:\JavaProject\dataservice\target\classes started by My in D:\JavaProject\dataservice) 
2020-07-07 22:37:18.974 [main] [SpringApplication.java:675] INFO  com.tjhnode.DataserviceApplication - No active profile set, falling back to default profiles: default 
2020-07-07 22:37:20.156 [main] [RepositoryConfigurationDelegate.java:244] INFO  org.springframework.data.repository.config.RepositoryConfigurationDelegate - Multiple Spring Data modules found, entering strict repository configuration mode! 
2020-07-07 22:37:20.159 [main] [RepositoryConfigurationDelegate.java:126] INFO  org.springframework.data.repository.config.RepositoryConfigurationDelegate - Bootstrapping Spring Data repositories in DEFAULT mode. 
2020-07-07 22:37:20.203 [main] [RepositoryConfigurationDelegate.java:182] INFO  org.springframework.data.repository.config.RepositoryConfigurationDelegate - Finished Spring Data repository scanning in 33ms. Found 0 repository interfaces. 
2020-07-07 22:37:20.505 [main] [PostProcessorRegistrationDelegate.java:330] INFO  org.springframework.context.support.PostProcessorRegistrationDelegate$BeanPostProcessorChecker - Bean 'org.springframework.transaction.annotation.ProxyTransactionManagementConfiguration' of type [org.springframework.transaction.annotation.ProxyTransactionManagementConfiguration$$EnhancerBySpringCGLIB$$46382a28] is not eligible for getting processed by all BeanPostProcessors (for example: not eligible for auto-proxying) 
2020-07-07 22:37:20.547 [main] [PostProcessorRegistrationDelegate.java:330] INFO  org.springframework.context.support.PostProcessorRegistrationDelegate$BeanPostProcessorChecker - Bean 'spring.datasource.dynamic-com.baomidou.dynamic.datasource.spring.boot.autoconfigure.DynamicDataSourceProperties' of type [com.baomidou.dynamic.datasource.spring.boot.autoconfigure.DynamicDataSourceProperties] is not eligible for getting processed by all BeanPostProcessors (for example: not eligible for auto-proxying) 
2020-07-07 22:37:20.549 [main] [PostProcessorRegistrationDelegate.java:330] INFO  org.springframework.context.support.PostProcessorRegistrationDelegate$BeanPostProcessorChecker - Bean 'com.baomidou.dynamic.datasource.spring.boot.autoconfigure.DynamicDataSourceAutoConfiguration' of type [com.baomidou.dynamic.datasource.spring.boot.autoconfigure.DynamicDataSourceAutoConfiguration$$EnhancerBySpringCGLIB$$afc69af9] is not eligible for getting processed by all BeanPostProcessors (for example: not eligible for auto-proxying) 
2020-07-07 22:37:20.554 [main] [PostProcessorRegistrationDelegate.java:330] INFO  org.springframework.context.support.PostProcessorRegistrationDelegate$BeanPostProcessorChecker - Bean 'dsProcessor' of type [com.baomidou.dynamic.datasource.processor.DsHeaderProcessor] is not eligible for getting processed by all BeanPostProcessors (for example: not eligible for auto-proxying) 
2020-07-07 22:37:20.558 [main] [PostProcessorRegistrationDelegate.java:330] INFO  org.springframework.context.support.PostProcessorRegistrationDelegate$BeanPostProcessorChecker - Bean 'dynamicDatasourceAnnotationAdvisor' of type [com.baomidou.dynamic.datasource.aop.DynamicDataSourceAnnotationAdvisor] is not eligible for getting processed by all BeanPostProcessors (for example: not eligible for auto-proxying) 
2020-07-07 22:37:21.022 [main] [TomcatWebServer.java:90] INFO  org.springframework.boot.web.embedded.tomcat.TomcatWebServer - Tomcat initialized with port(s): 8080 (http) 
2020-07-07 22:37:21.040 [main] [DirectJDKLog.java:173] INFO  org.apache.coyote.http11.Http11NioProtocol - Initializing ProtocolHandler ["http-nio-8080"] 
2020-07-07 22:37:21.049 [main] [DirectJDKLog.java:173] INFO  org.apache.catalina.core.StandardService - Starting service [Tomcat] 
2020-07-07 22:37:21.050 [main] [DirectJDKLog.java:173] INFO  org.apache.catalina.core.StandardEngine - Starting Servlet engine: [Apache Tomcat/9.0.16] 
2020-07-07 22:37:21.058 [main] [DirectJDKLog.java:173] INFO  org.apache.catalina.core.AprLifecycleListener - Loaded APR based Apache Tomcat Native library [1.2.21] using APR version [1.6.5]. 
2020-07-07 22:37:21.058 [main] [DirectJDKLog.java:173] INFO  org.apache.catalina.core.AprLifecycleListener - APR capabilities: IPv6 [true], sendfile [true], accept filters [false], random [true]. 
2020-07-07 22:37:21.059 [main] [DirectJDKLog.java:173] INFO  org.apache.catalina.core.AprLifecycleListener - APR/OpenSSL configuration: useAprConnector [false], useOpenSSL [true] 
2020-07-07 22:37:22.141 [main] [DirectJDKLog.java:173] INFO  org.apache.catalina.core.AprLifecycleListener - OpenSSL successfully initialized [OpenSSL 1.0.2q  20 Nov 2018] 
2020-07-07 22:37:22.328 [main] [DirectJDKLog.java:173] INFO  org.apache.catalina.core.ContainerBase.[Tomcat].[localhost].[/] - Initializing Spring embedded WebApplicationContext 
2020-07-07 22:37:22.328 [main] [ServletWebServerApplicationContext.java:296] INFO  org.springframework.web.context.ContextLoader - Root WebApplicationContext: initialization completed in 3302 ms 
2020-07-07 22:37:22.638 [main] [DynamicDataSourceCreator.java:113] INFO  com.baomidou.dynamic.datasource.DynamicDataSourceCreator - 动态数据源-检测到druid存在,如配置中未指定type,druid会默认配置 
2020-07-07 22:37:24.131 [main] [DruidDataSource.java:930] INFO  com.alibaba.druid.pool.DruidDataSource - {dataSource-1,master} inited 
2020-07-07 22:37:24.188 [main] [DruidDataSource.java:930] INFO  com.alibaba.druid.pool.DruidDataSource - {dataSource-2,appconfig} inited 
2020-07-07 22:37:24.247 [main] [DruidDataSource.java:930] INFO  com.alibaba.druid.pool.DruidDataSource - {dataSource-3,applog} inited 
2020-07-07 22:37:24.301 [main] [DruidDataSource.java:930] INFO  com.alibaba.druid.pool.DruidDataSource - {dataSource-4,app} inited 
2020-07-07 22:37:24.302 [main] [DynamicRoutingDataSource.java:203] INFO  com.baomidou.dynamic.datasource.DynamicRoutingDataSource - 初始共加载 4 个数据源 
2020-07-07 22:37:24.302 [main] [DynamicRoutingDataSource.java:142] INFO  com.baomidou.dynamic.datasource.DynamicRoutingDataSource - 动态数据源-加载 appconfig 成功 
2020-07-07 22:37:24.303 [main] [DynamicRoutingDataSource.java:142] INFO  com.baomidou.dynamic.datasource.DynamicRoutingDataSource - 动态数据源-加载 app 成功 
2020-07-07 22:37:24.304 [main] [DynamicRoutingDataSource.java:142] INFO  com.baomidou.dynamic.datasource.DynamicRoutingDataSource - 动态数据源-加载 master 成功 
2020-07-07 22:37:24.304 [main] [DynamicRoutingDataSource.java:142] INFO  com.baomidou.dynamic.datasource.DynamicRoutingDataSource - 动态数据源-加载 applog 成功 
2020-07-07 22:37:24.305 [main] [DynamicRoutingDataSource.java:212] INFO  com.baomidou.dynamic.datasource.DynamicRoutingDataSource - 当前的默认数据源是单数据源，数据源名为 appconfig 
2020-07-07 22:37:25.171 [main] [JwtAccessTokenConverter.java:302] WARN  org.springframework.security.oauth2.provider.token.store.JwtAccessTokenConverter - Unable to create an RSA verifier from verifierKey (ignoreable if using MAC) 
2020-07-07 22:37:25.592 [main] [PropertySourcedRequestMappingHandlerMapping.java:69] INFO  springfox.documentation.spring.web.PropertySourcedRequestMappingHandlerMapping - Mapped URL path [/v2/api-docs] onto method [public org.springframework.http.ResponseEntity<springfox.documentation.spring.web.json.Json> springfox.documentation.swagger2.web.Swagger2Controller.getDocumentation(java.lang.String,javax.servlet.http.HttpServletRequest)] 
2020-07-07 22:37:25.775 [main] [ExecutorConfigurationSupport.java:171] INFO  org.springframework.scheduling.concurrent.ThreadPoolTaskExecutor - Initializing ExecutorService 'applicationTaskExecutor' 
2020-07-07 22:37:26.289 [main] [DefaultSecurityFilterChain.java:43] INFO  org.springframework.security.web.DefaultSecurityFilterChain - Creating filter chain: OrRequestMatcher [requestMatchers=[Ant [pattern='/oauth/token'], Ant [pattern='/oauth/token_key'], Ant [pattern='/oauth/check_token']]], [org.springframework.security.web.context.request.async.WebAsyncManagerIntegrationFilter@4fa8bebb, org.springframework.security.web.context.SecurityContextPersistenceFilter@69fe7090, org.springframework.security.web.header.HeaderWriterFilter@b70fa38, org.springframework.security.web.authentication.logout.LogoutFilter@75dc1c1c, org.springframework.security.oauth2.provider.client.ClientCredentialsTokenEndpointFilter@6afeaf2d, org.springframework.security.web.authentication.www.BasicAuthenticationFilter@5a6f6cac, org.springframework.security.web.savedrequest.RequestCacheAwareFilter@66ab924, org.springframework.security.web.servletapi.SecurityContextHolderAwareRequestFilter@3d798e76, org.springframework.security.web.authentication.AnonymousAuthenticationFilter@7d3c22a5, org.springframework.security.web.session.SessionManagementFilter@24a8e40d, org.springframework.security.web.access.ExceptionTranslationFilter@6a4a2090, org.springframework.security.web.access.intercept.FilterSecurityInterceptor@429e7914] 
2020-07-07 22:37:26.306 [main] [DefaultSecurityFilterChain.java:43] INFO  org.springframework.security.web.DefaultSecurityFilterChain - Creating filter chain: org.springframework.security.oauth2.config.annotation.web.configuration.ResourceServerConfiguration$NotOAuthRequestMatcher@a03529c, [org.springframework.security.web.context.request.async.WebAsyncManagerIntegrationFilter@1760e594, org.springframework.security.web.context.SecurityContextPersistenceFilter@16391278, org.springframework.security.web.header.HeaderWriterFilter@18d610e1, org.springframework.security.web.authentication.logout.LogoutFilter@6abb7b7d, org.springframework.security.oauth2.provider.authentication.OAuth2AuthenticationProcessingFilter@6068ebb2, org.springframework.security.web.savedrequest.RequestCacheAwareFilter@621dc63d, org.springframework.security.web.servletapi.SecurityContextHolderAwareRequestFilter@4ae49387, org.springframework.security.web.authentication.AnonymousAuthenticationFilter@4af70b83, org.springframework.security.web.session.SessionManagementFilter@528e5e38, org.springframework.security.web.access.ExceptionTranslationFilter@55e42684, org.springframework.security.web.access.intercept.FilterSecurityInterceptor@1179fc8c] 
2020-07-07 22:37:26.311 [main] [DefaultSecurityFilterChain.java:43] INFO  org.springframework.security.web.DefaultSecurityFilterChain - Creating filter chain: Ant [pattern='/oauth/**'], [org.springframework.security.web.context.request.async.WebAsyncManagerIntegrationFilter@14590fe2, org.springframework.security.web.context.SecurityContextPersistenceFilter@60f9dc7e, org.springframework.security.web.header.HeaderWriterFilter@224e6e88, org.springframework.security.web.authentication.logout.LogoutFilter@3c9e19de, org.springframework.security.web.savedrequest.RequestCacheAwareFilter@15e5246, org.springframework.security.web.servletapi.SecurityContextHolderAwareRequestFilter@503556cb, org.springframework.security.web.authentication.AnonymousAuthenticationFilter@5922cff3, org.springframework.security.web.session.SessionManagementFilter@70139a81, org.springframework.security.web.access.ExceptionTranslationFilter@4fa5cc73, org.springframework.security.web.access.intercept.FilterSecurityInterceptor@57f0bfc3] 
2020-07-07 22:37:26.393 [main] [DocumentationPluginsBootstrapper.java:147] INFO  springfox.documentation.spring.web.plugins.DocumentationPluginsBootstrapper - Context refreshed 
2020-07-07 22:37:26.408 [main] [DocumentationPluginsBootstrapper.java:150] INFO  springfox.documentation.spring.web.plugins.DocumentationPluginsBootstrapper - Found 1 custom documentation plugin(s) 
2020-07-07 22:37:26.492 [main] [ApiListingReferenceScanner.java:41] INFO  springfox.documentation.spring.web.scanners.ApiListingReferenceScanner - Scanning for api listing references 
2020-07-07 22:37:26.820 [main] [CachingOperationNameGenerator.java:40] INFO  springfox.documentation.spring.web.readers.operation.CachingOperationNameGenerator - Generating unique operation named: deleteConfigItemUsingPOST_1 
2020-07-07 22:37:26.829 [main] [CachingOperationNameGenerator.java:40] INFO  springfox.documentation.spring.web.readers.operation.CachingOperationNameGenerator - Generating unique operation named: insertConfigItemUsingPOST_1 
2020-07-07 22:37:26.831 [main] [CachingOperationNameGenerator.java:40] INFO  springfox.documentation.spring.web.readers.operation.CachingOperationNameGenerator - Generating unique operation named: updateConfigItemUsingPOST_1 
2020-07-07 22:37:26.903 [main] [DirectJDKLog.java:173] INFO  org.apache.coyote.http11.Http11NioProtocol - Starting ProtocolHandler ["http-nio-8080"] 
2020-07-07 22:37:26.931 [main] [TomcatWebServer.java:204] INFO  org.springframework.boot.web.embedded.tomcat.TomcatWebServer - Tomcat started on port(s): 8080 (http) with context path '' 
2020-07-07 22:37:26.934 [main] [StartupInfoLogger.java:59] INFO  com.tjhnode.DataserviceApplication - Started DataserviceApplication in 8.579 seconds (JVM running for 11.118) 
2020-07-07 22:39:27.787 [http-nio-8080-exec-1] [DirectJDKLog.java:173] INFO  org.apache.catalina.core.ContainerBase.[Tomcat].[localhost].[/] - Initializing Spring DispatcherServlet 'dispatcherServlet' 
2020-07-07 22:39:27.788 [http-nio-8080-exec-1] [FrameworkServlet.java:524] INFO  org.springframework.web.servlet.DispatcherServlet - Initializing Servlet 'dispatcherServlet' 
2020-07-07 22:39:27.824 [http-nio-8080-exec-1] [FrameworkServlet.java:546] INFO  org.springframework.web.servlet.DispatcherServlet - Completed initialization in 35 ms 
2020-07-07 22:40:55.686 [main] [StartupInfoLogger.java:50] INFO  com.tjhnode.DataserviceApplication - Starting DataserviceApplication on tjh with PID 8424 (D:\JavaProject\dataservice\target\classes started by My in D:\JavaProject\dataservice) 
2020-07-07 22:40:55.729 [main] [SpringApplication.java:675] INFO  com.tjhnode.DataserviceApplication - No active profile set, falling back to default profiles: default 
2020-07-07 22:40:56.894 [main] [RepositoryConfigurationDelegate.java:244] INFO  org.springframework.data.repository.config.RepositoryConfigurationDelegate - Multiple Spring Data modules found, entering strict repository configuration mode! 
2020-07-07 22:40:56.897 [main] [RepositoryConfigurationDelegate.java:126] INFO  org.springframework.data.repository.config.RepositoryConfigurationDelegate - Bootstrapping Spring Data repositories in DEFAULT mode. 
2020-07-07 22:40:56.942 [main] [RepositoryConfigurationDelegate.java:182] INFO  org.springframework.data.repository.config.RepositoryConfigurationDelegate - Finished Spring Data repository scanning in 33ms. Found 0 repository interfaces. 
2020-07-07 22:40:57.260 [main] [PostProcessorRegistrationDelegate.java:330] INFO  org.springframework.context.support.PostProcessorRegistrationDelegate$BeanPostProcessorChecker - Bean 'org.springframework.transaction.annotation.ProxyTransactionManagementConfiguration' of type [org.springframework.transaction.annotation.ProxyTransactionManagementConfiguration$$EnhancerBySpringCGLIB$$7238f5a9] is not eligible for getting processed by all BeanPostProcessors (for example: not eligible for auto-proxying) 
2020-07-07 22:40:57.302 [main] [PostProcessorRegistrationDelegate.java:330] INFO  org.springframework.context.support.PostProcessorRegistrationDelegate$BeanPostProcessorChecker - Bean 'spring.datasource.dynamic-com.baomidou.dynamic.datasource.spring.boot.autoconfigure.DynamicDataSourceProperties' of type [com.baomidou.dynamic.datasource.spring.boot.autoconfigure.DynamicDataSourceProperties] is not eligible for getting processed by all BeanPostProcessors (for example: not eligible for auto-proxying) 
2020-07-07 22:40:57.304 [main] [PostProcessorRegistrationDelegate.java:330] INFO  org.springframework.context.support.PostProcessorRegistrationDelegate$BeanPostProcessorChecker - Bean 'com.baomidou.dynamic.datasource.spring.boot.autoconfigure.DynamicDataSourceAutoConfiguration' of type [com.baomidou.dynamic.datasource.spring.boot.autoconfigure.DynamicDataSourceAutoConfiguration$$EnhancerBySpringCGLIB$$dbc7667a] is not eligible for getting processed by all BeanPostProcessors (for example: not eligible for auto-proxying) 
2020-07-07 22:40:57.309 [main] [PostProcessorRegistrationDelegate.java:330] INFO  org.springframework.context.support.PostProcessorRegistrationDelegate$BeanPostProcessorChecker - Bean 'dsProcessor' of type [com.baomidou.dynamic.datasource.processor.DsHeaderProcessor] is not eligible for getting processed by all BeanPostProcessors (for example: not eligible for auto-proxying) 
2020-07-07 22:40:57.313 [main] [PostProcessorRegistrationDelegate.java:330] INFO  org.springframework.context.support.PostProcessorRegistrationDelegate$BeanPostProcessorChecker - Bean 'dynamicDatasourceAnnotationAdvisor' of type [com.baomidou.dynamic.datasource.aop.DynamicDataSourceAnnotationAdvisor] is not eligible for getting processed by all BeanPostProcessors (for example: not eligible for auto-proxying) 
2020-07-07 22:40:57.787 [main] [TomcatWebServer.java:90] INFO  org.springframework.boot.web.embedded.tomcat.TomcatWebServer - Tomcat initialized with port(s): 8080 (http) 
2020-07-07 22:40:57.800 [main] [DirectJDKLog.java:173] INFO  org.apache.coyote.http11.Http11NioProtocol - Initializing ProtocolHandler ["http-nio-8080"] 
2020-07-07 22:40:57.808 [main] [DirectJDKLog.java:173] INFO  org.apache.catalina.core.StandardService - Starting service [Tomcat] 
2020-07-07 22:40:57.809 [main] [DirectJDKLog.java:173] INFO  org.apache.catalina.core.StandardEngine - Starting Servlet engine: [Apache Tomcat/9.0.16] 
2020-07-07 22:40:57.814 [main] [DirectJDKLog.java:173] INFO  org.apache.catalina.core.AprLifecycleListener - Loaded APR based Apache Tomcat Native library [1.2.21] using APR version [1.6.5]. 
2020-07-07 22:40:57.815 [main] [DirectJDKLog.java:173] INFO  org.apache.catalina.core.AprLifecycleListener - APR capabilities: IPv6 [true], sendfile [true], accept filters [false], random [true]. 
2020-07-07 22:40:57.815 [main] [DirectJDKLog.java:173] INFO  org.apache.catalina.core.AprLifecycleListener - APR/OpenSSL configuration: useAprConnector [false], useOpenSSL [true] 
2020-07-07 22:40:58.895 [main] [DirectJDKLog.java:173] INFO  org.apache.catalina.core.AprLifecycleListener - OpenSSL successfully initialized [OpenSSL 1.0.2q  20 Nov 2018] 
2020-07-07 22:40:59.094 [main] [DirectJDKLog.java:173] INFO  org.apache.catalina.core.ContainerBase.[Tomcat].[localhost].[/] - Initializing Spring embedded WebApplicationContext 
2020-07-07 22:40:59.095 [main] [ServletWebServerApplicationContext.java:296] INFO  org.springframework.web.context.ContextLoader - Root WebApplicationContext: initialization completed in 3321 ms 
2020-07-07 22:40:59.419 [main] [DynamicDataSourceCreator.java:113] INFO  com.baomidou.dynamic.datasource.DynamicDataSourceCreator - 动态数据源-检测到druid存在,如配置中未指定type,druid会默认配置 
2020-07-07 22:41:00.767 [main] [DruidDataSource.java:930] INFO  com.alibaba.druid.pool.DruidDataSource - {dataSource-1,master} inited 
2020-07-07 22:41:00.821 [main] [DruidDataSource.java:930] INFO  com.alibaba.druid.pool.DruidDataSource - {dataSource-2,appconfig} inited 
2020-07-07 22:41:00.867 [main] [DruidDataSource.java:930] INFO  com.alibaba.druid.pool.DruidDataSource - {dataSource-3,applog} inited 
2020-07-07 22:41:00.917 [main] [DruidDataSource.java:930] INFO  com.alibaba.druid.pool.DruidDataSource - {dataSource-4,app} inited 
2020-07-07 22:41:00.918 [main] [DynamicRoutingDataSource.java:203] INFO  com.baomidou.dynamic.datasource.DynamicRoutingDataSource - 初始共加载 4 个数据源 
2020-07-07 22:41:00.918 [main] [DynamicRoutingDataSource.java:142] INFO  com.baomidou.dynamic.datasource.DynamicRoutingDataSource - 动态数据源-加载 appconfig 成功 
2020-07-07 22:41:00.918 [main] [DynamicRoutingDataSource.java:142] INFO  com.baomidou.dynamic.datasource.DynamicRoutingDataSource - 动态数据源-加载 app 成功 
2020-07-07 22:41:00.918 [main] [DynamicRoutingDataSource.java:142] INFO  com.baomidou.dynamic.datasource.DynamicRoutingDataSource - 动态数据源-加载 master 成功 
2020-07-07 22:41:00.919 [main] [DynamicRoutingDataSource.java:142] INFO  com.baomidou.dynamic.datasource.DynamicRoutingDataSource - 动态数据源-加载 applog 成功 
2020-07-07 22:41:00.919 [main] [DynamicRoutingDataSource.java:212] INFO  com.baomidou.dynamic.datasource.DynamicRoutingDataSource - 当前的默认数据源是单数据源，数据源名为 appconfig 
2020-07-07 22:41:01.583 [main] [JwtAccessTokenConverter.java:302] WARN  org.springframework.security.oauth2.provider.token.store.JwtAccessTokenConverter - Unable to create an RSA verifier from verifierKey (ignoreable if using MAC) 
2020-07-07 22:41:01.975 [main] [PropertySourcedRequestMappingHandlerMapping.java:69] INFO  springfox.documentation.spring.web.PropertySourcedRequestMappingHandlerMapping - Mapped URL path [/v2/api-docs] onto method [public org.springframework.http.ResponseEntity<springfox.documentation.spring.web.json.Json> springfox.documentation.swagger2.web.Swagger2Controller.getDocumentation(java.lang.String,javax.servlet.http.HttpServletRequest)] 
2020-07-07 22:41:02.137 [main] [ExecutorConfigurationSupport.java:171] INFO  org.springframework.scheduling.concurrent.ThreadPoolTaskExecutor - Initializing ExecutorService 'applicationTaskExecutor' 
2020-07-07 22:41:02.668 [main] [DefaultSecurityFilterChain.java:43] INFO  org.springframework.security.web.DefaultSecurityFilterChain - Creating filter chain: OrRequestMatcher [requestMatchers=[Ant [pattern='/oauth/token'], Ant [pattern='/oauth/token_key'], Ant [pattern='/oauth/check_token']]], [org.springframework.security.web.context.request.async.WebAsyncManagerIntegrationFilter@71e7830a, org.springframework.security.web.context.SecurityContextPersistenceFilter@52433946, org.springframework.security.web.header.HeaderWriterFilter@105dc04d, org.springframework.security.web.authentication.logout.LogoutFilter@580c17a0, org.springframework.security.oauth2.provider.client.ClientCredentialsTokenEndpointFilter@75452aea, org.springframework.security.web.authentication.www.BasicAuthenticationFilter@369ad7da, org.springframework.security.web.savedrequest.RequestCacheAwareFilter@ab327c, org.springframework.security.web.servletapi.SecurityContextHolderAwareRequestFilter@5a6195b8, org.springframework.security.web.authentication.AnonymousAuthenticationFilter@3feebf9c, org.springframework.security.web.session.SessionManagementFilter@4c030fe1, org.springframework.security.web.access.ExceptionTranslationFilter@702096ef, org.springframework.security.web.access.intercept.FilterSecurityInterceptor@258a8584] 
2020-07-07 22:41:02.680 [main] [DefaultSecurityFilterChain.java:43] INFO  org.springframework.security.web.DefaultSecurityFilterChain - Creating filter chain: org.springframework.security.oauth2.config.annotation.web.configuration.ResourceServerConfiguration$NotOAuthRequestMatcher@224e6e88, [org.springframework.security.web.context.request.async.WebAsyncManagerIntegrationFilter@70139a81, org.springframework.security.web.context.SecurityContextPersistenceFilter@2b5f8e61, org.springframework.security.web.header.HeaderWriterFilter@56f9de3b, org.springframework.security.web.authentication.logout.LogoutFilter@55061418, org.springframework.security.oauth2.provider.authentication.OAuth2AuthenticationProcessingFilter@a03529c, org.springframework.security.web.savedrequest.RequestCacheAwareFilter@6ba0ee4a, org.springframework.security.web.servletapi.SecurityContextHolderAwareRequestFilter@73b0ed03, org.springframework.security.web.authentication.AnonymousAuthenticationFilter@60f9dc7e, org.springframework.security.web.session.SessionManagementFilter@6728370a, org.springframework.security.web.access.ExceptionTranslationFilter@38ef1a0a, org.springframework.security.web.access.intercept.FilterSecurityInterceptor@4fa5cc73] 
2020-07-07 22:41:02.683 [main] [DefaultSecurityFilterChain.java:43] INFO  org.springframework.security.web.DefaultSecurityFilterChain - Creating filter chain: Ant [pattern='/oauth/**'], [org.springframework.security.web.context.request.async.WebAsyncManagerIntegrationFilter@b9b97ad, org.springframework.security.web.context.SecurityContextPersistenceFilter@5922cff3, org.springframework.security.web.header.HeaderWriterFilter@57f0bfc3, org.springframework.security.web.authentication.logout.LogoutFilter@2c3f43d1, org.springframework.security.web.savedrequest.RequestCacheAwareFilter@2299d903, org.springframework.security.web.servletapi.SecurityContextHolderAwareRequestFilter@70c56434, org.springframework.security.web.authentication.AnonymousAuthenticationFilter@2807cf3, org.springframework.security.web.session.SessionManagementFilter@14590fe2, org.springframework.security.web.access.ExceptionTranslationFilter@1bec1589, org.springframework.security.web.access.intercept.FilterSecurityInterceptor@2d801d8] 
2020-07-07 22:41:02.749 [main] [DocumentationPluginsBootstrapper.java:147] INFO  springfox.documentation.spring.web.plugins.DocumentationPluginsBootstrapper - Context refreshed 
2020-07-07 22:41:02.765 [main] [DocumentationPluginsBootstrapper.java:150] INFO  springfox.documentation.spring.web.plugins.DocumentationPluginsBootstrapper - Found 1 custom documentation plugin(s) 
2020-07-07 22:41:02.856 [main] [ApiListingReferenceScanner.java:41] INFO  springfox.documentation.spring.web.scanners.ApiListingReferenceScanner - Scanning for api listing references 
2020-07-07 22:41:03.227 [main] [CachingOperationNameGenerator.java:40] INFO  springfox.documentation.spring.web.readers.operation.CachingOperationNameGenerator - Generating unique operation named: deleteConfigItemUsingPOST_1 
2020-07-07 22:41:03.237 [main] [CachingOperationNameGenerator.java:40] INFO  springfox.documentation.spring.web.readers.operation.CachingOperationNameGenerator - Generating unique operation named: insertConfigItemUsingPOST_1 
2020-07-07 22:41:03.240 [main] [CachingOperationNameGenerator.java:40] INFO  springfox.documentation.spring.web.readers.operation.CachingOperationNameGenerator - Generating unique operation named: updateConfigItemUsingPOST_1 
2020-07-07 22:41:03.256 [main] [DirectJDKLog.java:173] INFO  org.apache.coyote.http11.Http11NioProtocol - Starting ProtocolHandler ["http-nio-8080"] 
2020-07-07 22:41:03.276 [main] [TomcatWebServer.java:204] INFO  org.springframework.boot.web.embedded.tomcat.TomcatWebServer - Tomcat started on port(s): 8080 (http) with context path '' 
2020-07-07 22:41:03.279 [main] [StartupInfoLogger.java:59] INFO  com.tjhnode.DataserviceApplication - Started DataserviceApplication in 8.02 seconds (JVM running for 10.072) 
2020-07-07 22:41:09.630 [http-nio-8080-exec-1] [DirectJDKLog.java:173] INFO  org.apache.catalina.core.ContainerBase.[Tomcat].[localhost].[/] - Initializing Spring DispatcherServlet 'dispatcherServlet' 
2020-07-07 22:41:09.630 [http-nio-8080-exec-1] [FrameworkServlet.java:524] INFO  org.springframework.web.servlet.DispatcherServlet - Initializing Servlet 'dispatcherServlet' 
2020-07-07 22:41:09.639 [http-nio-8080-exec-1] [FrameworkServlet.java:546] INFO  org.springframework.web.servlet.DispatcherServlet - Completed initialization in 9 ms 
2020-07-07 22:53:18.153 [http-nio-8080-exec-7] [AuthorizationEndpoint.java:566] INFO  org.springframework.security.oauth2.provider.endpoint.AuthorizationEndpoint - Handling ClientRegistrationException error: No client with requested id: clientapp 
