2020-07-04 11:47:52.588 [main] [StartupInfoLogger.java:50] INFO  com.tjhnode.DataserviceApplication - Starting DataserviceApplication on tjh with PID 14184 (D:\JavaProject\dataservice\target\classes started by My in D:\JavaProject\dataservice) 
2020-07-04 11:47:52.651 [main] [SpringApplication.java:675] INFO  com.tjhnode.DataserviceApplication - No active profile set, falling back to default profiles: default 
2020-07-04 11:47:55.315 [main] [RepositoryConfigurationDelegate.java:244] INFO  org.springframework.data.repository.config.RepositoryConfigurationDelegate - Multiple Spring Data modules found, entering strict repository configuration mode! 
2020-07-04 11:47:55.319 [main] [RepositoryConfigurationDelegate.java:126] INFO  org.springframework.data.repository.config.RepositoryConfigurationDelegate - Bootstrapping Spring Data repositories in DEFAULT mode. 
2020-07-04 11:47:55.376 [main] [RepositoryConfigurationDelegate.java:182] INFO  org.springframework.data.repository.config.RepositoryConfigurationDelegate - Finished Spring Data repository scanning in 34ms. Found 0 repository interfaces. 
2020-07-04 11:47:55.947 [main] [PostProcessorRegistrationDelegate.java:330] INFO  org.springframework.context.support.PostProcessorRegistrationDelegate$BeanPostProcessorChecker - Bean 'org.springframework.transaction.annotation.ProxyTransactionManagementConfiguration' of type [org.springframework.transaction.annotation.ProxyTransactionManagementConfiguration$$EnhancerBySpringCGLIB$$284e0c33] is not eligible for getting processed by all BeanPostProcessors (for example: not eligible for auto-proxying) 
2020-07-04 11:47:56.016 [main] [PostProcessorRegistrationDelegate.java:330] INFO  org.springframework.context.support.PostProcessorRegistrationDelegate$BeanPostProcessorChecker - Bean 'spring.datasource.dynamic-com.baomidou.dynamic.datasource.spring.boot.autoconfigure.DynamicDataSourceProperties' of type [com.baomidou.dynamic.datasource.spring.boot.autoconfigure.DynamicDataSourceProperties] is not eligible for getting processed by all BeanPostProcessors (for example: not eligible for auto-proxying) 
2020-07-04 11:47:56.018 [main] [PostProcessorRegistrationDelegate.java:330] INFO  org.springframework.context.support.PostProcessorRegistrationDelegate$BeanPostProcessorChecker - Bean 'com.baomidou.dynamic.datasource.spring.boot.autoconfigure.DynamicDataSourceAutoConfiguration' of type [com.baomidou.dynamic.datasource.spring.boot.autoconfigure.DynamicDataSourceAutoConfiguration$$EnhancerBySpringCGLIB$$91dc7d04] is not eligible for getting processed by all BeanPostProcessors (for example: not eligible for auto-proxying) 
2020-07-04 11:47:56.024 [main] [PostProcessorRegistrationDelegate.java:330] INFO  org.springframework.context.support.PostProcessorRegistrationDelegate$BeanPostProcessorChecker - Bean 'dsProcessor' of type [com.baomidou.dynamic.datasource.processor.DsHeaderProcessor] is not eligible for getting processed by all BeanPostProcessors (for example: not eligible for auto-proxying) 
2020-07-04 11:47:56.029 [main] [PostProcessorRegistrationDelegate.java:330] INFO  org.springframework.context.support.PostProcessorRegistrationDelegate$BeanPostProcessorChecker - Bean 'dynamicDatasourceAnnotationAdvisor' of type [com.baomidou.dynamic.datasource.aop.DynamicDataSourceAnnotationAdvisor] is not eligible for getting processed by all BeanPostProcessors (for example: not eligible for auto-proxying) 
2020-07-04 11:47:56.559 [main] [TomcatWebServer.java:90] INFO  org.springframework.boot.web.embedded.tomcat.TomcatWebServer - Tomcat initialized with port(s): 8080 (http) 
2020-07-04 11:47:56.577 [main] [DirectJDKLog.java:173] INFO  org.apache.coyote.http11.Http11NioProtocol - Initializing ProtocolHandler ["http-nio-8080"] 
2020-07-04 11:47:56.585 [main] [DirectJDKLog.java:173] INFO  org.apache.catalina.core.StandardService - Starting service [Tomcat] 
2020-07-04 11:47:56.586 [main] [DirectJDKLog.java:173] INFO  org.apache.catalina.core.StandardEngine - Starting Servlet engine: [Apache Tomcat/9.0.16] 
2020-07-04 11:47:56.592 [main] [DirectJDKLog.java:173] INFO  org.apache.catalina.core.AprLifecycleListener - Loaded APR based Apache Tomcat Native library [1.2.21] using APR version [1.6.5]. 
2020-07-04 11:47:56.593 [main] [DirectJDKLog.java:173] INFO  org.apache.catalina.core.AprLifecycleListener - APR capabilities: IPv6 [true], sendfile [true], accept filters [false], random [true]. 
2020-07-04 11:47:56.593 [main] [DirectJDKLog.java:173] INFO  org.apache.catalina.core.AprLifecycleListener - APR/OpenSSL configuration: useAprConnector [false], useOpenSSL [true] 
2020-07-04 11:47:57.643 [main] [DirectJDKLog.java:173] INFO  org.apache.catalina.core.AprLifecycleListener - OpenSSL successfully initialized [OpenSSL 1.0.2q  20 Nov 2018] 
2020-07-04 11:47:57.839 [main] [DirectJDKLog.java:173] INFO  org.apache.catalina.core.ContainerBase.[Tomcat].[localhost].[/] - Initializing Spring embedded WebApplicationContext 
2020-07-04 11:47:57.839 [main] [ServletWebServerApplicationContext.java:296] INFO  org.springframework.web.context.ContextLoader - Root WebApplicationContext: initialization completed in 5111 ms 
2020-07-04 11:47:58.634 [main] [DynamicDataSourceCreator.java:113] INFO  com.baomidou.dynamic.datasource.DynamicDataSourceCreator - 动态数据源-检测到druid存在,如配置中未指定type,druid会默认配置 
2020-07-04 11:48:00.095 [main] [DruidDataSource.java:930] INFO  com.alibaba.druid.pool.DruidDataSource - {dataSource-1,master} inited 
2020-07-04 11:48:00.142 [main] [DruidDataSource.java:930] INFO  com.alibaba.druid.pool.DruidDataSource - {dataSource-2,appconfig} inited 
2020-07-04 11:48:00.201 [main] [DruidDataSource.java:930] INFO  com.alibaba.druid.pool.DruidDataSource - {dataSource-3,applog} inited 
2020-07-04 11:48:00.244 [main] [DruidDataSource.java:930] INFO  com.alibaba.druid.pool.DruidDataSource - {dataSource-4,app} inited 
2020-07-04 11:48:00.245 [main] [DynamicRoutingDataSource.java:203] INFO  com.baomidou.dynamic.datasource.DynamicRoutingDataSource - 初始共加载 4 个数据源 
2020-07-04 11:48:00.245 [main] [DynamicRoutingDataSource.java:142] INFO  com.baomidou.dynamic.datasource.DynamicRoutingDataSource - 动态数据源-加载 appconfig 成功 
2020-07-04 11:48:00.245 [main] [DynamicRoutingDataSource.java:142] INFO  com.baomidou.dynamic.datasource.DynamicRoutingDataSource - 动态数据源-加载 app 成功 
2020-07-04 11:48:00.246 [main] [DynamicRoutingDataSource.java:142] INFO  com.baomidou.dynamic.datasource.DynamicRoutingDataSource - 动态数据源-加载 master 成功 
2020-07-04 11:48:00.246 [main] [DynamicRoutingDataSource.java:142] INFO  com.baomidou.dynamic.datasource.DynamicRoutingDataSource - 动态数据源-加载 applog 成功 
2020-07-04 11:48:00.246 [main] [DynamicRoutingDataSource.java:212] INFO  com.baomidou.dynamic.datasource.DynamicRoutingDataSource - 当前的默认数据源是单数据源，数据源名为 appconfig 
2020-07-04 11:48:01.750 [main] [PropertySourcedRequestMappingHandlerMapping.java:69] INFO  springfox.documentation.spring.web.PropertySourcedRequestMappingHandlerMapping - Mapped URL path [/v2/api-docs] onto method [public org.springframework.http.ResponseEntity<springfox.documentation.spring.web.json.Json> springfox.documentation.swagger2.web.Swagger2Controller.getDocumentation(java.lang.String,javax.servlet.http.HttpServletRequest)] 
2020-07-04 11:48:02.239 [main] [ExecutorConfigurationSupport.java:171] INFO  org.springframework.scheduling.concurrent.ThreadPoolTaskExecutor - Initializing ExecutorService 'applicationTaskExecutor' 
2020-07-04 11:48:03.014 [main] [DefaultSecurityFilterChain.java:43] INFO  org.springframework.security.web.DefaultSecurityFilterChain - Creating filter chain: Ant [pattern='/**', OPTIONS], [] 
2020-07-04 11:48:03.053 [main] [DefaultSecurityFilterChain.java:43] INFO  org.springframework.security.web.DefaultSecurityFilterChain - Creating filter chain: OrRequestMatcher [requestMatchers=[Ant [pattern='/oauth/token'], Ant [pattern='/oauth/token_key'], Ant [pattern='/oauth/check_token']]], [org.springframework.security.web.context.request.async.WebAsyncManagerIntegrationFilter@365e65bb, org.springframework.security.web.context.SecurityContextPersistenceFilter@350f18a6, org.springframework.security.web.header.HeaderWriterFilter@2d07aacc, org.springframework.security.web.authentication.logout.LogoutFilter@2f99d8c, org.springframework.security.web.authentication.www.BasicAuthenticationFilter@9f1ca74, org.springframework.security.web.savedrequest.RequestCacheAwareFilter@1c90029b, org.springframework.security.web.servletapi.SecurityContextHolderAwareRequestFilter@5c4714ef, org.springframework.security.web.authentication.AnonymousAuthenticationFilter@52f43225, org.springframework.security.web.session.SessionManagementFilter@194224ca, org.springframework.security.web.access.ExceptionTranslationFilter@3de56885, org.springframework.security.web.access.intercept.FilterSecurityInterceptor@139089a4] 
2020-07-04 11:48:03.064 [main] [DefaultSecurityFilterChain.java:43] INFO  org.springframework.security.web.DefaultSecurityFilterChain - Creating filter chain: org.springframework.security.oauth2.config.annotation.web.configuration.ResourceServerConfiguration$NotOAuthRequestMatcher@79d49790, [org.springframework.security.web.context.request.async.WebAsyncManagerIntegrationFilter@13dc6649, org.springframework.security.web.context.SecurityContextPersistenceFilter@2d5ae78e, org.springframework.security.web.header.HeaderWriterFilter@4315fe1b, org.springframework.security.web.authentication.logout.LogoutFilter@35e75f7a, org.springframework.security.oauth2.provider.authentication.OAuth2AuthenticationProcessingFilter@2d4e99de, org.springframework.security.web.savedrequest.RequestCacheAwareFilter@21f91efa, org.springframework.security.web.servletapi.SecurityContextHolderAwareRequestFilter@4df0d9f8, org.springframework.security.web.authentication.AnonymousAuthenticationFilter@1851c7d2, org.springframework.security.web.session.SessionManagementFilter@34e990cc, org.springframework.security.web.access.ExceptionTranslationFilter@1533338c, org.springframework.security.web.access.intercept.FilterSecurityInterceptor@7f2ca6f8] 
2020-07-04 11:48:03.070 [main] [DefaultSecurityFilterChain.java:43] INFO  org.springframework.security.web.DefaultSecurityFilterChain - Creating filter chain: any request, [org.springframework.security.web.context.request.async.WebAsyncManagerIntegrationFilter@87aec6a, org.springframework.security.web.context.SecurityContextPersistenceFilter@63e70bf9, org.springframework.security.web.header.HeaderWriterFilter@10f20d38, org.springframework.security.web.authentication.logout.LogoutFilter@59371066, org.springframework.security.web.authentication.UsernamePasswordAuthenticationFilter@3c544c9, org.springframework.security.web.authentication.ui.DefaultLoginPageGeneratingFilter@2d47b06, org.springframework.security.web.authentication.ui.DefaultLogoutPageGeneratingFilter@213012a0, org.springframework.security.web.savedrequest.RequestCacheAwareFilter@402a69f, org.springframework.security.web.servletapi.SecurityContextHolderAwareRequestFilter@419f0ea, org.springframework.security.web.authentication.AnonymousAuthenticationFilter@43a59289, org.springframework.security.web.session.SessionManagementFilter@538aa83f, org.springframework.security.web.access.ExceptionTranslationFilter@38dbeb39] 
2020-07-04 11:48:03.386 [main] [DocumentationPluginsBootstrapper.java:147] INFO  springfox.documentation.spring.web.plugins.DocumentationPluginsBootstrapper - Context refreshed 
2020-07-04 11:48:03.420 [main] [DocumentationPluginsBootstrapper.java:150] INFO  springfox.documentation.spring.web.plugins.DocumentationPluginsBootstrapper - Found 1 custom documentation plugin(s) 
2020-07-04 11:48:03.492 [main] [ApiListingReferenceScanner.java:41] INFO  springfox.documentation.spring.web.scanners.ApiListingReferenceScanner - Scanning for api listing references 
2020-07-04 11:48:03.693 [main] [CachingOperationNameGenerator.java:40] INFO  springfox.documentation.spring.web.readers.operation.CachingOperationNameGenerator - Generating unique operation named: deleteConfigItemUsingPOST_1 
2020-07-04 11:48:03.701 [main] [CachingOperationNameGenerator.java:40] INFO  springfox.documentation.spring.web.readers.operation.CachingOperationNameGenerator - Generating unique operation named: insertConfigItemUsingPOST_1 
2020-07-04 11:48:03.704 [main] [CachingOperationNameGenerator.java:40] INFO  springfox.documentation.spring.web.readers.operation.CachingOperationNameGenerator - Generating unique operation named: updateConfigItemUsingPOST_1 
2020-07-04 11:48:03.728 [main] [DirectJDKLog.java:173] INFO  org.apache.coyote.http11.Http11NioProtocol - Starting ProtocolHandler ["http-nio-8080"] 
2020-07-04 11:48:03.747 [main] [TomcatWebServer.java:204] INFO  org.springframework.boot.web.embedded.tomcat.TomcatWebServer - Tomcat started on port(s): 8080 (http) with context path '' 
2020-07-04 11:48:03.749 [main] [StartupInfoLogger.java:59] INFO  com.tjhnode.DataserviceApplication - Started DataserviceApplication in 12.112 seconds (JVM running for 14.81) 
2020-07-04 11:48:20.701 [http-nio-8080-exec-1] [DirectJDKLog.java:173] INFO  org.apache.catalina.core.ContainerBase.[Tomcat].[localhost].[/] - Initializing Spring DispatcherServlet 'dispatcherServlet' 
2020-07-04 11:48:20.701 [http-nio-8080-exec-1] [FrameworkServlet.java:524] INFO  org.springframework.web.servlet.DispatcherServlet - Initializing Servlet 'dispatcherServlet' 
2020-07-04 11:48:20.712 [http-nio-8080-exec-1] [FrameworkServlet.java:546] INFO  org.springframework.web.servlet.DispatcherServlet - Completed initialization in 11 ms 
2020-07-04 11:51:07.278 [main] [StartupInfoLogger.java:50] INFO  com.tjhnode.DataserviceApplication - Starting DataserviceApplication on tjh with PID 3800 (D:\JavaProject\dataservice\target\classes started by My in D:\JavaProject\dataservice) 
2020-07-04 11:51:07.283 [main] [SpringApplication.java:675] INFO  com.tjhnode.DataserviceApplication - No active profile set, falling back to default profiles: default 
2020-07-04 11:51:09.557 [main] [RepositoryConfigurationDelegate.java:244] INFO  org.springframework.data.repository.config.RepositoryConfigurationDelegate - Multiple Spring Data modules found, entering strict repository configuration mode! 
2020-07-04 11:51:09.570 [main] [RepositoryConfigurationDelegate.java:126] INFO  org.springframework.data.repository.config.RepositoryConfigurationDelegate - Bootstrapping Spring Data repositories in DEFAULT mode. 
2020-07-04 11:51:09.768 [main] [RepositoryConfigurationDelegate.java:182] INFO  org.springframework.data.repository.config.RepositoryConfigurationDelegate - Finished Spring Data repository scanning in 149ms. Found 0 repository interfaces. 
2020-07-04 11:51:12.652 [main] [PostProcessorRegistrationDelegate.java:330] INFO  org.springframework.context.support.PostProcessorRegistrationDelegate$BeanPostProcessorChecker - Bean 'org.springframework.transaction.annotation.ProxyTransactionManagementConfiguration' of type [org.springframework.transaction.annotation.ProxyTransactionManagementConfiguration$$EnhancerBySpringCGLIB$$fd20604b] is not eligible for getting processed by all BeanPostProcessors (for example: not eligible for auto-proxying) 
2020-07-04 11:51:13.407 [main] [PostProcessorRegistrationDelegate.java:330] INFO  org.springframework.context.support.PostProcessorRegistrationDelegate$BeanPostProcessorChecker - Bean 'spring.datasource.dynamic-com.baomidou.dynamic.datasource.spring.boot.autoconfigure.DynamicDataSourceProperties' of type [com.baomidou.dynamic.datasource.spring.boot.autoconfigure.DynamicDataSourceProperties] is not eligible for getting processed by all BeanPostProcessors (for example: not eligible for auto-proxying) 
2020-07-04 11:51:13.416 [main] [PostProcessorRegistrationDelegate.java:330] INFO  org.springframework.context.support.PostProcessorRegistrationDelegate$BeanPostProcessorChecker - Bean 'com.baomidou.dynamic.datasource.spring.boot.autoconfigure.DynamicDataSourceAutoConfiguration' of type [com.baomidou.dynamic.datasource.spring.boot.autoconfigure.DynamicDataSourceAutoConfiguration$$EnhancerBySpringCGLIB$$66aed11c] is not eligible for getting processed by all BeanPostProcessors (for example: not eligible for auto-proxying) 
2020-07-04 11:51:13.491 [main] [PostProcessorRegistrationDelegate.java:330] INFO  org.springframework.context.support.PostProcessorRegistrationDelegate$BeanPostProcessorChecker - Bean 'dsProcessor' of type [com.baomidou.dynamic.datasource.processor.DsHeaderProcessor] is not eligible for getting processed by all BeanPostProcessors (for example: not eligible for auto-proxying) 
2020-07-04 11:51:13.512 [main] [PostProcessorRegistrationDelegate.java:330] INFO  org.springframework.context.support.PostProcessorRegistrationDelegate$BeanPostProcessorChecker - Bean 'dynamicDatasourceAnnotationAdvisor' of type [com.baomidou.dynamic.datasource.aop.DynamicDataSourceAnnotationAdvisor] is not eligible for getting processed by all BeanPostProcessors (for example: not eligible for auto-proxying) 
2020-07-04 11:51:16.152 [main] [TomcatWebServer.java:90] INFO  org.springframework.boot.web.embedded.tomcat.TomcatWebServer - Tomcat initialized with port(s): 8080 (http) 
2020-07-04 11:51:16.207 [main] [DirectJDKLog.java:173] INFO  org.apache.coyote.http11.Http11NioProtocol - Initializing ProtocolHandler ["http-nio-8080"] 
2020-07-04 11:51:16.306 [main] [DirectJDKLog.java:173] INFO  org.apache.catalina.core.StandardService - Starting service [Tomcat] 
2020-07-04 11:51:16.309 [main] [DirectJDKLog.java:173] INFO  org.apache.catalina.core.StandardEngine - Starting Servlet engine: [Apache Tomcat/9.0.16] 
2020-07-04 11:51:16.329 [main] [DirectJDKLog.java:173] INFO  org.apache.catalina.core.AprLifecycleListener - Loaded APR based Apache Tomcat Native library [1.2.21] using APR version [1.6.5]. 
2020-07-04 11:51:16.330 [main] [DirectJDKLog.java:173] INFO  org.apache.catalina.core.AprLifecycleListener - APR capabilities: IPv6 [true], sendfile [true], accept filters [false], random [true]. 
2020-07-04 11:51:16.331 [main] [DirectJDKLog.java:173] INFO  org.apache.catalina.core.AprLifecycleListener - APR/OpenSSL configuration: useAprConnector [false], useOpenSSL [true] 
2020-07-04 11:51:17.362 [main] [DirectJDKLog.java:173] INFO  org.apache.catalina.core.AprLifecycleListener - OpenSSL successfully initialized [OpenSSL 1.0.2q  20 Nov 2018] 
2020-07-04 11:51:18.073 [main] [DirectJDKLog.java:173] INFO  org.apache.catalina.core.ContainerBase.[Tomcat].[localhost].[/] - Initializing Spring embedded WebApplicationContext 
2020-07-04 11:51:18.074 [main] [ServletWebServerApplicationContext.java:296] INFO  org.springframework.web.context.ContextLoader - Root WebApplicationContext: initialization completed in 10722 ms 
2020-07-04 11:51:21.282 [main] [DynamicDataSourceCreator.java:113] INFO  com.baomidou.dynamic.datasource.DynamicDataSourceCreator - 动态数据源-检测到druid存在,如配置中未指定type,druid会默认配置 
2020-07-04 11:51:27.008 [main] [DruidDataSource.java:930] INFO  com.alibaba.druid.pool.DruidDataSource - {dataSource-1,master} inited 
2020-07-04 11:51:27.639 [main] [DruidDataSource.java:930] INFO  com.alibaba.druid.pool.DruidDataSource - {dataSource-2,appconfig} inited 
2020-07-04 11:51:28.283 [main] [DruidDataSource.java:930] INFO  com.alibaba.druid.pool.DruidDataSource - {dataSource-3,applog} inited 
2020-07-04 11:51:28.966 [main] [DruidDataSource.java:930] INFO  com.alibaba.druid.pool.DruidDataSource - {dataSource-4,app} inited 
2020-07-04 11:51:28.967 [main] [DynamicRoutingDataSource.java:203] INFO  com.baomidou.dynamic.datasource.DynamicRoutingDataSource - 初始共加载 4 个数据源 
2020-07-04 11:51:28.967 [main] [DynamicRoutingDataSource.java:142] INFO  com.baomidou.dynamic.datasource.DynamicRoutingDataSource - 动态数据源-加载 appconfig 成功 
2020-07-04 11:51:28.968 [main] [DynamicRoutingDataSource.java:142] INFO  com.baomidou.dynamic.datasource.DynamicRoutingDataSource - 动态数据源-加载 app 成功 
2020-07-04 11:51:28.968 [main] [DynamicRoutingDataSource.java:142] INFO  com.baomidou.dynamic.datasource.DynamicRoutingDataSource - 动态数据源-加载 master 成功 
2020-07-04 11:51:28.969 [main] [DynamicRoutingDataSource.java:142] INFO  com.baomidou.dynamic.datasource.DynamicRoutingDataSource - 动态数据源-加载 applog 成功 
2020-07-04 11:51:28.969 [main] [DynamicRoutingDataSource.java:212] INFO  com.baomidou.dynamic.datasource.DynamicRoutingDataSource - 当前的默认数据源是单数据源，数据源名为 appconfig 
2020-07-04 11:54:36.814 [main] [PropertySourcedRequestMappingHandlerMapping.java:69] INFO  springfox.documentation.spring.web.PropertySourcedRequestMappingHandlerMapping - Mapped URL path [/v2/api-docs] onto method [public org.springframework.http.ResponseEntity<springfox.documentation.spring.web.json.Json> springfox.documentation.swagger2.web.Swagger2Controller.getDocumentation(java.lang.String,javax.servlet.http.HttpServletRequest)] 
2020-07-04 11:55:33.657 [main] [ExecutorConfigurationSupport.java:171] INFO  org.springframework.scheduling.concurrent.ThreadPoolTaskExecutor - Initializing ExecutorService 'applicationTaskExecutor' 
2020-07-04 12:03:10.629 [main] [DefaultSecurityFilterChain.java:43] INFO  org.springframework.security.web.DefaultSecurityFilterChain - Creating filter chain: Ant [pattern='/**', OPTIONS], [] 
2020-07-04 12:03:11.058 [main] [DefaultSecurityFilterChain.java:43] INFO  org.springframework.security.web.DefaultSecurityFilterChain - Creating filter chain: OrRequestMatcher [requestMatchers=[Ant [pattern='/oauth/token'], Ant [pattern='/oauth/token_key'], Ant [pattern='/oauth/check_token']]], [org.springframework.security.web.context.request.async.WebAsyncManagerIntegrationFilter@24558113, org.springframework.security.web.context.SecurityContextPersistenceFilter@84eafc2, org.springframework.security.web.header.HeaderWriterFilter@556ae220, org.springframework.security.web.authentication.logout.LogoutFilter@6cb417fc, org.springframework.security.web.authentication.www.BasicAuthenticationFilter@64d42d3d, org.springframework.security.web.savedrequest.RequestCacheAwareFilter@4440750, org.springframework.security.web.servletapi.SecurityContextHolderAwareRequestFilter@22e1a1dc, org.springframework.security.web.authentication.AnonymousAuthenticationFilter@3d5e0bf0, org.springframework.security.web.session.SessionManagementFilter@2689b752, org.springframework.security.web.access.ExceptionTranslationFilter@747f0f34, org.springframework.security.web.access.intercept.FilterSecurityInterceptor@1f235a0a] 
2020-07-04 12:03:11.193 [main] [DefaultSecurityFilterChain.java:43] INFO  org.springframework.security.web.DefaultSecurityFilterChain - Creating filter chain: org.springframework.security.oauth2.config.annotation.web.configuration.ResourceServerConfiguration$NotOAuthRequestMatcher@7b364f47, [org.springframework.security.web.context.request.async.WebAsyncManagerIntegrationFilter@5c8d631, org.springframework.security.web.context.SecurityContextPersistenceFilter@796e2187, org.springframework.security.web.header.HeaderWriterFilter@6ae6a77b, org.springframework.security.web.authentication.logout.LogoutFilter@4027edeb, org.springframework.security.oauth2.provider.authentication.OAuth2AuthenticationProcessingFilter@7f958d4a, org.springframework.security.web.savedrequest.RequestCacheAwareFilter@632d1b1b, org.springframework.security.web.servletapi.SecurityContextHolderAwareRequestFilter@3c2fa57a, org.springframework.security.web.authentication.AnonymousAuthenticationFilter@3d42b756, org.springframework.security.web.session.SessionManagementFilter@32e9c3af, org.springframework.security.web.access.ExceptionTranslationFilter@62ff14cd, org.springframework.security.web.access.intercept.FilterSecurityInterceptor@79486f38] 
2020-07-04 12:03:11.360 [main] [DefaultSecurityFilterChain.java:43] INFO  org.springframework.security.web.DefaultSecurityFilterChain - Creating filter chain: any request, [org.springframework.security.web.context.request.async.WebAsyncManagerIntegrationFilter@552b15f6, org.springframework.security.web.context.SecurityContextPersistenceFilter@15d2ea6b, org.springframework.security.web.header.HeaderWriterFilter@790f4933, org.springframework.security.web.authentication.logout.LogoutFilter@7ac1161f, org.springframework.security.web.authentication.UsernamePasswordAuthenticationFilter@4f5bfbca, org.springframework.security.web.authentication.ui.DefaultLoginPageGeneratingFilter@78c23ade, org.springframework.security.web.authentication.ui.DefaultLogoutPageGeneratingFilter@3cd6d147, org.springframework.security.web.savedrequest.RequestCacheAwareFilter@3fc14dc0, org.springframework.security.web.servletapi.SecurityContextHolderAwareRequestFilter@3c04ddda, org.springframework.security.web.authentication.AnonymousAuthenticationFilter@4ed5492c, org.springframework.security.web.session.SessionManagementFilter@6a95c2f6, org.springframework.security.web.access.ExceptionTranslationFilter@459df48d] 
2020-07-04 12:03:12.597 [main] [DocumentationPluginsBootstrapper.java:147] INFO  springfox.documentation.spring.web.plugins.DocumentationPluginsBootstrapper - Context refreshed 
2020-07-04 12:03:13.017 [main] [DocumentationPluginsBootstrapper.java:150] INFO  springfox.documentation.spring.web.plugins.DocumentationPluginsBootstrapper - Found 1 custom documentation plugin(s) 
2020-07-04 12:03:13.474 [main] [ApiListingReferenceScanner.java:41] INFO  springfox.documentation.spring.web.scanners.ApiListingReferenceScanner - Scanning for api listing references 
2020-07-04 12:03:15.164 [main] [CachingOperationNameGenerator.java:40] INFO  springfox.documentation.spring.web.readers.operation.CachingOperationNameGenerator - Generating unique operation named: deleteConfigItemUsingPOST_1 
2020-07-04 12:03:15.296 [main] [CachingOperationNameGenerator.java:40] INFO  springfox.documentation.spring.web.readers.operation.CachingOperationNameGenerator - Generating unique operation named: insertConfigItemUsingPOST_1 
2020-07-04 12:03:15.329 [main] [CachingOperationNameGenerator.java:40] INFO  springfox.documentation.spring.web.readers.operation.CachingOperationNameGenerator - Generating unique operation named: updateConfigItemUsingPOST_1 
2020-07-04 12:03:15.446 [main] [DirectJDKLog.java:173] INFO  org.apache.coyote.http11.Http11NioProtocol - Starting ProtocolHandler ["http-nio-8080"] 
2020-07-04 12:03:15.575 [main] [TomcatWebServer.java:204] INFO  org.springframework.boot.web.embedded.tomcat.TomcatWebServer - Tomcat started on port(s): 8080 (http) with context path '' 
2020-07-04 12:03:15.587 [main] [StartupInfoLogger.java:59] INFO  com.tjhnode.DataserviceApplication - Started DataserviceApplication in 728.624 seconds (JVM running for 731.356) 
2020-07-04 12:03:18.966 [http-nio-8080-exec-3] [DirectJDKLog.java:173] INFO  org.apache.catalina.core.ContainerBase.[Tomcat].[localhost].[/] - Initializing Spring DispatcherServlet 'dispatcherServlet' 
2020-07-04 12:03:18.967 [http-nio-8080-exec-3] [FrameworkServlet.java:524] INFO  org.springframework.web.servlet.DispatcherServlet - Initializing Servlet 'dispatcherServlet' 
2020-07-04 12:03:19.081 [http-nio-8080-exec-3] [FrameworkServlet.java:546] INFO  org.springframework.web.servlet.DispatcherServlet - Completed initialization in 114 ms 
2020-07-04 12:03:20.545 [http-nio-8080-exec-3] [JdbcTokenStore.java:168] INFO  org.springframework.security.oauth2.provider.token.store.JdbcTokenStore - Failed to find access token for token 098a1eb0-e812-43a4-bc9f-7c2a1987ad05 
2020-07-04 12:05:38.502 [Thread-77] [ExecutorConfigurationSupport.java:208] INFO  org.springframework.scheduling.concurrent.ThreadPoolTaskExecutor - Shutting down ExecutorService 'applicationTaskExecutor' 
2020-07-04 12:05:38.508 [Thread-77] [DynamicRoutingDataSource.java:182] INFO  com.baomidou.dynamic.datasource.DynamicRoutingDataSource - closing dynamicDatasource  ing.... 
2020-07-04 12:05:38.827 [Thread-77] [DruidDataSource.java:1825] INFO  com.alibaba.druid.pool.DruidDataSource - {dataSource-2} closed 
2020-07-04 12:05:38.836 [Thread-77] [DruidDataSource.java:1825] INFO  com.alibaba.druid.pool.DruidDataSource - {dataSource-4} closed 
2020-07-04 12:05:38.843 [Thread-77] [DruidDataSource.java:1825] INFO  com.alibaba.druid.pool.DruidDataSource - {dataSource-1} closed 
2020-07-04 12:05:38.850 [Thread-77] [DruidDataSource.java:1825] INFO  com.alibaba.druid.pool.DruidDataSource - {dataSource-3} closed 
2020-07-04 14:10:23.168 [main] [StartupInfoLogger.java:50] INFO  com.tjhnode.DataserviceApplication - Starting DataserviceApplication on tjh with PID 8240 (D:\JavaProject\dataservice\target\classes started by My in D:\JavaProject\dataservice) 
2020-07-04 14:10:23.185 [main] [SpringApplication.java:675] INFO  com.tjhnode.DataserviceApplication - No active profile set, falling back to default profiles: default 
2020-07-04 14:10:24.344 [main] [RepositoryConfigurationDelegate.java:244] INFO  org.springframework.data.repository.config.RepositoryConfigurationDelegate - Multiple Spring Data modules found, entering strict repository configuration mode! 
2020-07-04 14:10:24.348 [main] [RepositoryConfigurationDelegate.java:126] INFO  org.springframework.data.repository.config.RepositoryConfigurationDelegate - Bootstrapping Spring Data repositories in DEFAULT mode. 
2020-07-04 14:10:24.395 [main] [RepositoryConfigurationDelegate.java:182] INFO  org.springframework.data.repository.config.RepositoryConfigurationDelegate - Finished Spring Data repository scanning in 35ms. Found 0 repository interfaces. 
2020-07-04 14:10:24.681 [main] [PostProcessorRegistrationDelegate.java:330] INFO  org.springframework.context.support.PostProcessorRegistrationDelegate$BeanPostProcessorChecker - Bean 'org.springframework.transaction.annotation.ProxyTransactionManagementConfiguration' of type [org.springframework.transaction.annotation.ProxyTransactionManagementConfiguration$$EnhancerBySpringCGLIB$$7b95a267] is not eligible for getting processed by all BeanPostProcessors (for example: not eligible for auto-proxying) 
2020-07-04 14:10:24.726 [main] [PostProcessorRegistrationDelegate.java:330] INFO  org.springframework.context.support.PostProcessorRegistrationDelegate$BeanPostProcessorChecker - Bean 'spring.datasource.dynamic-com.baomidou.dynamic.datasource.spring.boot.autoconfigure.DynamicDataSourceProperties' of type [com.baomidou.dynamic.datasource.spring.boot.autoconfigure.DynamicDataSourceProperties] is not eligible for getting processed by all BeanPostProcessors (for example: not eligible for auto-proxying) 
2020-07-04 14:10:24.728 [main] [PostProcessorRegistrationDelegate.java:330] INFO  org.springframework.context.support.PostProcessorRegistrationDelegate$BeanPostProcessorChecker - Bean 'com.baomidou.dynamic.datasource.spring.boot.autoconfigure.DynamicDataSourceAutoConfiguration' of type [com.baomidou.dynamic.datasource.spring.boot.autoconfigure.DynamicDataSourceAutoConfiguration$$EnhancerBySpringCGLIB$$e5241338] is not eligible for getting processed by all BeanPostProcessors (for example: not eligible for auto-proxying) 
2020-07-04 14:10:24.734 [main] [PostProcessorRegistrationDelegate.java:330] INFO  org.springframework.context.support.PostProcessorRegistrationDelegate$BeanPostProcessorChecker - Bean 'dsProcessor' of type [com.baomidou.dynamic.datasource.processor.DsHeaderProcessor] is not eligible for getting processed by all BeanPostProcessors (for example: not eligible for auto-proxying) 
2020-07-04 14:10:24.737 [main] [PostProcessorRegistrationDelegate.java:330] INFO  org.springframework.context.support.PostProcessorRegistrationDelegate$BeanPostProcessorChecker - Bean 'dynamicDatasourceAnnotationAdvisor' of type [com.baomidou.dynamic.datasource.aop.DynamicDataSourceAnnotationAdvisor] is not eligible for getting processed by all BeanPostProcessors (for example: not eligible for auto-proxying) 
2020-07-04 14:10:25.136 [main] [TomcatWebServer.java:90] INFO  org.springframework.boot.web.embedded.tomcat.TomcatWebServer - Tomcat initialized with port(s): 8080 (http) 
2020-07-04 14:10:25.150 [main] [DirectJDKLog.java:173] INFO  org.apache.coyote.http11.Http11NioProtocol - Initializing ProtocolHandler ["http-nio-8080"] 
2020-07-04 14:10:25.157 [main] [DirectJDKLog.java:173] INFO  org.apache.catalina.core.StandardService - Starting service [Tomcat] 
2020-07-04 14:10:25.157 [main] [DirectJDKLog.java:173] INFO  org.apache.catalina.core.StandardEngine - Starting Servlet engine: [Apache Tomcat/9.0.16] 
2020-07-04 14:10:25.163 [main] [DirectJDKLog.java:173] INFO  org.apache.catalina.core.AprLifecycleListener - Loaded APR based Apache Tomcat Native library [1.2.21] using APR version [1.6.5]. 
2020-07-04 14:10:25.164 [main] [DirectJDKLog.java:173] INFO  org.apache.catalina.core.AprLifecycleListener - APR capabilities: IPv6 [true], sendfile [true], accept filters [false], random [true]. 
2020-07-04 14:10:25.164 [main] [DirectJDKLog.java:173] INFO  org.apache.catalina.core.AprLifecycleListener - APR/OpenSSL configuration: useAprConnector [false], useOpenSSL [true] 
2020-07-04 14:10:26.212 [main] [DirectJDKLog.java:173] INFO  org.apache.catalina.core.AprLifecycleListener - OpenSSL successfully initialized [OpenSSL 1.0.2q  20 Nov 2018] 
2020-07-04 14:10:26.371 [main] [DirectJDKLog.java:173] INFO  org.apache.catalina.core.ContainerBase.[Tomcat].[localhost].[/] - Initializing Spring embedded WebApplicationContext 
2020-07-04 14:10:26.372 [main] [ServletWebServerApplicationContext.java:296] INFO  org.springframework.web.context.ContextLoader - Root WebApplicationContext: initialization completed in 3100 ms 
2020-07-04 14:10:26.675 [main] [DynamicDataSourceCreator.java:113] INFO  com.baomidou.dynamic.datasource.DynamicDataSourceCreator - 动态数据源-检测到druid存在,如配置中未指定type,druid会默认配置 
2020-07-04 14:10:28.017 [main] [DruidDataSource.java:930] INFO  com.alibaba.druid.pool.DruidDataSource - {dataSource-1,master} inited 
2020-07-04 14:10:28.066 [main] [DruidDataSource.java:930] INFO  com.alibaba.druid.pool.DruidDataSource - {dataSource-2,appconfig} inited 
2020-07-04 14:10:28.114 [main] [DruidDataSource.java:930] INFO  com.alibaba.druid.pool.DruidDataSource - {dataSource-3,applog} inited 
2020-07-04 14:10:28.161 [main] [DruidDataSource.java:930] INFO  com.alibaba.druid.pool.DruidDataSource - {dataSource-4,app} inited 
2020-07-04 14:10:28.162 [main] [DynamicRoutingDataSource.java:203] INFO  com.baomidou.dynamic.datasource.DynamicRoutingDataSource - 初始共加载 4 个数据源 
2020-07-04 14:10:28.162 [main] [DynamicRoutingDataSource.java:142] INFO  com.baomidou.dynamic.datasource.DynamicRoutingDataSource - 动态数据源-加载 appconfig 成功 
2020-07-04 14:10:28.162 [main] [DynamicRoutingDataSource.java:142] INFO  com.baomidou.dynamic.datasource.DynamicRoutingDataSource - 动态数据源-加载 app 成功 
2020-07-04 14:10:28.162 [main] [DynamicRoutingDataSource.java:142] INFO  com.baomidou.dynamic.datasource.DynamicRoutingDataSource - 动态数据源-加载 master 成功 
2020-07-04 14:10:28.163 [main] [DynamicRoutingDataSource.java:142] INFO  com.baomidou.dynamic.datasource.DynamicRoutingDataSource - 动态数据源-加载 applog 成功 
2020-07-04 14:10:28.163 [main] [DynamicRoutingDataSource.java:212] INFO  com.baomidou.dynamic.datasource.DynamicRoutingDataSource - 当前的默认数据源是单数据源，数据源名为 appconfig 
2020-07-04 14:10:29.860 [main] [PropertySourcedRequestMappingHandlerMapping.java:69] INFO  springfox.documentation.spring.web.PropertySourcedRequestMappingHandlerMapping - Mapped URL path [/v2/api-docs] onto method [public org.springframework.http.ResponseEntity<springfox.documentation.spring.web.json.Json> springfox.documentation.swagger2.web.Swagger2Controller.getDocumentation(java.lang.String,javax.servlet.http.HttpServletRequest)] 
2020-07-04 14:10:30.491 [main] [ExecutorConfigurationSupport.java:171] INFO  org.springframework.scheduling.concurrent.ThreadPoolTaskExecutor - Initializing ExecutorService 'applicationTaskExecutor' 
2020-07-04 14:10:31.253 [main] [DefaultSecurityFilterChain.java:43] INFO  org.springframework.security.web.DefaultSecurityFilterChain - Creating filter chain: Ant [pattern='/**', OPTIONS], [] 
2020-07-04 14:10:31.304 [main] [DefaultSecurityFilterChain.java:43] INFO  org.springframework.security.web.DefaultSecurityFilterChain - Creating filter chain: OrRequestMatcher [requestMatchers=[Ant [pattern='/oauth/token'], Ant [pattern='/oauth/token_key'], Ant [pattern='/oauth/check_token']]], [org.springframework.security.web.context.request.async.WebAsyncManagerIntegrationFilter@4df0d9f8, org.springframework.security.web.context.SecurityContextPersistenceFilter@318e3942, org.springframework.security.web.header.HeaderWriterFilter@c94bd18, org.springframework.security.web.authentication.logout.LogoutFilter@3d53e876, org.springframework.security.web.authentication.www.BasicAuthenticationFilter@2d5ae78e, org.springframework.security.web.savedrequest.RequestCacheAwareFilter@1ddf42dd, org.springframework.security.web.servletapi.SecurityContextHolderAwareRequestFilter@72a3462f, org.springframework.security.web.authentication.AnonymousAuthenticationFilter@35e75f7a, org.springframework.security.web.session.SessionManagementFilter@7cdfa824, org.springframework.security.web.access.ExceptionTranslationFilter@44492c06, org.springframework.security.web.access.intercept.FilterSecurityInterceptor@3e04abc5] 
2020-07-04 14:10:31.315 [main] [DefaultSecurityFilterChain.java:43] INFO  org.springframework.security.web.DefaultSecurityFilterChain - Creating filter chain: org.springframework.security.oauth2.config.annotation.web.configuration.ResourceServerConfiguration$NotOAuthRequestMatcher@59371066, [org.springframework.security.web.context.request.async.WebAsyncManagerIntegrationFilter@48106381, org.springframework.security.web.context.SecurityContextPersistenceFilter@7e4ac598, org.springframework.security.web.header.HeaderWriterFilter@28b5662d, org.springframework.security.web.authentication.logout.LogoutFilter@2d4e99de, org.springframework.security.oauth2.provider.authentication.OAuth2AuthenticationProcessingFilter@4f3fec43, org.springframework.security.web.savedrequest.RequestCacheAwareFilter@cf10c92, org.springframework.security.web.servletapi.SecurityContextHolderAwareRequestFilter@f76872f, org.springframework.security.web.authentication.AnonymousAuthenticationFilter@3c544c9, org.springframework.security.web.session.SessionManagementFilter@34b2d51a, org.springframework.security.web.access.ExceptionTranslationFilter@69b37f5c, org.springframework.security.web.access.intercept.FilterSecurityInterceptor@2d47b06] 
2020-07-04 14:10:31.322 [main] [DefaultSecurityFilterChain.java:43] INFO  org.springframework.security.web.DefaultSecurityFilterChain - Creating filter chain: OrRequestMatcher [requestMatchers=[Ant [pattern='/oauth/**'], Ant [pattern='/login/**'], Ant [pattern='/logout/**']]], [org.springframework.security.web.context.request.async.WebAsyncManagerIntegrationFilter@1e6d30c0, org.springframework.security.web.context.SecurityContextPersistenceFilter@51a719e7, org.springframework.security.web.header.HeaderWriterFilter@5529522f, org.springframework.security.web.authentication.logout.LogoutFilter@38fb151a, org.springframework.security.web.authentication.UsernamePasswordAuthenticationFilter@1b60d324, org.springframework.security.web.authentication.ui.DefaultLoginPageGeneratingFilter@517a46f3, org.springframework.security.web.authentication.ui.DefaultLogoutPageGeneratingFilter@38929da, org.springframework.security.web.savedrequest.RequestCacheAwareFilter@fd4459b, org.springframework.security.web.servletapi.SecurityContextHolderAwareRequestFilter@1073c664, org.springframework.security.web.authentication.AnonymousAuthenticationFilter@69d667a5, org.springframework.security.web.session.SessionManagementFilter@175ac243, org.springframework.security.web.access.ExceptionTranslationFilter@7db47323] 
2020-07-04 14:10:31.614 [main] [DocumentationPluginsBootstrapper.java:147] INFO  springfox.documentation.spring.web.plugins.DocumentationPluginsBootstrapper - Context refreshed 
2020-07-04 14:10:31.654 [main] [DocumentationPluginsBootstrapper.java:150] INFO  springfox.documentation.spring.web.plugins.DocumentationPluginsBootstrapper - Found 1 custom documentation plugin(s) 
2020-07-04 14:10:31.768 [main] [ApiListingReferenceScanner.java:41] INFO  springfox.documentation.spring.web.scanners.ApiListingReferenceScanner - Scanning for api listing references 
2020-07-04 14:10:32.027 [main] [CachingOperationNameGenerator.java:40] INFO  springfox.documentation.spring.web.readers.operation.CachingOperationNameGenerator - Generating unique operation named: deleteConfigItemUsingPOST_1 
2020-07-04 14:10:32.036 [main] [CachingOperationNameGenerator.java:40] INFO  springfox.documentation.spring.web.readers.operation.CachingOperationNameGenerator - Generating unique operation named: insertConfigItemUsingPOST_1 
2020-07-04 14:10:32.039 [main] [CachingOperationNameGenerator.java:40] INFO  springfox.documentation.spring.web.readers.operation.CachingOperationNameGenerator - Generating unique operation named: updateConfigItemUsingPOST_1 
2020-07-04 14:10:32.067 [main] [DirectJDKLog.java:173] INFO  org.apache.coyote.http11.Http11NioProtocol - Starting ProtocolHandler ["http-nio-8080"] 
2020-07-04 14:10:32.093 [main] [TomcatWebServer.java:204] INFO  org.springframework.boot.web.embedded.tomcat.TomcatWebServer - Tomcat started on port(s): 8080 (http) with context path '' 
2020-07-04 14:10:32.096 [main] [StartupInfoLogger.java:59] INFO  com.tjhnode.DataserviceApplication - Started DataserviceApplication in 9.313 seconds (JVM running for 11.267) 
2020-07-04 14:10:43.000 [http-nio-8080-exec-1] [DirectJDKLog.java:173] INFO  org.apache.catalina.core.ContainerBase.[Tomcat].[localhost].[/] - Initializing Spring DispatcherServlet 'dispatcherServlet' 
2020-07-04 14:10:43.000 [http-nio-8080-exec-1] [FrameworkServlet.java:524] INFO  org.springframework.web.servlet.DispatcherServlet - Initializing Servlet 'dispatcherServlet' 
2020-07-04 14:10:43.036 [http-nio-8080-exec-1] [FrameworkServlet.java:546] INFO  org.springframework.web.servlet.DispatcherServlet - Completed initialization in 36 ms 
2020-07-04 14:17:10.051 [main] [StartupInfoLogger.java:50] INFO  com.tjhnode.DataserviceApplication - Starting DataserviceApplication on tjh with PID 2720 (D:\JavaProject\dataservice\target\classes started by My in D:\JavaProject\dataservice) 
2020-07-04 14:17:10.064 [main] [SpringApplication.java:675] INFO  com.tjhnode.DataserviceApplication - No active profile set, falling back to default profiles: default 
2020-07-04 14:17:11.125 [main] [RepositoryConfigurationDelegate.java:244] INFO  org.springframework.data.repository.config.RepositoryConfigurationDelegate - Multiple Spring Data modules found, entering strict repository configuration mode! 
2020-07-04 14:17:11.129 [main] [RepositoryConfigurationDelegate.java:126] INFO  org.springframework.data.repository.config.RepositoryConfigurationDelegate - Bootstrapping Spring Data repositories in DEFAULT mode. 
2020-07-04 14:17:11.181 [main] [RepositoryConfigurationDelegate.java:182] INFO  org.springframework.data.repository.config.RepositoryConfigurationDelegate - Finished Spring Data repository scanning in 40ms. Found 0 repository interfaces. 
2020-07-04 14:17:11.493 [main] [PostProcessorRegistrationDelegate.java:330] INFO  org.springframework.context.support.PostProcessorRegistrationDelegate$BeanPostProcessorChecker - Bean 'org.springframework.transaction.annotation.ProxyTransactionManagementConfiguration' of type [org.springframework.transaction.annotation.ProxyTransactionManagementConfiguration$$EnhancerBySpringCGLIB$$59ffe830] is not eligible for getting processed by all BeanPostProcessors (for example: not eligible for auto-proxying) 
2020-07-04 14:17:11.542 [main] [PostProcessorRegistrationDelegate.java:330] INFO  org.springframework.context.support.PostProcessorRegistrationDelegate$BeanPostProcessorChecker - Bean 'spring.datasource.dynamic-com.baomidou.dynamic.datasource.spring.boot.autoconfigure.DynamicDataSourceProperties' of type [com.baomidou.dynamic.datasource.spring.boot.autoconfigure.DynamicDataSourceProperties] is not eligible for getting processed by all BeanPostProcessors (for example: not eligible for auto-proxying) 
2020-07-04 14:17:11.544 [main] [PostProcessorRegistrationDelegate.java:330] INFO  org.springframework.context.support.PostProcessorRegistrationDelegate$BeanPostProcessorChecker - Bean 'com.baomidou.dynamic.datasource.spring.boot.autoconfigure.DynamicDataSourceAutoConfiguration' of type [com.baomidou.dynamic.datasource.spring.boot.autoconfigure.DynamicDataSourceAutoConfiguration$$EnhancerBySpringCGLIB$$c38e5901] is not eligible for getting processed by all BeanPostProcessors (for example: not eligible for auto-proxying) 
2020-07-04 14:17:11.550 [main] [PostProcessorRegistrationDelegate.java:330] INFO  org.springframework.context.support.PostProcessorRegistrationDelegate$BeanPostProcessorChecker - Bean 'dsProcessor' of type [com.baomidou.dynamic.datasource.processor.DsHeaderProcessor] is not eligible for getting processed by all BeanPostProcessors (for example: not eligible for auto-proxying) 
2020-07-04 14:17:11.554 [main] [PostProcessorRegistrationDelegate.java:330] INFO  org.springframework.context.support.PostProcessorRegistrationDelegate$BeanPostProcessorChecker - Bean 'dynamicDatasourceAnnotationAdvisor' of type [com.baomidou.dynamic.datasource.aop.DynamicDataSourceAnnotationAdvisor] is not eligible for getting processed by all BeanPostProcessors (for example: not eligible for auto-proxying) 
2020-07-04 14:17:11.873 [main] [TomcatWebServer.java:90] INFO  org.springframework.boot.web.embedded.tomcat.TomcatWebServer - Tomcat initialized with port(s): 8080 (http) 
2020-07-04 14:17:11.886 [main] [DirectJDKLog.java:173] INFO  org.apache.coyote.http11.Http11NioProtocol - Initializing ProtocolHandler ["http-nio-8080"] 
2020-07-04 14:17:11.894 [main] [DirectJDKLog.java:173] INFO  org.apache.catalina.core.StandardService - Starting service [Tomcat] 
2020-07-04 14:17:11.895 [main] [DirectJDKLog.java:173] INFO  org.apache.catalina.core.StandardEngine - Starting Servlet engine: [Apache Tomcat/9.0.16] 
2020-07-04 14:17:11.901 [main] [DirectJDKLog.java:173] INFO  org.apache.catalina.core.AprLifecycleListener - Loaded APR based Apache Tomcat Native library [1.2.21] using APR version [1.6.5]. 
2020-07-04 14:17:11.901 [main] [DirectJDKLog.java:173] INFO  org.apache.catalina.core.AprLifecycleListener - APR capabilities: IPv6 [true], sendfile [true], accept filters [false], random [true]. 
2020-07-04 14:17:11.901 [main] [DirectJDKLog.java:173] INFO  org.apache.catalina.core.AprLifecycleListener - APR/OpenSSL configuration: useAprConnector [false], useOpenSSL [true] 
2020-07-04 14:17:12.942 [main] [DirectJDKLog.java:173] INFO  org.apache.catalina.core.AprLifecycleListener - OpenSSL successfully initialized [OpenSSL 1.0.2q  20 Nov 2018] 
2020-07-04 14:17:13.052 [main] [DirectJDKLog.java:173] INFO  org.apache.catalina.core.ContainerBase.[Tomcat].[localhost].[/] - Initializing Spring embedded WebApplicationContext 
2020-07-04 14:17:13.052 [main] [ServletWebServerApplicationContext.java:296] INFO  org.springframework.web.context.ContextLoader - Root WebApplicationContext: initialization completed in 2917 ms 
2020-07-04 14:17:13.397 [main] [DynamicDataSourceCreator.java:113] INFO  com.baomidou.dynamic.datasource.DynamicDataSourceCreator - 动态数据源-检测到druid存在,如配置中未指定type,druid会默认配置 
2020-07-04 14:17:14.551 [main] [DruidDataSource.java:930] INFO  com.alibaba.druid.pool.DruidDataSource - {dataSource-1,master} inited 
2020-07-04 14:17:14.599 [main] [DruidDataSource.java:930] INFO  com.alibaba.druid.pool.DruidDataSource - {dataSource-2,appconfig} inited 
2020-07-04 14:17:14.643 [main] [DruidDataSource.java:930] INFO  com.alibaba.druid.pool.DruidDataSource - {dataSource-3,applog} inited 
2020-07-04 14:17:14.692 [main] [DruidDataSource.java:930] INFO  com.alibaba.druid.pool.DruidDataSource - {dataSource-4,app} inited 
2020-07-04 14:17:14.692 [main] [DynamicRoutingDataSource.java:203] INFO  com.baomidou.dynamic.datasource.DynamicRoutingDataSource - 初始共加载 4 个数据源 
2020-07-04 14:17:14.693 [main] [DynamicRoutingDataSource.java:142] INFO  com.baomidou.dynamic.datasource.DynamicRoutingDataSource - 动态数据源-加载 appconfig 成功 
2020-07-04 14:17:14.693 [main] [DynamicRoutingDataSource.java:142] INFO  com.baomidou.dynamic.datasource.DynamicRoutingDataSource - 动态数据源-加载 app 成功 
2020-07-04 14:17:14.693 [main] [DynamicRoutingDataSource.java:142] INFO  com.baomidou.dynamic.datasource.DynamicRoutingDataSource - 动态数据源-加载 master 成功 
2020-07-04 14:17:14.693 [main] [DynamicRoutingDataSource.java:142] INFO  com.baomidou.dynamic.datasource.DynamicRoutingDataSource - 动态数据源-加载 applog 成功 
2020-07-04 14:17:14.693 [main] [DynamicRoutingDataSource.java:212] INFO  com.baomidou.dynamic.datasource.DynamicRoutingDataSource - 当前的默认数据源是单数据源，数据源名为 appconfig 
2020-07-04 14:17:15.758 [main] [PropertySourcedRequestMappingHandlerMapping.java:69] INFO  springfox.documentation.spring.web.PropertySourcedRequestMappingHandlerMapping - Mapped URL path [/v2/api-docs] onto method [public org.springframework.http.ResponseEntity<springfox.documentation.spring.web.json.Json> springfox.documentation.swagger2.web.Swagger2Controller.getDocumentation(java.lang.String,javax.servlet.http.HttpServletRequest)] 
2020-07-04 14:17:16.045 [main] [ExecutorConfigurationSupport.java:171] INFO  org.springframework.scheduling.concurrent.ThreadPoolTaskExecutor - Initializing ExecutorService 'applicationTaskExecutor' 
2020-07-04 14:17:16.491 [main] [DefaultSecurityFilterChain.java:43] INFO  org.springframework.security.web.DefaultSecurityFilterChain - Creating filter chain: Ant [pattern='/**', OPTIONS], [] 
2020-07-04 14:17:16.519 [main] [DefaultSecurityFilterChain.java:43] INFO  org.springframework.security.web.DefaultSecurityFilterChain - Creating filter chain: OrRequestMatcher [requestMatchers=[Ant [pattern='/oauth/token'], Ant [pattern='/oauth/token_key'], Ant [pattern='/oauth/check_token']]], [org.springframework.security.web.context.request.async.WebAsyncManagerIntegrationFilter@2d4e99de, org.springframework.security.web.context.SecurityContextPersistenceFilter@1d8be7b9, org.springframework.security.web.header.HeaderWriterFilter@3e4afd10, org.springframework.security.web.authentication.logout.LogoutFilter@d76099a, org.springframework.security.web.authentication.www.BasicAuthenticationFilter@cf10c92, org.springframework.security.web.savedrequest.RequestCacheAwareFilter@3d53e876, org.springframework.security.web.servletapi.SecurityContextHolderAwareRequestFilter@6c70b7c3, org.springframework.security.web.authentication.AnonymousAuthenticationFilter@580ffea, org.springframework.security.web.session.SessionManagementFilter@20faaf77, org.springframework.security.web.access.ExceptionTranslationFilter@632c3f55, org.springframework.security.web.access.intercept.FilterSecurityInterceptor@1a5b7394] 
2020-07-04 14:17:16.528 [main] [DefaultSecurityFilterChain.java:43] INFO  org.springframework.security.web.DefaultSecurityFilterChain - Creating filter chain: org.springframework.security.oauth2.config.annotation.web.configuration.ResourceServerConfiguration$NotOAuthRequestMatcher@517a46f3, [org.springframework.security.web.context.request.async.WebAsyncManagerIntegrationFilter@38fb151a, org.springframework.security.web.context.SecurityContextPersistenceFilter@3982206a, org.springframework.security.web.header.HeaderWriterFilter@5fe5c68b, org.springframework.security.web.authentication.logout.LogoutFilter@38dbeb39, org.springframework.security.oauth2.provider.authentication.OAuth2AuthenticationProcessingFilter@336e3be2, org.springframework.security.web.savedrequest.RequestCacheAwareFilter@3e9fb485, org.springframework.security.web.servletapi.SecurityContextHolderAwareRequestFilter@4f3fec43, org.springframework.security.web.authentication.AnonymousAuthenticationFilter@152e7703, org.springframework.security.web.session.SessionManagementFilter@2ffb0d10, org.springframework.security.web.access.ExceptionTranslationFilter@250a946, org.springframework.security.web.access.intercept.FilterSecurityInterceptor@1073c664] 
2020-07-04 14:17:16.535 [main] [DefaultSecurityFilterChain.java:43] INFO  org.springframework.security.web.DefaultSecurityFilterChain - Creating filter chain: any request, [org.springframework.security.web.context.request.async.WebAsyncManagerIntegrationFilter@39a3984c, org.springframework.security.web.context.SecurityContextPersistenceFilter@18483b8b, org.springframework.security.web.header.HeaderWriterFilter@8f4b803, org.springframework.web.filter.CorsFilter@17aa8a11, org.springframework.security.web.authentication.logout.LogoutFilter@7ab1ad9, org.springframework.security.web.authentication.UsernamePasswordAuthenticationFilter@1bbb42b4, org.springframework.security.web.savedrequest.RequestCacheAwareFilter@24fc2c80, org.springframework.security.web.servletapi.SecurityContextHolderAwareRequestFilter@965bcbc, org.springframework.security.web.authentication.AnonymousAuthenticationFilter@4404a6b, org.springframework.security.web.session.SessionManagementFilter@42f9873e, org.springframework.security.web.access.ExceptionTranslationFilter@7fe87c0e, org.springframework.security.web.access.intercept.FilterSecurityInterceptor@6cc8da1c] 
2020-07-04 14:17:16.795 [main] [DocumentationPluginsBootstrapper.java:147] INFO  springfox.documentation.spring.web.plugins.DocumentationPluginsBootstrapper - Context refreshed 
2020-07-04 14:17:16.812 [main] [DocumentationPluginsBootstrapper.java:150] INFO  springfox.documentation.spring.web.plugins.DocumentationPluginsBootstrapper - Found 1 custom documentation plugin(s) 
2020-07-04 14:17:16.872 [main] [ApiListingReferenceScanner.java:41] INFO  springfox.documentation.spring.web.scanners.ApiListingReferenceScanner - Scanning for api listing references 
2020-07-04 14:17:17.063 [main] [CachingOperationNameGenerator.java:40] INFO  springfox.documentation.spring.web.readers.operation.CachingOperationNameGenerator - Generating unique operation named: deleteConfigItemUsingPOST_1 
2020-07-04 14:17:17.074 [main] [CachingOperationNameGenerator.java:40] INFO  springfox.documentation.spring.web.readers.operation.CachingOperationNameGenerator - Generating unique operation named: insertConfigItemUsingPOST_1 
2020-07-04 14:17:17.076 [main] [CachingOperationNameGenerator.java:40] INFO  springfox.documentation.spring.web.readers.operation.CachingOperationNameGenerator - Generating unique operation named: updateConfigItemUsingPOST_1 
2020-07-04 14:17:17.091 [main] [DirectJDKLog.java:173] INFO  org.apache.coyote.http11.Http11NioProtocol - Starting ProtocolHandler ["http-nio-8080"] 
2020-07-04 14:17:17.112 [main] [TomcatWebServer.java:204] INFO  org.springframework.boot.web.embedded.tomcat.TomcatWebServer - Tomcat started on port(s): 8080 (http) with context path '' 
2020-07-04 14:17:17.114 [main] [StartupInfoLogger.java:59] INFO  com.tjhnode.DataserviceApplication - Started DataserviceApplication in 7.496 seconds (JVM running for 9.54) 
2020-07-04 14:17:29.241 [http-nio-8080-exec-1] [DirectJDKLog.java:173] INFO  org.apache.catalina.core.ContainerBase.[Tomcat].[localhost].[/] - Initializing Spring DispatcherServlet 'dispatcherServlet' 
2020-07-04 14:17:29.242 [http-nio-8080-exec-1] [FrameworkServlet.java:524] INFO  org.springframework.web.servlet.DispatcherServlet - Initializing Servlet 'dispatcherServlet' 
2020-07-04 14:17:29.249 [http-nio-8080-exec-1] [FrameworkServlet.java:546] INFO  org.springframework.web.servlet.DispatcherServlet - Completed initialization in 7 ms 
2020-07-04 14:17:37.377 [http-nio-8080-exec-8] [JdbcTokenStore.java:168] INFO  org.springframework.security.oauth2.provider.token.store.JdbcTokenStore - Failed to find access token for token 177d16e2-af48-4c97-a803-54a68c707ff6 
2020-07-04 14:17:41.325 [http-nio-8080-exec-1] [JdbcTokenStore.java:168] INFO  org.springframework.security.oauth2.provider.token.store.JdbcTokenStore - Failed to find access token for token 098a1eb0-e812-43a4-bc9f-7c2a1987ad05 
2020-07-04 18:02:24.970 [main] [StartupInfoLogger.java:50] INFO  com.tjhnode.DataserviceApplication - Starting DataserviceApplication on tjh with PID 1456 (D:\JavaProject\dataservice\target\classes started by My in D:\JavaProject\dataservice) 
2020-07-04 18:02:24.984 [main] [SpringApplication.java:675] INFO  com.tjhnode.DataserviceApplication - No active profile set, falling back to default profiles: default 
2020-07-04 18:02:26.081 [main] [RepositoryConfigurationDelegate.java:244] INFO  org.springframework.data.repository.config.RepositoryConfigurationDelegate - Multiple Spring Data modules found, entering strict repository configuration mode! 
2020-07-04 18:02:26.084 [main] [RepositoryConfigurationDelegate.java:126] INFO  org.springframework.data.repository.config.RepositoryConfigurationDelegate - Bootstrapping Spring Data repositories in DEFAULT mode. 
2020-07-04 18:02:26.127 [main] [RepositoryConfigurationDelegate.java:182] INFO  org.springframework.data.repository.config.RepositoryConfigurationDelegate - Finished Spring Data repository scanning in 32ms. Found 0 repository interfaces. 
2020-07-04 18:02:26.414 [main] [PostProcessorRegistrationDelegate.java:330] INFO  org.springframework.context.support.PostProcessorRegistrationDelegate$BeanPostProcessorChecker - Bean 'org.springframework.transaction.annotation.ProxyTransactionManagementConfiguration' of type [org.springframework.transaction.annotation.ProxyTransactionManagementConfiguration$$EnhancerBySpringCGLIB$$6effb786] is not eligible for getting processed by all BeanPostProcessors (for example: not eligible for auto-proxying) 
2020-07-04 18:02:26.459 [main] [PostProcessorRegistrationDelegate.java:330] INFO  org.springframework.context.support.PostProcessorRegistrationDelegate$BeanPostProcessorChecker - Bean 'spring.datasource.dynamic-com.baomidou.dynamic.datasource.spring.boot.autoconfigure.DynamicDataSourceProperties' of type [com.baomidou.dynamic.datasource.spring.boot.autoconfigure.DynamicDataSourceProperties] is not eligible for getting processed by all BeanPostProcessors (for example: not eligible for auto-proxying) 
2020-07-04 18:02:26.461 [main] [PostProcessorRegistrationDelegate.java:330] INFO  org.springframework.context.support.PostProcessorRegistrationDelegate$BeanPostProcessorChecker - Bean 'com.baomidou.dynamic.datasource.spring.boot.autoconfigure.DynamicDataSourceAutoConfiguration' of type [com.baomidou.dynamic.datasource.spring.boot.autoconfigure.DynamicDataSourceAutoConfiguration$$EnhancerBySpringCGLIB$$d88e2857] is not eligible for getting processed by all BeanPostProcessors (for example: not eligible for auto-proxying) 
2020-07-04 18:02:26.467 [main] [PostProcessorRegistrationDelegate.java:330] INFO  org.springframework.context.support.PostProcessorRegistrationDelegate$BeanPostProcessorChecker - Bean 'dsProcessor' of type [com.baomidou.dynamic.datasource.processor.DsHeaderProcessor] is not eligible for getting processed by all BeanPostProcessors (for example: not eligible for auto-proxying) 
2020-07-04 18:02:26.471 [main] [PostProcessorRegistrationDelegate.java:330] INFO  org.springframework.context.support.PostProcessorRegistrationDelegate$BeanPostProcessorChecker - Bean 'dynamicDatasourceAnnotationAdvisor' of type [com.baomidou.dynamic.datasource.aop.DynamicDataSourceAnnotationAdvisor] is not eligible for getting processed by all BeanPostProcessors (for example: not eligible for auto-proxying) 
2020-07-04 18:02:26.968 [main] [TomcatWebServer.java:90] INFO  org.springframework.boot.web.embedded.tomcat.TomcatWebServer - Tomcat initialized with port(s): 8080 (http) 
2020-07-04 18:02:27.012 [main] [DirectJDKLog.java:173] INFO  org.apache.coyote.http11.Http11NioProtocol - Initializing ProtocolHandler ["http-nio-8080"] 
2020-07-04 18:02:27.025 [main] [DirectJDKLog.java:173] INFO  org.apache.catalina.core.StandardService - Starting service [Tomcat] 
2020-07-04 18:02:27.026 [main] [DirectJDKLog.java:173] INFO  org.apache.catalina.core.StandardEngine - Starting Servlet engine: [Apache Tomcat/9.0.16] 
2020-07-04 18:02:27.035 [main] [DirectJDKLog.java:173] INFO  org.apache.catalina.core.AprLifecycleListener - Loaded APR based Apache Tomcat Native library [1.2.21] using APR version [1.6.5]. 
2020-07-04 18:02:27.035 [main] [DirectJDKLog.java:173] INFO  org.apache.catalina.core.AprLifecycleListener - APR capabilities: IPv6 [true], sendfile [true], accept filters [false], random [true]. 
2020-07-04 18:02:27.036 [main] [DirectJDKLog.java:173] INFO  org.apache.catalina.core.AprLifecycleListener - APR/OpenSSL configuration: useAprConnector [false], useOpenSSL [true] 
2020-07-04 18:02:28.091 [main] [DirectJDKLog.java:173] INFO  org.apache.catalina.core.AprLifecycleListener - OpenSSL successfully initialized [OpenSSL 1.0.2q  20 Nov 2018] 
2020-07-04 18:02:28.198 [main] [DirectJDKLog.java:173] INFO  org.apache.catalina.core.ContainerBase.[Tomcat].[localhost].[/] - Initializing Spring embedded WebApplicationContext 
2020-07-04 18:02:28.198 [main] [ServletWebServerApplicationContext.java:296] INFO  org.springframework.web.context.ContextLoader - Root WebApplicationContext: initialization completed in 3148 ms 
2020-07-04 18:02:28.487 [main] [DynamicDataSourceCreator.java:113] INFO  com.baomidou.dynamic.datasource.DynamicDataSourceCreator - 动态数据源-检测到druid存在,如配置中未指定type,druid会默认配置 
2020-07-04 18:02:29.758 [main] [DruidDataSource.java:930] INFO  com.alibaba.druid.pool.DruidDataSource - {dataSource-1,master} inited 
2020-07-04 18:02:29.804 [main] [DruidDataSource.java:930] INFO  com.alibaba.druid.pool.DruidDataSource - {dataSource-2,appconfig} inited 
2020-07-04 18:02:29.854 [main] [DruidDataSource.java:930] INFO  com.alibaba.druid.pool.DruidDataSource - {dataSource-3,applog} inited 
2020-07-04 18:02:29.902 [main] [DruidDataSource.java:930] INFO  com.alibaba.druid.pool.DruidDataSource - {dataSource-4,app} inited 
2020-07-04 18:02:29.902 [main] [DynamicRoutingDataSource.java:203] INFO  com.baomidou.dynamic.datasource.DynamicRoutingDataSource - 初始共加载 4 个数据源 
2020-07-04 18:02:29.903 [main] [DynamicRoutingDataSource.java:142] INFO  com.baomidou.dynamic.datasource.DynamicRoutingDataSource - 动态数据源-加载 appconfig 成功 
2020-07-04 18:02:29.903 [main] [DynamicRoutingDataSource.java:142] INFO  com.baomidou.dynamic.datasource.DynamicRoutingDataSource - 动态数据源-加载 app 成功 
2020-07-04 18:02:29.903 [main] [DynamicRoutingDataSource.java:142] INFO  com.baomidou.dynamic.datasource.DynamicRoutingDataSource - 动态数据源-加载 master 成功 
2020-07-04 18:02:29.903 [main] [DynamicRoutingDataSource.java:142] INFO  com.baomidou.dynamic.datasource.DynamicRoutingDataSource - 动态数据源-加载 applog 成功 
2020-07-04 18:02:29.904 [main] [DynamicRoutingDataSource.java:212] INFO  com.baomidou.dynamic.datasource.DynamicRoutingDataSource - 当前的默认数据源是单数据源，数据源名为 appconfig 
2020-07-04 18:02:30.932 [main] [PropertySourcedRequestMappingHandlerMapping.java:69] INFO  springfox.documentation.spring.web.PropertySourcedRequestMappingHandlerMapping - Mapped URL path [/v2/api-docs] onto method [public org.springframework.http.ResponseEntity<springfox.documentation.spring.web.json.Json> springfox.documentation.swagger2.web.Swagger2Controller.getDocumentation(java.lang.String,javax.servlet.http.HttpServletRequest)] 
2020-07-04 18:02:31.177 [main] [ExecutorConfigurationSupport.java:171] INFO  org.springframework.scheduling.concurrent.ThreadPoolTaskExecutor - Initializing ExecutorService 'applicationTaskExecutor' 
2020-07-04 18:02:31.585 [main] [DefaultSecurityFilterChain.java:43] INFO  org.springframework.security.web.DefaultSecurityFilterChain - Creating filter chain: Ant [pattern='/**', OPTIONS], [] 
2020-07-04 18:02:31.585 [main] [DefaultSecurityFilterChain.java:43] INFO  org.springframework.security.web.DefaultSecurityFilterChain - Creating filter chain: Ant [pattern='/security/**', OPTIONS], [] 
2020-07-04 18:02:31.612 [main] [DefaultSecurityFilterChain.java:43] INFO  org.springframework.security.web.DefaultSecurityFilterChain - Creating filter chain: OrRequestMatcher [requestMatchers=[Ant [pattern='/oauth/token'], Ant [pattern='/oauth/token_key'], Ant [pattern='/oauth/check_token']]], [org.springframework.security.web.context.request.async.WebAsyncManagerIntegrationFilter@794cb26b, org.springframework.security.web.context.SecurityContextPersistenceFilter@399f5daf, org.springframework.security.web.header.HeaderWriterFilter@4bf8b77, org.springframework.security.web.authentication.logout.LogoutFilter@271e851e, org.springframework.security.web.authentication.www.BasicAuthenticationFilter@48d44b46, org.springframework.security.web.savedrequest.RequestCacheAwareFilter@29f3185c, org.springframework.security.web.servletapi.SecurityContextHolderAwareRequestFilter@38054d01, org.springframework.security.web.authentication.AnonymousAuthenticationFilter@5b7ee56c, org.springframework.security.web.session.SessionManagementFilter@628962e5, org.springframework.security.web.access.ExceptionTranslationFilter@6181bc4a, org.springframework.security.web.access.intercept.FilterSecurityInterceptor@3e4afd10] 
2020-07-04 18:02:31.621 [main] [DefaultSecurityFilterChain.java:43] INFO  org.springframework.security.web.DefaultSecurityFilterChain - Creating filter chain: org.springframework.security.oauth2.config.annotation.web.configuration.ResourceServerConfiguration$NotOAuthRequestMatcher@6a6e9289, [org.springframework.security.web.context.request.async.WebAsyncManagerIntegrationFilter@ff4b223, org.springframework.security.web.context.SecurityContextPersistenceFilter@d76099a, org.springframework.security.web.header.HeaderWriterFilter@5f7cd50e, org.springframework.security.web.authentication.logout.LogoutFilter@4809c771, org.springframework.security.oauth2.provider.authentication.OAuth2AuthenticationProcessingFilter@36cfe107, org.springframework.security.web.savedrequest.RequestCacheAwareFilter@47f0f414, org.springframework.security.web.servletapi.SecurityContextHolderAwareRequestFilter@7e1d8d41, org.springframework.security.web.authentication.AnonymousAuthenticationFilter@61554b6b, org.springframework.security.web.session.SessionManagementFilter@401ec794, org.springframework.security.web.access.ExceptionTranslationFilter@f48a080, org.springframework.security.web.access.intercept.FilterSecurityInterceptor@139089a4] 
2020-07-04 18:02:31.627 [main] [DefaultSecurityFilterChain.java:43] INFO  org.springframework.security.web.DefaultSecurityFilterChain - Creating filter chain: OrRequestMatcher [requestMatchers=[Ant [pattern='/oauth/**'], Ant [pattern='/login/**'], Ant [pattern='/logout/**']]], [org.springframework.security.web.context.request.async.WebAsyncManagerIntegrationFilter@21f91efa, org.springframework.security.web.context.SecurityContextPersistenceFilter@63326a3a, org.springframework.security.web.header.HeaderWriterFilter@4aac81ca, org.springframework.security.web.authentication.logout.LogoutFilter@e72fb04, org.springframework.security.web.authentication.UsernamePasswordAuthenticationFilter@4315fe1b, org.springframework.security.web.authentication.ui.DefaultLoginPageGeneratingFilter@7ee12d58, org.springframework.security.web.authentication.ui.DefaultLogoutPageGeneratingFilter@4df0d9f8, org.springframework.security.web.savedrequest.RequestCacheAwareFilter@3e04abc5, org.springframework.security.web.servletapi.SecurityContextHolderAwareRequestFilter@1008df1e, org.springframework.security.web.authentication.AnonymousAuthenticationFilter@35e75f7a, org.springframework.security.web.session.SessionManagementFilter@393ae7a0, org.springframework.security.web.access.ExceptionTranslationFilter@f9a5e3f] 
2020-07-04 18:02:31.874 [main] [DocumentationPluginsBootstrapper.java:147] INFO  springfox.documentation.spring.web.plugins.DocumentationPluginsBootstrapper - Context refreshed 
2020-07-04 18:02:31.889 [main] [DocumentationPluginsBootstrapper.java:150] INFO  springfox.documentation.spring.web.plugins.DocumentationPluginsBootstrapper - Found 1 custom documentation plugin(s) 
2020-07-04 18:02:31.974 [main] [ApiListingReferenceScanner.java:41] INFO  springfox.documentation.spring.web.scanners.ApiListingReferenceScanner - Scanning for api listing references 
2020-07-04 18:02:32.170 [main] [CachingOperationNameGenerator.java:40] INFO  springfox.documentation.spring.web.readers.operation.CachingOperationNameGenerator - Generating unique operation named: deleteConfigItemUsingPOST_1 
2020-07-04 18:02:32.179 [main] [CachingOperationNameGenerator.java:40] INFO  springfox.documentation.spring.web.readers.operation.CachingOperationNameGenerator - Generating unique operation named: insertConfigItemUsingPOST_1 
2020-07-04 18:02:32.181 [main] [CachingOperationNameGenerator.java:40] INFO  springfox.documentation.spring.web.readers.operation.CachingOperationNameGenerator - Generating unique operation named: updateConfigItemUsingPOST_1 
2020-07-04 18:02:32.197 [main] [DirectJDKLog.java:173] INFO  org.apache.coyote.http11.Http11NioProtocol - Starting ProtocolHandler ["http-nio-8080"] 
2020-07-04 18:02:32.217 [main] [TomcatWebServer.java:204] INFO  org.springframework.boot.web.embedded.tomcat.TomcatWebServer - Tomcat started on port(s): 8080 (http) with context path '' 
2020-07-04 18:02:32.220 [main] [StartupInfoLogger.java:59] INFO  com.tjhnode.DataserviceApplication - Started DataserviceApplication in 7.61 seconds (JVM running for 9.332) 
2020-07-04 18:02:48.716 [http-nio-8080-exec-1] [DirectJDKLog.java:173] INFO  org.apache.catalina.core.ContainerBase.[Tomcat].[localhost].[/] - Initializing Spring DispatcherServlet 'dispatcherServlet' 
2020-07-04 18:02:48.716 [http-nio-8080-exec-1] [FrameworkServlet.java:524] INFO  org.springframework.web.servlet.DispatcherServlet - Initializing Servlet 'dispatcherServlet' 
2020-07-04 18:02:48.725 [http-nio-8080-exec-1] [FrameworkServlet.java:546] INFO  org.springframework.web.servlet.DispatcherServlet - Completed initialization in 8 ms 
2020-07-04 18:04:01.081 [main] [StartupInfoLogger.java:50] INFO  com.tjhnode.DataserviceApplication - Starting DataserviceApplication on tjh with PID 12508 (D:\JavaProject\dataservice\target\classes started by My in D:\JavaProject\dataservice) 
2020-07-04 18:04:01.090 [main] [SpringApplication.java:675] INFO  com.tjhnode.DataserviceApplication - No active profile set, falling back to default profiles: default 
2020-07-04 18:04:01.980 [main] [RepositoryConfigurationDelegate.java:244] INFO  org.springframework.data.repository.config.RepositoryConfigurationDelegate - Multiple Spring Data modules found, entering strict repository configuration mode! 
2020-07-04 18:04:01.983 [main] [RepositoryConfigurationDelegate.java:126] INFO  org.springframework.data.repository.config.RepositoryConfigurationDelegate - Bootstrapping Spring Data repositories in DEFAULT mode. 
2020-07-04 18:04:02.026 [main] [RepositoryConfigurationDelegate.java:182] INFO  org.springframework.data.repository.config.RepositoryConfigurationDelegate - Finished Spring Data repository scanning in 33ms. Found 0 repository interfaces. 
2020-07-04 18:04:02.308 [main] [PostProcessorRegistrationDelegate.java:330] INFO  org.springframework.context.support.PostProcessorRegistrationDelegate$BeanPostProcessorChecker - Bean 'org.springframework.transaction.annotation.ProxyTransactionManagementConfiguration' of type [org.springframework.transaction.annotation.ProxyTransactionManagementConfiguration$$EnhancerBySpringCGLIB$$5f15fb27] is not eligible for getting processed by all BeanPostProcessors (for example: not eligible for auto-proxying) 
2020-07-04 18:04:02.350 [main] [PostProcessorRegistrationDelegate.java:330] INFO  org.springframework.context.support.PostProcessorRegistrationDelegate$BeanPostProcessorChecker - Bean 'spring.datasource.dynamic-com.baomidou.dynamic.datasource.spring.boot.autoconfigure.DynamicDataSourceProperties' of type [com.baomidou.dynamic.datasource.spring.boot.autoconfigure.DynamicDataSourceProperties] is not eligible for getting processed by all BeanPostProcessors (for example: not eligible for auto-proxying) 
2020-07-04 18:04:02.352 [main] [PostProcessorRegistrationDelegate.java:330] INFO  org.springframework.context.support.PostProcessorRegistrationDelegate$BeanPostProcessorChecker - Bean 'com.baomidou.dynamic.datasource.spring.boot.autoconfigure.DynamicDataSourceAutoConfiguration' of type [com.baomidou.dynamic.datasource.spring.boot.autoconfigure.DynamicDataSourceAutoConfiguration$$EnhancerBySpringCGLIB$$c8a46bf8] is not eligible for getting processed by all BeanPostProcessors (for example: not eligible for auto-proxying) 
2020-07-04 18:04:02.357 [main] [PostProcessorRegistrationDelegate.java:330] INFO  org.springframework.context.support.PostProcessorRegistrationDelegate$BeanPostProcessorChecker - Bean 'dsProcessor' of type [com.baomidou.dynamic.datasource.processor.DsHeaderProcessor] is not eligible for getting processed by all BeanPostProcessors (for example: not eligible for auto-proxying) 
2020-07-04 18:04:02.360 [main] [PostProcessorRegistrationDelegate.java:330] INFO  org.springframework.context.support.PostProcessorRegistrationDelegate$BeanPostProcessorChecker - Bean 'dynamicDatasourceAnnotationAdvisor' of type [com.baomidou.dynamic.datasource.aop.DynamicDataSourceAnnotationAdvisor] is not eligible for getting processed by all BeanPostProcessors (for example: not eligible for auto-proxying) 
2020-07-04 18:04:02.663 [main] [TomcatWebServer.java:90] INFO  org.springframework.boot.web.embedded.tomcat.TomcatWebServer - Tomcat initialized with port(s): 8080 (http) 
2020-07-04 18:04:02.673 [main] [DirectJDKLog.java:173] INFO  org.apache.coyote.http11.Http11NioProtocol - Initializing ProtocolHandler ["http-nio-8080"] 
2020-07-04 18:04:02.680 [main] [DirectJDKLog.java:173] INFO  org.apache.catalina.core.StandardService - Starting service [Tomcat] 
2020-07-04 18:04:02.681 [main] [DirectJDKLog.java:173] INFO  org.apache.catalina.core.StandardEngine - Starting Servlet engine: [Apache Tomcat/9.0.16] 
2020-07-04 18:04:02.686 [main] [DirectJDKLog.java:173] INFO  org.apache.catalina.core.AprLifecycleListener - Loaded APR based Apache Tomcat Native library [1.2.21] using APR version [1.6.5]. 
2020-07-04 18:04:02.687 [main] [DirectJDKLog.java:173] INFO  org.apache.catalina.core.AprLifecycleListener - APR capabilities: IPv6 [true], sendfile [true], accept filters [false], random [true]. 
2020-07-04 18:04:02.687 [main] [DirectJDKLog.java:173] INFO  org.apache.catalina.core.AprLifecycleListener - APR/OpenSSL configuration: useAprConnector [false], useOpenSSL [true] 
2020-07-04 18:04:03.719 [main] [DirectJDKLog.java:173] INFO  org.apache.catalina.core.AprLifecycleListener - OpenSSL successfully initialized [OpenSSL 1.0.2q  20 Nov 2018] 
2020-07-04 18:04:03.820 [main] [DirectJDKLog.java:173] INFO  org.apache.catalina.core.ContainerBase.[Tomcat].[localhost].[/] - Initializing Spring embedded WebApplicationContext 
2020-07-04 18:04:03.821 [main] [ServletWebServerApplicationContext.java:296] INFO  org.springframework.web.context.ContextLoader - Root WebApplicationContext: initialization completed in 2688 ms 
2020-07-04 18:04:04.105 [main] [DynamicDataSourceCreator.java:113] INFO  com.baomidou.dynamic.datasource.DynamicDataSourceCreator - 动态数据源-检测到druid存在,如配置中未指定type,druid会默认配置 
2020-07-04 18:04:05.194 [main] [DruidDataSource.java:930] INFO  com.alibaba.druid.pool.DruidDataSource - {dataSource-1,master} inited 
2020-07-04 18:04:05.241 [main] [DruidDataSource.java:930] INFO  com.alibaba.druid.pool.DruidDataSource - {dataSource-2,appconfig} inited 
2020-07-04 18:04:05.286 [main] [DruidDataSource.java:930] INFO  com.alibaba.druid.pool.DruidDataSource - {dataSource-3,applog} inited 
2020-07-04 18:04:05.332 [main] [DruidDataSource.java:930] INFO  com.alibaba.druid.pool.DruidDataSource - {dataSource-4,app} inited 
2020-07-04 18:04:05.332 [main] [DynamicRoutingDataSource.java:203] INFO  com.baomidou.dynamic.datasource.DynamicRoutingDataSource - 初始共加载 4 个数据源 
2020-07-04 18:04:05.333 [main] [DynamicRoutingDataSource.java:142] INFO  com.baomidou.dynamic.datasource.DynamicRoutingDataSource - 动态数据源-加载 appconfig 成功 
2020-07-04 18:04:05.333 [main] [DynamicRoutingDataSource.java:142] INFO  com.baomidou.dynamic.datasource.DynamicRoutingDataSource - 动态数据源-加载 app 成功 
2020-07-04 18:04:05.333 [main] [DynamicRoutingDataSource.java:142] INFO  com.baomidou.dynamic.datasource.DynamicRoutingDataSource - 动态数据源-加载 master 成功 
2020-07-04 18:04:05.333 [main] [DynamicRoutingDataSource.java:142] INFO  com.baomidou.dynamic.datasource.DynamicRoutingDataSource - 动态数据源-加载 applog 成功 
2020-07-04 18:04:05.333 [main] [DynamicRoutingDataSource.java:212] INFO  com.baomidou.dynamic.datasource.DynamicRoutingDataSource - 当前的默认数据源是单数据源，数据源名为 appconfig 
2020-07-04 18:04:06.211 [main] [PropertySourcedRequestMappingHandlerMapping.java:69] INFO  springfox.documentation.spring.web.PropertySourcedRequestMappingHandlerMapping - Mapped URL path [/v2/api-docs] onto method [public org.springframework.http.ResponseEntity<springfox.documentation.spring.web.json.Json> springfox.documentation.swagger2.web.Swagger2Controller.getDocumentation(java.lang.String,javax.servlet.http.HttpServletRequest)] 
2020-07-04 18:04:06.449 [main] [ExecutorConfigurationSupport.java:171] INFO  org.springframework.scheduling.concurrent.ThreadPoolTaskExecutor - Initializing ExecutorService 'applicationTaskExecutor' 
2020-07-04 18:04:06.861 [main] [DefaultSecurityFilterChain.java:43] INFO  org.springframework.security.web.DefaultSecurityFilterChain - Creating filter chain: Ant [pattern='/**', OPTIONS], [] 
2020-07-04 18:04:06.886 [main] [DefaultSecurityFilterChain.java:43] INFO  org.springframework.security.web.DefaultSecurityFilterChain - Creating filter chain: OrRequestMatcher [requestMatchers=[Ant [pattern='/oauth/token'], Ant [pattern='/oauth/token_key'], Ant [pattern='/oauth/check_token']]], [org.springframework.security.web.context.request.async.WebAsyncManagerIntegrationFilter@48277712, org.springframework.security.web.context.SecurityContextPersistenceFilter@628962e5, org.springframework.security.web.header.HeaderWriterFilter@6181bc4a, org.springframework.security.web.authentication.logout.LogoutFilter@3ff8a3ad, org.springframework.security.web.authentication.www.BasicAuthenticationFilter@7440265c, org.springframework.security.web.savedrequest.RequestCacheAwareFilter@399f5daf, org.springframework.security.web.servletapi.SecurityContextHolderAwareRequestFilter@50b4364, org.springframework.security.web.authentication.AnonymousAuthenticationFilter@3d53e876, org.springframework.security.web.session.SessionManagementFilter@4bf8b77, org.springframework.security.web.access.ExceptionTranslationFilter@604c7e9b, org.springframework.security.web.access.intercept.FilterSecurityInterceptor@72a3462f] 
2020-07-04 18:04:06.895 [main] [DefaultSecurityFilterChain.java:43] INFO  org.springframework.security.web.DefaultSecurityFilterChain - Creating filter chain: org.springframework.security.oauth2.config.annotation.web.configuration.ResourceServerConfiguration$NotOAuthRequestMatcher@51b51641, [org.springframework.security.web.context.request.async.WebAsyncManagerIntegrationFilter@362a6aa5, org.springframework.security.web.context.SecurityContextPersistenceFilter@1d3a03fe, org.springframework.security.web.header.HeaderWriterFilter@69a73867, org.springframework.security.web.authentication.logout.LogoutFilter@401ec794, org.springframework.security.oauth2.provider.authentication.OAuth2AuthenticationProcessingFilter@78bad03b, org.springframework.security.web.savedrequest.RequestCacheAwareFilter@f48a080, org.springframework.security.web.servletapi.SecurityContextHolderAwareRequestFilter@5f7cd50e, org.springframework.security.web.authentication.AnonymousAuthenticationFilter@53b7bf01, org.springframework.security.web.session.SessionManagementFilter@749d7c01, org.springframework.security.web.access.ExceptionTranslationFilter@16a09809, org.springframework.security.web.access.intercept.FilterSecurityInterceptor@18bb1b88] 
2020-07-04 18:04:06.899 [main] [DefaultSecurityFilterChain.java:43] INFO  org.springframework.security.web.DefaultSecurityFilterChain - Creating filter chain: OrRequestMatcher [requestMatchers=[Ant [pattern='/oauth/**'], Ant [pattern='/login/**'], Ant [pattern='/logout/**']]], [org.springframework.security.web.context.request.async.WebAsyncManagerIntegrationFilter@1008df1e, org.springframework.security.web.context.SecurityContextPersistenceFilter@365e65bb, org.springframework.security.web.header.HeaderWriterFilter@9f1ca74, org.springframework.security.web.authentication.logout.LogoutFilter@f9a5e3f, org.springframework.security.web.authentication.UsernamePasswordAuthenticationFilter@393ae7a0, org.springframework.security.web.savedrequest.RequestCacheAwareFilter@52f43225, org.springframework.security.web.servletapi.SecurityContextHolderAwareRequestFilter@55d1f065, org.springframework.security.web.authentication.AnonymousAuthenticationFilter@7ee12d58, org.springframework.security.web.session.SessionManagementFilter@67b8d45, org.springframework.security.web.access.ExceptionTranslationFilter@42b4df5a] 
2020-07-04 18:04:07.141 [main] [DocumentationPluginsBootstrapper.java:147] INFO  springfox.documentation.spring.web.plugins.DocumentationPluginsBootstrapper - Context refreshed 
2020-07-04 18:04:07.153 [main] [DocumentationPluginsBootstrapper.java:150] INFO  springfox.documentation.spring.web.plugins.DocumentationPluginsBootstrapper - Found 1 custom documentation plugin(s) 
2020-07-04 18:04:07.197 [main] [ApiListingReferenceScanner.java:41] INFO  springfox.documentation.spring.web.scanners.ApiListingReferenceScanner - Scanning for api listing references 
2020-07-04 18:04:07.348 [main] [CachingOperationNameGenerator.java:40] INFO  springfox.documentation.spring.web.readers.operation.CachingOperationNameGenerator - Generating unique operation named: deleteConfigItemUsingPOST_1 
2020-07-04 18:04:07.361 [main] [CachingOperationNameGenerator.java:40] INFO  springfox.documentation.spring.web.readers.operation.CachingOperationNameGenerator - Generating unique operation named: insertConfigItemUsingPOST_1 
2020-07-04 18:04:07.364 [main] [CachingOperationNameGenerator.java:40] INFO  springfox.documentation.spring.web.readers.operation.CachingOperationNameGenerator - Generating unique operation named: updateConfigItemUsingPOST_1 
2020-07-04 18:04:07.379 [main] [DirectJDKLog.java:173] INFO  org.apache.coyote.http11.Http11NioProtocol - Starting ProtocolHandler ["http-nio-8080"] 
2020-07-04 18:04:07.399 [main] [TomcatWebServer.java:204] INFO  org.springframework.boot.web.embedded.tomcat.TomcatWebServer - Tomcat started on port(s): 8080 (http) with context path '' 
2020-07-04 18:04:07.402 [main] [StartupInfoLogger.java:59] INFO  com.tjhnode.DataserviceApplication - Started DataserviceApplication in 6.763 seconds (JVM running for 8.469) 
2020-07-04 18:04:14.766 [http-nio-8080-exec-1] [DirectJDKLog.java:173] INFO  org.apache.catalina.core.ContainerBase.[Tomcat].[localhost].[/] - Initializing Spring DispatcherServlet 'dispatcherServlet' 
2020-07-04 18:04:14.767 [http-nio-8080-exec-1] [FrameworkServlet.java:524] INFO  org.springframework.web.servlet.DispatcherServlet - Initializing Servlet 'dispatcherServlet' 
2020-07-04 18:04:14.776 [http-nio-8080-exec-1] [FrameworkServlet.java:546] INFO  org.springframework.web.servlet.DispatcherServlet - Completed initialization in 9 ms 
2020-07-04 18:11:29.910 [main] [StartupInfoLogger.java:50] INFO  com.tjhnode.DataserviceApplication - Starting DataserviceApplication on tjh with PID 2204 (D:\JavaProject\dataservice\target\classes started by My in D:\JavaProject\dataservice) 
2020-07-04 18:11:29.919 [main] [SpringApplication.java:675] INFO  com.tjhnode.DataserviceApplication - No active profile set, falling back to default profiles: default 
2020-07-04 18:11:30.830 [main] [RepositoryConfigurationDelegate.java:244] INFO  org.springframework.data.repository.config.RepositoryConfigurationDelegate - Multiple Spring Data modules found, entering strict repository configuration mode! 
2020-07-04 18:11:30.834 [main] [RepositoryConfigurationDelegate.java:126] INFO  org.springframework.data.repository.config.RepositoryConfigurationDelegate - Bootstrapping Spring Data repositories in DEFAULT mode. 
2020-07-04 18:11:30.879 [main] [RepositoryConfigurationDelegate.java:182] INFO  org.springframework.data.repository.config.RepositoryConfigurationDelegate - Finished Spring Data repository scanning in 34ms. Found 0 repository interfaces. 
2020-07-04 18:11:31.203 [main] [PostProcessorRegistrationDelegate.java:330] INFO  org.springframework.context.support.PostProcessorRegistrationDelegate$BeanPostProcessorChecker - Bean 'org.springframework.transaction.annotation.ProxyTransactionManagementConfiguration' of type [org.springframework.transaction.annotation.ProxyTransactionManagementConfiguration$$EnhancerBySpringCGLIB$$8d7b12d8] is not eligible for getting processed by all BeanPostProcessors (for example: not eligible for auto-proxying) 
2020-07-04 18:11:31.247 [main] [PostProcessorRegistrationDelegate.java:330] INFO  org.springframework.context.support.PostProcessorRegistrationDelegate$BeanPostProcessorChecker - Bean 'spring.datasource.dynamic-com.baomidou.dynamic.datasource.spring.boot.autoconfigure.DynamicDataSourceProperties' of type [com.baomidou.dynamic.datasource.spring.boot.autoconfigure.DynamicDataSourceProperties] is not eligible for getting processed by all BeanPostProcessors (for example: not eligible for auto-proxying) 
2020-07-04 18:11:31.249 [main] [PostProcessorRegistrationDelegate.java:330] INFO  org.springframework.context.support.PostProcessorRegistrationDelegate$BeanPostProcessorChecker - Bean 'com.baomidou.dynamic.datasource.spring.boot.autoconfigure.DynamicDataSourceAutoConfiguration' of type [com.baomidou.dynamic.datasource.spring.boot.autoconfigure.DynamicDataSourceAutoConfiguration$$EnhancerBySpringCGLIB$$f70983a9] is not eligible for getting processed by all BeanPostProcessors (for example: not eligible for auto-proxying) 
2020-07-04 18:11:31.254 [main] [PostProcessorRegistrationDelegate.java:330] INFO  org.springframework.context.support.PostProcessorRegistrationDelegate$BeanPostProcessorChecker - Bean 'dsProcessor' of type [com.baomidou.dynamic.datasource.processor.DsHeaderProcessor] is not eligible for getting processed by all BeanPostProcessors (for example: not eligible for auto-proxying) 
2020-07-04 18:11:31.258 [main] [PostProcessorRegistrationDelegate.java:330] INFO  org.springframework.context.support.PostProcessorRegistrationDelegate$BeanPostProcessorChecker - Bean 'dynamicDatasourceAnnotationAdvisor' of type [com.baomidou.dynamic.datasource.aop.DynamicDataSourceAnnotationAdvisor] is not eligible for getting processed by all BeanPostProcessors (for example: not eligible for auto-proxying) 
2020-07-04 18:11:31.551 [main] [TomcatWebServer.java:90] INFO  org.springframework.boot.web.embedded.tomcat.TomcatWebServer - Tomcat initialized with port(s): 8080 (http) 
2020-07-04 18:11:31.564 [main] [DirectJDKLog.java:173] INFO  org.apache.coyote.http11.Http11NioProtocol - Initializing ProtocolHandler ["http-nio-8080"] 
2020-07-04 18:11:31.572 [main] [DirectJDKLog.java:173] INFO  org.apache.catalina.core.StandardService - Starting service [Tomcat] 
2020-07-04 18:11:31.573 [main] [DirectJDKLog.java:173] INFO  org.apache.catalina.core.StandardEngine - Starting Servlet engine: [Apache Tomcat/9.0.16] 
2020-07-04 18:11:31.578 [main] [DirectJDKLog.java:173] INFO  org.apache.catalina.core.AprLifecycleListener - Loaded APR based Apache Tomcat Native library [1.2.21] using APR version [1.6.5]. 
2020-07-04 18:11:31.579 [main] [DirectJDKLog.java:173] INFO  org.apache.catalina.core.AprLifecycleListener - APR capabilities: IPv6 [true], sendfile [true], accept filters [false], random [true]. 
2020-07-04 18:11:31.579 [main] [DirectJDKLog.java:173] INFO  org.apache.catalina.core.AprLifecycleListener - APR/OpenSSL configuration: useAprConnector [false], useOpenSSL [true] 
2020-07-04 18:11:32.607 [main] [DirectJDKLog.java:173] INFO  org.apache.catalina.core.AprLifecycleListener - OpenSSL successfully initialized [OpenSSL 1.0.2q  20 Nov 2018] 
2020-07-04 18:11:32.724 [main] [DirectJDKLog.java:173] INFO  org.apache.catalina.core.ContainerBase.[Tomcat].[localhost].[/] - Initializing Spring embedded WebApplicationContext 
2020-07-04 18:11:32.724 [main] [ServletWebServerApplicationContext.java:296] INFO  org.springframework.web.context.ContextLoader - Root WebApplicationContext: initialization completed in 2724 ms 
2020-07-04 18:11:33.036 [main] [DynamicDataSourceCreator.java:113] INFO  com.baomidou.dynamic.datasource.DynamicDataSourceCreator - 动态数据源-检测到druid存在,如配置中未指定type,druid会默认配置 
2020-07-04 18:11:34.168 [main] [DruidDataSource.java:930] INFO  com.alibaba.druid.pool.DruidDataSource - {dataSource-1,master} inited 
2020-07-04 18:11:34.216 [main] [DruidDataSource.java:930] INFO  com.alibaba.druid.pool.DruidDataSource - {dataSource-2,appconfig} inited 
2020-07-04 18:11:34.259 [main] [DruidDataSource.java:930] INFO  com.alibaba.druid.pool.DruidDataSource - {dataSource-3,applog} inited 
2020-07-04 18:11:34.306 [main] [DruidDataSource.java:930] INFO  com.alibaba.druid.pool.DruidDataSource - {dataSource-4,app} inited 
2020-07-04 18:11:34.307 [main] [DynamicRoutingDataSource.java:203] INFO  com.baomidou.dynamic.datasource.DynamicRoutingDataSource - 初始共加载 4 个数据源 
2020-07-04 18:11:34.307 [main] [DynamicRoutingDataSource.java:142] INFO  com.baomidou.dynamic.datasource.DynamicRoutingDataSource - 动态数据源-加载 appconfig 成功 
2020-07-04 18:11:34.307 [main] [DynamicRoutingDataSource.java:142] INFO  com.baomidou.dynamic.datasource.DynamicRoutingDataSource - 动态数据源-加载 app 成功 
2020-07-04 18:11:34.307 [main] [DynamicRoutingDataSource.java:142] INFO  com.baomidou.dynamic.datasource.DynamicRoutingDataSource - 动态数据源-加载 master 成功 
2020-07-04 18:11:34.308 [main] [DynamicRoutingDataSource.java:142] INFO  com.baomidou.dynamic.datasource.DynamicRoutingDataSource - 动态数据源-加载 applog 成功 
2020-07-04 18:11:34.308 [main] [DynamicRoutingDataSource.java:212] INFO  com.baomidou.dynamic.datasource.DynamicRoutingDataSource - 当前的默认数据源是单数据源，数据源名为 appconfig 
2020-07-04 18:11:35.222 [main] [PropertySourcedRequestMappingHandlerMapping.java:69] INFO  springfox.documentation.spring.web.PropertySourcedRequestMappingHandlerMapping - Mapped URL path [/v2/api-docs] onto method [public org.springframework.http.ResponseEntity<springfox.documentation.spring.web.json.Json> springfox.documentation.swagger2.web.Swagger2Controller.getDocumentation(java.lang.String,javax.servlet.http.HttpServletRequest)] 
2020-07-04 18:11:35.491 [main] [ExecutorConfigurationSupport.java:171] INFO  org.springframework.scheduling.concurrent.ThreadPoolTaskExecutor - Initializing ExecutorService 'applicationTaskExecutor' 
2020-07-04 18:11:35.887 [main] [DefaultSecurityFilterChain.java:43] INFO  org.springframework.security.web.DefaultSecurityFilterChain - Creating filter chain: Ant [pattern='/**', OPTIONS], [] 
2020-07-04 18:11:35.915 [main] [DefaultSecurityFilterChain.java:43] INFO  org.springframework.security.web.DefaultSecurityFilterChain - Creating filter chain: OrRequestMatcher [requestMatchers=[Ant [pattern='/oauth/token'], Ant [pattern='/oauth/token_key'], Ant [pattern='/oauth/check_token']]], [org.springframework.security.web.context.request.async.WebAsyncManagerIntegrationFilter@2d5ae78e, org.springframework.security.web.context.SecurityContextPersistenceFilter@318e3942, org.springframework.security.web.header.HeaderWriterFilter@c94bd18, org.springframework.security.web.authentication.logout.LogoutFilter@1d8be7b9, org.springframework.security.web.authentication.www.BasicAuthenticationFilter@4315fe1b, org.springframework.security.web.savedrequest.RequestCacheAwareFilter@1ddf42dd, org.springframework.security.web.servletapi.SecurityContextHolderAwareRequestFilter@72a3462f, org.springframework.security.web.authentication.AnonymousAuthenticationFilter@21f91efa, org.springframework.security.web.session.SessionManagementFilter@7cdfa824, org.springframework.security.web.access.ExceptionTranslationFilter@44492c06, org.springframework.security.web.access.intercept.FilterSecurityInterceptor@393ae7a0] 
2020-07-04 18:11:35.925 [main] [DefaultSecurityFilterChain.java:43] INFO  org.springframework.security.web.DefaultSecurityFilterChain - Creating filter chain: org.springframework.security.oauth2.config.annotation.web.configuration.ResourceServerConfiguration$NotOAuthRequestMatcher@419f0ea, [org.springframework.security.web.context.request.async.WebAsyncManagerIntegrationFilter@2d47b06, org.springframework.security.web.context.SecurityContextPersistenceFilter@28b5662d, org.springframework.security.web.header.HeaderWriterFilter@7717b4a0, org.springframework.security.web.authentication.logout.LogoutFilter@cf10c92, org.springframework.security.oauth2.provider.authentication.OAuth2AuthenticationProcessingFilter@3982206a, org.springframework.security.web.savedrequest.RequestCacheAwareFilter@34b2d51a, org.springframework.security.web.servletapi.SecurityContextHolderAwareRequestFilter@7e4ac598, org.springframework.security.web.authentication.AnonymousAuthenticationFilter@59371066, org.springframework.security.web.session.SessionManagementFilter@69b37f5c, org.springframework.security.web.access.ExceptionTranslationFilter@26f75d9c, org.springframework.security.web.access.intercept.FilterSecurityInterceptor@402a69f] 
2020-07-04 18:11:35.930 [main] [DefaultSecurityFilterChain.java:43] INFO  org.springframework.security.web.DefaultSecurityFilterChain - Creating filter chain: OrRequestMatcher [requestMatchers=[Ant [pattern='/oauth/**'], Ant [pattern='/login'], Ant [pattern='/login-error']]], [org.springframework.security.web.context.request.async.WebAsyncManagerIntegrationFilter@789dd6bf, org.springframework.security.web.context.SecurityContextPersistenceFilter@126a9a3d, org.springframework.security.web.header.HeaderWriterFilter@6c2883b1, org.springframework.security.web.authentication.logout.LogoutFilter@175ac243, org.springframework.security.web.authentication.UsernamePasswordAuthenticationFilter@152e7703, org.springframework.security.web.savedrequest.RequestCacheAwareFilter@7db47323, org.springframework.security.web.servletapi.SecurityContextHolderAwareRequestFilter@5529522f, org.springframework.security.web.authentication.AnonymousAuthenticationFilter@1e6d30c0, org.springframework.security.web.session.SessionManagementFilter@336e3be2, org.springframework.security.web.access.ExceptionTranslationFilter@43a59289, org.springframework.security.web.access.intercept.FilterSecurityInterceptor@517a46f3] 
2020-07-04 18:11:36.176 [main] [DocumentationPluginsBootstrapper.java:147] INFO  springfox.documentation.spring.web.plugins.DocumentationPluginsBootstrapper - Context refreshed 
2020-07-04 18:11:36.188 [main] [DocumentationPluginsBootstrapper.java:150] INFO  springfox.documentation.spring.web.plugins.DocumentationPluginsBootstrapper - Found 1 custom documentation plugin(s) 
2020-07-04 18:11:36.233 [main] [ApiListingReferenceScanner.java:41] INFO  springfox.documentation.spring.web.scanners.ApiListingReferenceScanner - Scanning for api listing references 
2020-07-04 18:11:36.390 [main] [CachingOperationNameGenerator.java:40] INFO  springfox.documentation.spring.web.readers.operation.CachingOperationNameGenerator - Generating unique operation named: deleteConfigItemUsingPOST_1 
2020-07-04 18:11:36.399 [main] [CachingOperationNameGenerator.java:40] INFO  springfox.documentation.spring.web.readers.operation.CachingOperationNameGenerator - Generating unique operation named: insertConfigItemUsingPOST_1 
2020-07-04 18:11:36.401 [main] [CachingOperationNameGenerator.java:40] INFO  springfox.documentation.spring.web.readers.operation.CachingOperationNameGenerator - Generating unique operation named: updateConfigItemUsingPOST_1 
2020-07-04 18:11:36.416 [main] [DirectJDKLog.java:173] INFO  org.apache.coyote.http11.Http11NioProtocol - Starting ProtocolHandler ["http-nio-8080"] 
2020-07-04 18:11:36.435 [main] [TomcatWebServer.java:204] INFO  org.springframework.boot.web.embedded.tomcat.TomcatWebServer - Tomcat started on port(s): 8080 (http) with context path '' 
2020-07-04 18:11:36.437 [main] [StartupInfoLogger.java:59] INFO  com.tjhnode.DataserviceApplication - Started DataserviceApplication in 6.852 seconds (JVM running for 8.595) 
